2016-09-02 23:58:35,108
SyncCheck

2016-09-02 23:58:35,128
window.synccheck={retcode:"0",selector:"2"}

2016-09-02 23:58:35,670
WebwxSync

2016-09-02 23:58:35,670
{
"BaseResponse": {
"Ret": 0,
"ErrMsg": ""
}
,
"AddMsgCount": 1,
"AddMsgList": [{
"MsgId": "5891423040694484915",
"FromUserName": "@6e8aa2b9604757c7a3d9cd1012bdcc9db988b0d8632eb6526cb2ecb26cc12c72",
"ToUserName": "@6e8aa2b9604757c7a3d9cd1012bdcc9db988b0d8632eb6526cb2ecb26cc12c72",
"MsgType": 51,
"Content": "&lt;msg&gt;<br/>&lt;op id='4'&gt;<br/>&lt;username&gt;7342076969@chatroom,7334478624@chatroom,wxid_fpito2m64qs422,2625353391@chatroom,wxid_ow3zyj9hh6bt22,zk-520-mj,lei1527358884,ccq19720523,7361478047@chatroom,7325478153@chatroom,wxid_5evoze3yxsfq22,wxid_gk8mcjc7zvzz22,xaiodongping,gh_3dfda90e39d6,wxid_cmxv52i4zbea22,wxid_mt83n7462gmi22,wxid_08794magg7db12,wxid_v3z7tprrt33b22,qq386523610,wxid_3b0iv4tliaws22,wxid_yf9p17ibo9g921,wxid_g0eo2somhy3e12,ncl4566732,wxid_1mh9ve4oggpd22,gh_0891ec9f728f,wxid_q64kr9n5r8fd22,wxid_dwlt4m5orxy031,wxid_5lue0i2ajlri21,wxid_5jvydo45gztg22,wxid_ckw77j5s736j22,wxid_19r6zfo3jw3h22,wxid_gk9tuzvvooq222,a728377660,wxid_0jlloqeynnx742,wxid_1ouug9sezi0q22,wxid_rzyxjhrne31j21,wxid_yr2ibt1gupvp22,lkmgydx,gh_9989c9147e44,gh_a9e2d3168207,wxid_brfd32a36r1222,q329684273,wxid_wuwtnsdexeoh12,kangxingxing7703,wxid_5akoj9zm30dr21,wxid_mown94dz4osr22,wxid_wr82gncpgxw122,wxid_wgf6rbst6cf621,wxid_vx0qmikanewl1,gh_00ad5eca0ea4,wxid_ex9308572a7p22,wxid_96t6fqredbgz22,wxid_ddqdbfkm9xz922,wxid_g8oo4jbfhpq222,aiwudinie,wxid_6jrtp4eyafeu22,ll1111118,wxid_v9ndffu85tjx22,w2581582,wxid_0aqdxs38sj3r22,wxid_g2d7rhnu5gh841,bailan2360,wxid_omrqa3bekg4x22,wxid_m7mvybcr06qw11,wxid_8mobd3hvhbtq21,baobao945201314999,wxid_d98zn3pydyro21,wxid_jrhye5ombszt42,q316668439,wxid_9a5cclo741vj22,wxid_s8f1vqhd5cc521,wxid_211ncuo4vl6912,gh_b9826bdc8d64,wxid_fmh8mwgl4daa21,qq691383565,wxid_hpjgnjzinams22,wxid_vqmauy2c6gdr22,wxid_ykfmo6diccv612,CX573192115,wxid_tbc415v0u7c522,wxid_1skjrxd54bh221,wxid_8fhhlsoho1yn52,wxid_n0me87oq67xb11,wxid_vc9zm19dbkhl22,wxid_lxt9546tgk0322,wxid_pbzloe14gcu922,wxid_pjve99a2g1ka22,zhoutao426624,wxid_2uvxao84b50n22,wxid_8iuuc5kvzp7522,wxid_vv6uo3kjrion22,wxid_o7m93b00wvm821,wxid_3i2bs0jmxl5a12,wxid_73l4kvcyxnat21,malx67,gh_7aac992b0363,wxid_zhotzgow551922,wxid_damk7nwml6mf22,wxid_e4v1f1pg0hfq22,wxid_ud8acn8l6syn22,amymeixi88,wxid_we188psa72b921,wxid_vkyhonep0qz622,wxid_uoosgbaacaw212,wxid_rdvuwunm5cyk22,wxid_jz90omw1ym1w22,cscs652,mphelper,wxid_ta2ppdpjxys422,wxid_d5dzv9d8j4m822,wxid_pvfsia17pfci22,wxid_wctzozhctfxr22,wxid_6018040181022,wxid_gecjgsshael921,amb_weixin,wxid_le4e9kiik92m22,wxid_9rsgfgbi4pbc21,wxid_2m6n301z60sr21,wxid_5afvobkzvx7e22,wxid_ikr8x6zyczwl22,wxid_7282362824221,mingming_lxm,1383984373@chatroom,2692398002@chatroom,wxid_1wc4f0dip5hv22,wxid_v1inkao71ypw21,wxid_pwkjkpuap2vf22,wxid_8zyeisw8wcsb22,Sakura5151,wxid_1ejsgfrclmbc12,wxid_o3yrpl7w4np22,wxid_sh14b0gatmpq22,wxid_uepdew2q7qu622,wxid_vortd6tnxlbc22,wxid_femygbpaxr8r22,wxid_9c3mlquvhgm822,beeveryday,wxid_s9mem75vcvr822,wxid_ukirt1gvuakx22,wxid_j8m9udfhekml22,wxid_77mctpfy9v9u22,wanshuntongxun123,wxid_jslw9ivohcpj22,wxid_fdirwctak7gj22,xiaoqi19880922,chenliangqin734310,wxid_fvejlobw4o521,xiaolushooter,yanxuegang8978,ly276820478,wxid_v8z1x4afoezd12,wxid_r5kh7etpvnt022,wxid_e2ll8vy3oxzm22,gh_741491a485a0,wxid_8bfbkmm16ypg22,biao892985793,w834642556,wxid_3923179229012,wf924394342,wxid_quwezxwf9skj21,wxid_cfxcxgwdheo422,wxid_gk2n9ll0ur6m22,wxid_5717blt8ja522,wxid_sjnv6bwakngc22,wxid_9iteuav63jsy22,wxid_s91zgyexrpkj22,wxid_tmnvp4usyavc22,wxid_dp8ljwosxw7b21,wxid_5625406253711,wxid_5t3whyvz71bd22,wxid_v9jpsqzot55q21,wxid_oizffpdjlfxr21,wxid_1887858879612,wxid_f1u4zgc7472m21,wxid_epj4gym6xtih22,wxid_fcgrnhldfw1m22,wxid_fromf82e9jvj21,wxid_a2lm0fu6d41t22,wxid_m3zwz5uyasrv11,wxid_a1un7d3eoqa922,wxid_7008610086311,yhx6866,wxid_o40e19s19uyg22,wxid_vdc9kgx5jrw542,wxid_fedojf6enrad22,wxid_kpyr9bzyq47222,wxid_y2hajkhvg5xe22,wxid_bvvgqbdnl8wv22,abcd717652881,wxid_yp5265ml12fk22,wxid_qmgmu11ril3r22,wxid_bqj4m70zf0r822,wxid_yj9bn1aq5mc821,lwchengloveher,wxid_gf5zc0t4ozie22,jianzao8812,wxid_kv99n1wbyrw822,ID15022290643,wxid_8wc89wxonzbc22,ZBH76815995&lt;/username&gt;<br/>&lt;unreadchatlist&gt;<br/>&lt;chat&gt;<br/>&lt;username&gt;MomentsUnreadMsgStatus&lt;/username&gt;<br/>&lt;lastreadtime&gt;1457878636&lt;/lastreadtime&gt;<br/>&lt;/chat&gt;<br/>&lt;/unreadchatlist&gt;<br/>&lt;unreadfunctionlist&gt;<br/>&lt;/unreadfunctionlist&gt;<br/>&lt;/op&gt;<br/>&lt;/msg&gt;",
"Status": 3,
"ImgStatus": 1,
"CreateTime": 1472831912,
"VoiceLength": 0,
"PlayLength": 0,
"FileName": "",
"FileSize": "",
"MediaId": "",
"Url": "",
"AppMsgType": 0,
"StatusNotifyCode": 4,
"StatusNotifyUserName": "@@e270023002d7bb8d0efcabbb316f0ae547e88f4131c3e2f298926d6dbdc4c9d3,@@e72944423874a8085a6e20c70c77f1da00e6573a8ca949d3f1e9f5228994f445,@765cc5be2578bb935713a13219d1912e3d27ef5da4491b64fbac00fb76cc806e,@@000c608af3e6277a803d74b349634c6199656a20bb3d410556119b50525658d3,@1ac200763a4e500d7c16a3b8b9a56a273b0841ca6e2351b945fec88b33eb3025,@c9539889e8bbbdad0500e81252707fab,@4dfd94097503fe5b8cdd897544cd763b,@53f6d7b716adf2cb026b1799459afea5,@@b8de4e2719bca4c0297de92510e8ed18d11b9ba4d5b68e75999702b52b7e2dfa,@@0998cd43816fa21eb4dcb7a447662f0456be6dd33b56db30ebe7feaf9ddebd55,@8204d80dfc6873da6684a26bb2445b6abe514753ce53c8e69d35f50866d16593,@a7510c5a363fbc9916f290a0ac0b212859245b42177bd5a27ed68551e5ecc927,@81f8db0238887ed8e4aa7f6ec0b12d23,@7762d924c642d41cf16937f587304bfc,@3f8d3fc86b202283a046f230e8a235aa168889a7ef65b6d471af8a9c61568bd7,@6b804fc14412a63e59a92055f2104c8c6aa7b8375f0e46d7b61f42269c0d2131,@b5fe6eab89a0a7211facb04e00c5329dc7c2da5248c3832f7e54652e8f69c872,@b308653579a75beee19be14e309dccd81180d397e4e675904e89245235a95c28,@1a9ef424ef424530abb55fd5612f8253,@f51c9591a267a84505560c85957c5980fe3cf30afb6d1bcfba398791f870fdae,@e07731e62083d8726b496707fbb1d0819ce3873f9a1117e5dc89e528169a538b,@c9c1749a29a2a97d416deb4c17ed8e3c174e3bacc6d029d43510e39dd689b763,@58b7f3ee187a3230cadf7650c299a870,@07ce7cd3386529df0f11521f636f34609ce812bcc3a5451446e00f5eb537b9f1,@34f2beda584ebb1b9a238be16892a791,@50f783a924221227f85cb34d1bec17ab14cce63d6cb08c503681522492a4c752,@4fe3de1844bf568e6bca3271c1abc80dc3fbcbc187e0c776315655f1323c61bb,@4c371a9aa512c499ad78bb8da1786790ea6961684985a83d982abe00e53d1bd7,@2e3d3f046f50dd02da67f499c54c68a7db102e0a0c04b7490b081eded1e109ed,@187087fc53ea5110701779496863338db36f6e0edfaf98083b380cf25a1e2a7f,@0bd4c18b9c94f39d5fddd40485ee9004ba1cb26e42b5e0b46600ff5ebd338f04,@3ff1c68487cd7eded03e3dea65c6b0f1b31a98b59691cc3f97d9892ddccc48f3,@7e420f396e8c7b8837f9781293576979,@418a069c88769192bc6201fa16d36c5c8807327f15188e870c660f0845329e98,@4f15672fb751bc94dcc3799a9f1b617850ac043c246b54914d19ca8fed36ed33,@6e8aa2b9604757c7a3d9cd1012bdcc9db988b0d8632eb6526cb2ecb26cc12c72,@065e7093b5d928ea4d1fd5161ea36d4e3dd9bd8069724c7c8da2f93120f80a92,@451a7c21c841c87e4384f9fb766b80db,@384e34956f30543bfec2a5874da6ec5b,@54a735d3b88d98a02a16a1af15f4a328,@dfda2a42232b0efd3d0f6ea1fcbc37e2127262c388ea61066b18202fbc70fade,@a60d0efcdd6d059c3835749736ba01cf,@354f6a408fafe8ae23f3808a39e1ca33c7b8d5b64157de3f3d7c5dcfc22a5a70,@07225334f0996f2992d356c507cb4ca5dc12cdb8b407a89679a69e7c51377deb,@ee803f87c201506eede33a358ff3fd260a151c22d2494a57b86a482fb4a38b16,@c7efda9c2e375ee023039362400fb4747f5e1f9d49062c47dacf81ea4f0d807f,@71c50156b857258f2c92fd62febce87bbdb528b076aa55ef9ce96ebf63ed69dc,@e731db9780526ee59382d5a275ee4e1fa73e91e8b5d52486cd88777bf4f1a409,@3c2f84e1e8743dbe9dd6a0c98d2536ff4da646fb581b1efca48ca02d61da6a71,@9a759d9152b08e1b31cff0cbf463cec9,@87a900fbf17b02a482f2cea132602f00a972345e72bdfff64ccfb1c7d08b57ec,@70e04e12088eef43d3e8ab7cf169016d96c7f9ef1e77476185d952bf1bd34cae,@16f38540f9b156b83272a845b7783fb947679b50ef5b04bf215f603bbb5ddc60,@4293f2bfa35ce8820f3f8c22e4ef13cb14846485c3a6511cf1e84bd04c767512,@d3c2e9f3ee60dcdbf0abaf643458ed9d,@5f7570a196fc633c27e9d7a4806f803e9449bb2346c1f0fe6a57aee5adfd5a72,@fd98faf89bf72b0c32b239cb6c188b69,@eabe95a18fa2b349a37984189efe085bcb4e15d69ce88fd5c3cc5f68b1253e8f,@82369662b73cd6ea4e296e5bc40d7d61,@301bd93740ace9e1b0981c3f6e9812ad70c4011cc356278f5eaa2a0936a6d3ea,@22c7d8129bcf9c2a866e729ad424f7ee0097790d652e63cd5d9396a940be7c3c,@3bb47f4aff162ebd11ddee069f64f934,@1ba6c333c9212cfc021e9158fef7014e541863fa95bda579aedd7068eff44dd4,@4c3c3cf5581add3ff8f49c980865a0527189b6c1415c260b500fa5907664be97,@cbdf8b24c9f4c1d76b2223444faf828bbc9b2d6970b9b4d23444de9e266195e4,@59dad410b8241071b5f629e83412b627a1d226a8181b53a52efca79578f1432c,@9876036955f2da7cdd20bc1a308d8f7508d9d540973a2aa54be8cf7749bc5188,@9facc7a7832ad9ce53cde3524c4676319b0af9c1e1422b2411acf6efe56325ca,@ca83818bdb426a1aad6215323ac38147,@d0d48571919530c10c3070175422bd27395f680746e863b4add4f102affa5226,@aab3c059c4904f5c00919cef041983958691b87169098fb5190f1026764ced62,@301a7c29de296de3b5bfa28d6674e00089d836825b557b7a2096345fbb6a8c6d,@3d29d36940c0d442f206119c70f50951,@c817862b73c99c977343737a830f634976d0cbe53f9705672064dc434654abff,@d7ad467437e59fb96101a98012090482,@6827e72515dd554526aa79ffeefad5fd755af3df864d1f09bcde9d508ac9da90,@2401052a790e9a8c7e8c34ff294d5402bc3ceb2bb9e1762683e4d4d71048cfb6,@17b3d5606e4ab11137c36768790980bef43551871baf3e51cb2552e26ee96e54,@c5afbe82b17dd6de0639ad288b04beb2,@bf892e74b35b13f074928ba0613bae731de767e3f7eea98b0b4350fd6216f10c,@5245ce18ede6d8c5c785ec8d392d4c3f2049ae1c2c8941c4e7195feed8aaf809,@3c2c05674dcd4e05a806c55d71888ec73ebcdd6ff0bc69fc1c9d5193983ff9ff,@a2f5083467fe31c6672e35a78d12879c8c5c21519b8031c2d1106278ee60db4f,@4ef24a14127ce4ef592a286827ddc750b764adf894c7d26d86892304826b7ad0,@68a822245990ffde4992d4dcd122243aa8e329fc1197ca1c148f80b072cef2bd,@9472b30df14de4f4df1a0c2bc0661b0997946e12e8f57e6c0544cf816d00dc12,@6fe538d67e03ea4ee3f51a967d774d17e13faf5efc879021a7673e610dcf6738,@4f19772764b1c67190b3bd2428243053,@651d05ada1178597a4713dbf3b49b794ea7799585109aad421d9f94dc5de4953,@a9d56c68347c478d0b60b37b7ccf2c54334b44d79032daa33313a88359a9eac6,@b24ebf16858d3964dfc1453758471b433b81532b0fc2381edab4ada274a5e8b3,@dc13cd20d6a0392076cfca1a57db873703fece76c455aeea30da9674cecdaf2f,@8bda1d55b070171f9287f863a3104d501516e46e9f389e0a18accc1d6db47faa,@fb597de9ade74f6705c0a60d2f0dfd471119a74b4353229c4f8a4efbc3a3bd64,@2c929e9707d8069649077bede8defb44,@72c94f254e8349c7c969ca53ec5b748b,@fa0703fa12fa339e768f61a0c2b5c65da5b8c2dbcd587413d5e3df2f20ba251c,@7fbc86c7853bfabd562e3c1847a6241bbbc00b0ad18f75c55dfc3feea056e55d,@a1987c9c81c8a7a5edc9efd10246a0e4bfde5a9d68b42686f27f9841514e2401,@4b98db4adff81ca210795fbe6da46fb607d7c4c9b3fa351f8adff7243ede5475,@04ebe4de13eaa6879060e3d4297b8575,@ba6f70c50b2ac55a9057b3ea3f0bddb7835f67ce2fee4a65d33c0096a6f74e27,@0477726d222bff0751616fd4acbd72b5d4444e55685ec232be548ed7f4b222e9,@b6055269ab50f823785ff83d56035f9f056a2fcc0eb525533090977cc5d252f6,@0e81ebd59c32480ba1d81f698ddd705fca88043f6ec7a5053d3bdb5dd56cea3a,@a67242599f1b6beaab4f8e65e22e63ef7cb85705883a9c626c202ba1c86a3259,@8aa6bc96283a2d26c6a9a5274339f3ce,@0d8974dfcd09dff02e87ead6268fa3e1,@5b4f13c69766771036050f8c9182473868b221f1cfd9bc2d5e5275c444750030,@f37e2f0254b33fb12d771d011ab0fd97fbaa1f70643d11fa077fb6347a703c48,@23b1877d783766cf74294921026121c3c670fdc82f6e8c693503037951a487a3,@7048854c1919d5f1d6fa826a642843ebde12ccd991748f7d31d51ba514e594d6,@c06fbbbf68fa128e5d342686fa197397fa6b8b3e082cbe701135c6e868870a0d,@08187bb0392a7c24b9916a15a0dc0a707f153c8ab3df96f5a86cd2bd56f6ed00,@a6d7a3190df400b982f439456dd646fe,@34fb2b0fb08ba9a493e34e60c0341906434ba86c69468c926da4351d6b5a5626,@82e7d4aeff51e2567d13176feaf3af6374a27fc79d3c051731e3ce10b0735b0f,@1c12eb192068fe1d312208ef290957bda0d0713dc8f50756b7bd76fce18176bf,@98a3ddbf921fab4fb39f99dc4cea042bd98957265dee48e7a704de6784ab3890,@77e5687b2b831052cce4c3adbd63f838be0d2b631dbb86964176914d26cca516,@8729678cc58c212c0474a6e727f66892c7001f75133df9d3134a118bb339e9f7,@81784284960e41ea05ebeeb9e1c6cd50,@@8ddff912f727bd78580f58c52e34e5f4dfc6ea594faaa44ddd16502f810d6563,@@d672372bfa4de3591c7fd5137e0ab2e40ae9f467acaf966d1706ce41905ff9be,@7efdcc01dd67787e1963b4333de1ce3de86b510b10bdb4c295a639146f4ff7c2,@87f9e5db82ee628ff144b951bb5991400548ba4e8059f466ff0f5f7ca5cb1cb6,@587466483d65512c93cbd0c10d06484699e6866fe606e91f11b8448d4a6a9874,@8cf5b8b1c0a1be4c06525a7478936bd235b1e8fffaf6505b2e4e93c9ae266997,@ba0501fc4b5988f6014a21cc73fbf256,@33c231b5b32869551e2b22c5717bde5501ccb78c3e21d3428b79723f448c354c,@346adeec764f76a907489c57de8c708acf6fb3a97070fbad7a47553cbda35d10,@b774dceabaf41e1fc6e04b2cdd3ebcadd4e11ca2893ceb3b68a23577dd87aa82,@e220eab6f082fd39446810edbdee8fb279bc3f87a6905b24536cfb68b5446ce1,@794f6adbeec8c27744c143bead7360963550003855de05ef6968a5d81e711b75,@8eb2e221d6915cf24bb6349624e31a1f330935a89d52bd7ac68107889b5dfa18,@d2bfc16500b766dcac4b4c5278745a784507b442f07b92c74afeb77fdeb7e9e0,@8b8ce00c88fd555106d02a848bad4338,@63c20cca4182be266be73cda5b0e93051e384b81a24654d053734ddedcad7988,@0afec55ffd0ac0c6e3bd0705b6995230c2e126e422efa591329b99e9c88793a0,@3176ed34b65dcca719bb93e98a7e30d3105f8c89a9c46c1ca05379afadc0b8a6,@3c20a31e52bf5881b59ac245198c40eefbbfd2754a82c2972da2ec4d3d8110e4,@995e2979bc05b5160bb311e11923637701bbc7251d12536f51d02e87e356a9c4,@07759fdbb5a676a03f606185d44c88950e68f1d6db38760a731f9c6f457f9e9d,@056a70a116114f1f9a3ebaf594207b075f9ef3e64102e4a2a3039e117d7d51dc,@ec00b6a8201819626d4a962a540ccabe,@4109abecd4b29a114061fb946ca5baa18661201a37fbc2166a0606f90018fb81,@937f6da9e9dfca5c7e10568243ec9a3f1787728cdb63cb8b7ff376a7695d787c,@45874351323a3379d14579369360f8f6,@7c56c1b9e42dd10d208b4ccb5f09bd5d,@aae37977d703d4a76f08896d6f6ba9c7,@34bd5f5627b3259f39fc5f3ff23da4acb20bbe3bf3df55331366f3aa1498e149,@98e80732562080628a496618b7fccfff710fb88326d0609fc418415eecbf4d2b,@58fbd0711496cb3fd493673797e4ce2b850a660d44f659e2e1e8abd71802af70,@12d349f28ca009f917f54cf31638576b,@2030dc11b9670051ad108d2842f11b361d995103c7006f4e928f439d0b36fcd8,@5007cfc1007d544172001303a71edb40,@6c84b5862895404208a1d8ae81a70f1c,@693a36e4fa7c9761c8ddc5850981b60affe362a2c0dd0f36e1851e0361be8758,@a10da61c6f267767169affd5c9a49753,@737af946841550ed720b9ff04cdd65726eae431387b29bf50dcd74c25b29f956,@60c9b056dd80502ef2db3039fe7e507687bd27edc70dfe41231ba0b4115eac9e,@545e7dce28ba5e2f310f67396f57519644ccf7bfa70bf9d4aa5dc1c67f4f602d,@b5ed29d4eb914f7fe0e63ff6a30f0520baa91d4a307de6142b6477c35bc7f422,@46ccacda4901f030b001afcb91b9ac0460ad4d5ca0ab2e3e9a2797515e2981a8,@5bfe8024823b9b3e8c0f4ec7a82432d908e9a5d2c24b3887c30a215785d1c821,@ef0a399aca1ce8e2c05db987b5dd846aab00bc935d0f2216f3069867776c4cb5,@aba0073d98ecc89f77063e0a5409263de2f782bf7ba8502c99fb15ca7131f12e,@9ef39e4489c93042d5d22a1b51f31c7e57e471f6b87b68c58bc1fb2fcb9242bd,@ebe0ddd6d7f0744b4279f4889120f12acc8253fb999b14d7d39fb1195bd59249,@a8f87ad443ac83a180e4eef69f9922641543a675aa46b7c7d4643a09e10dc4aa,@f9a2c433bf9f08909ad231934d6b7b8f63d6cea0bfdcc654db70f7f3994c1b8e,@e544769bb5806df0f0e9732b5a7c0f31ca2bbe97960825b8a17a0e7ce85145e3,@731f4215171abea9949f51fc125ca29ad74b22634460a00af05cfe9787788492,@67119209a9e0806123f7c26c66675983b2a54f4f37a777977212fb4cba7c42b3,@c07bc6329fe35e8fc992488e07bd11928e6785a974302da77a81f3d16564035e,@e08f9ed58bd4bffc7f6f855d65cf87ca2867b2b379f03e1f858bfdcf8d73f9c5,@61be0b307aabf041ce830043e7ba984344099e54e4e6934e666fef9a668d2633,@cd6f0d54ca9e8f459022b7845f58dbab024875b2b08cdb20de7424eb93ec30e1,@d1f423e10431c2a75d0bbe38094310274380dd5b81722b92233076fe49795c19,@d75226d87fe906b6716e63f02209ea746a097070cb44622d9aa012d3255ff88a,@9c0ada6506ac82367139e232265f0839a0d7d6349492d1401aa0f8dc5bcc48da,@dbabafc4f45850e28c1fd9ff9985973e,@16ec00c6478088906628786d5db796e2944b50dd48ae7d5401a7e424ba447b8f,@1009ca48a4a7d0d920083ddccb30ab3650b9a0e933f847d1e6ad662f08b86b5a,@a3c5339528e4a580ac9aba092d83f1894c98ba04eb1891fb2441e9405345e162,@9209a2f5e93d359c174289b066d7b93fa61d0bc76a27ff6504dcbaba42a5413d,@70f4639bb1e79daeba4e6b4d453cf15bd0ce830d051022b589ec4da7853c541b,@1db1e95a8687fbbd12589acc8e2dafe4c885df3541562ceda777670df81f28f5,@2565b640349321be57df357eb9d1a4b4,@f492061fcd402fd900c7571fa76789605efbad84c8aca5c698a31bee1621e852,@f1289a8b7e13b03c14ed54251e4e9bac381d011071e35982c5c2eecea9956104,@a0f5440b707eb8170ac1d26045ee7659afe7a97f4f069f41918923b4cc25f24c,@02dd1390961d2e10b51690b0c3ec4daf0228f2c531a62c3b3550d45ecc75d4fa,@98e42b20615235dd4b4f77548eba8719,@cae63e2ef59f1f7756a3bf43ab8079e4aaf8f41af472bfe0c0e435cbb762b634,@24b23a01366515e53f0c0a0ee5a8e9e6,@bf98e6bc83317c7e22d7f343cdb40a63eeed88baa9b30c974c96ac84834beb87,@b6654abca8433d951fa22338c025cbf3,@aeca766622344e7b303e37424e94bea0168010d442752b0a62fbef4d5ae06036,@9cc160f1f4a7261e77019ff9fd96a016",
"RecommendInfo": {
"UserName": "",
"NickName": "",
"QQNum": 0,
"Province": "",
"City": "",
"Content": "",
"Signature": "",
"Alias": "",
"Scene": 0,
"VerifyFlag": 0,
"AttrStatus": 0,
"Sex": 0,
"Ticket": "",
"OpCode": 0
}
,
"ForwardFlag": 0,
"AppInfo": {
"AppID": "",
"Type": 0
}
,
"HasProductId": 0,
"Ticket": "",
"ImgHeight": 0,
"ImgWidth": 0,
"SubMsgType": 0,
"NewMsgId": 5891423040694484915
}
],
"ModContactCount": 2,
"ModContactList": [{
"UserName": "@@e270023002d7bb8d0efcabbb316f0ae547e88f4131c3e2f298926d6dbdc4c9d3",
"NickName": "这是测试",
"Sex": 0,
"HeadImgUpdateFlag": 1,
"ContactType": 0,
"Alias": "",
"ChatRoomOwner": "@418a069c88769192bc6201fa16d36c5c8807327f15188e870c660f0845329e98",
"HeadImgUrl": "/cgi-bin/mmwebwx-bin/webwxgetheadimg?seq=0&username=@@e270023002d7bb8d0efcabbb316f0ae547e88f4131c3e2f298926d6dbdc4c9d3&skey=@crypt_824100a9_d9cc7b16e7ca5449e028a5e092ce9e32",
"ContactFlag": 2051,
"MemberCount": 3,
"MemberList": [{
"Uin": 2629397701,
"UserName": "@418a069c88769192bc6201fa16d36c5c8807327f15188e870c660f0845329e98",
"NickName": "朱攀",
"AttrStatus": 185,
"PYInitial": "",
"PYQuanPin": "",
"RemarkPYInitial": "",
"RemarkPYQuanPin": "",
"MemberStatus": 0,
"DisplayName": "",
"KeyWord": ""
}
,{
"Uin": 1740039985,
"UserName": "@6e8aa2b9604757c7a3d9cd1012bdcc9db988b0d8632eb6526cb2ecb26cc12c72",
"NickName": "不服输",
"AttrStatus": 235813,
"PYInitial": "",
"PYQuanPin": "",
"RemarkPYInitial": "",
"RemarkPYQuanPin": "",
"MemberStatus": 0,
"DisplayName": "",
"KeyWord": ""
}
,{
"Uin": 66007166,
"UserName": "@8bda1d55b070171f9287f863a3104d501516e46e9f389e0a18accc1d6db47faa",
"NickName": "周",
"AttrStatus": 103205,
"PYInitial": "",
"PYQuanPin": "",
"RemarkPYInitial": "",
"RemarkPYQuanPin": "",
"MemberStatus": 0,
"DisplayName": "",
"KeyWord": ""
}
],
"HideInputBarFlag": 0,
"Signature": "",
"VerifyFlag": 0,
"RemarkName": "",
"Statues": 1,
"AttrStatus": 0,
"Province": "",
"City": "",
"SnsFlag": 0,
"KeyWord": ""
}
,{
"UserName": "@@e72944423874a8085a6e20c70c77f1da00e6573a8ca949d3f1e9f5228994f445",
"NickName": "一群",
"Sex": 0,
"HeadImgUpdateFlag": 1,
"ContactType": 0,
"Alias": "",
"ChatRoomOwner": "@765cc5be2578bb935713a13219d1912e3d27ef5da4491b64fbac00fb76cc806e",
"HeadImgUrl": "/cgi-bin/mmwebwx-bin/webwxgetheadimg?seq=0&username=@@e72944423874a8085a6e20c70c77f1da00e6573a8ca949d3f1e9f5228994f445&skey=@crypt_824100a9_d9cc7b16e7ca5449e028a5e092ce9e32",
"ContactFlag": 3,
"MemberCount": 5,
"MemberList": [{
"Uin": 127252414,
"UserName": "@765cc5be2578bb935713a13219d1912e3d27ef5da4491b64fbac00fb76cc806e",
"NickName": "奇点娱乐",
"AttrStatus": 4197,
"PYInitial": "",
"PYQuanPin": "",
"RemarkPYInitial": "",
"RemarkPYQuanPin": "",
"MemberStatus": 0,
"DisplayName": "",
"KeyWord": ""
}
,{
"Uin": 247023537,
"UserName": "@f3666e6378a172554b37803f115fd6c567baeeedaa385fb845e6eb8166b59a63",
"NickName": "计划员",
"AttrStatus": 233507,
"PYInitial": "",
"PYQuanPin": "",
"RemarkPYInitial": "",
"RemarkPYQuanPin": "",
"MemberStatus": 0,
"DisplayName": "",
"KeyWord": ""
}
,{
"Uin": 1740039985,
"UserName": "@6e8aa2b9604757c7a3d9cd1012bdcc9db988b0d8632eb6526cb2ecb26cc12c72",
"NickName": "不服输",
"AttrStatus": 235813,
"PYInitial": "",
"PYQuanPin": "",
"RemarkPYInitial": "",
"RemarkPYQuanPin": "",
"MemberStatus": 0,
"DisplayName": "",
"KeyWord": ""
}
,{
"Uin": 1740179612,
"UserName": "@729c42035694c846a32b41e2a8ae3792d038d8b8e1477b58c303b4f58c605b27",
"NickName": "<span class=\"emoji emoji1f233\"></span>门",
"AttrStatus": 69733,
"PYInitial": "",
"PYQuanPin": "",
"RemarkPYInitial": "",
"RemarkPYQuanPin": "",
"MemberStatus": 0,
"DisplayName": "",
"KeyWord": ""
}
,{
"Uin": 474506287,
"UserName": "@e1894dd1ebb0201124fe8a3e158a9b0bbac814aa8dbb8d67cd58bca54426aa57",
"NickName": "群主",
"AttrStatus": 135203,
"PYInitial": "",
"PYQuanPin": "",
"RemarkPYInitial": "",
"RemarkPYQuanPin": "",
"MemberStatus": 0,
"DisplayName": "",
"KeyWord": ""
}
],
"HideInputBarFlag": 0,
"Signature": "",
"VerifyFlag": 0,
"RemarkName": "",
"Statues": 1,
"AttrStatus": 0,
"Province": "",
"City": "",
"SnsFlag": 0,
"KeyWord": ""
}
],
"DelContactCount": 0,
"DelContactList": [],
"ModChatRoomMemberCount": 0,
"ModChatRoomMemberList": [],
"Profile": {
"BitFlag": 0,
"UserName": {
"Buff": ""
}
,
"NickName": {
"Buff": ""
}
,
"BindUin": 0,
"BindEmail": {
"Buff": ""
}
,
"BindMobile": {
"Buff": ""
}
,
"Status": 0,
"Sex": 0,
"PersonalCard": 0,
"Alias": "",
"HeadImgUpdateFlag": 0,
"HeadImgUrl": "",
"Signature": ""
}
,
"ContinueFlag": 0,
"SyncKey": {
"Count": 9,
"List": [{
"Key": 1,
"Val": 644995582
}
,{
"Key": 2,
"Val": 644998358
}
,{
"Key": 3,
"Val": 644998277
}
,{
"Key": 11,
"Val": 644998347
}
,{
"Key": 13,
"Val": 644960002
}
,{
"Key": 201,
"Val": 1472831912
}
,{
"Key": 203,
"Val": 1472831370
}
,{
"Key": 1000,
"Val": 1472829486
}
,{
"Key": 1001,
"Val": 1472812412
}
]
}
,
"SKey": ""
}


2016-09-02 23:59:00,711
SyncCheck

2016-09-02 23:59:00,711
window.synccheck={retcode:"0",selector:"0"}

