2016-09-07 14:16:24,736
{
"BaseResponse": {
"Ret": 0,
"ErrMsg": ""
}
,
"MediaId": "@crypt_57b9eb94_09e44755e37a0ed90b5b18ec5bb60c1ca6d57870291bc94bfd13ede3f06c6800171b5ead4d1a8d8ef068ce0041ff685dabfe3dcb2b8de45352ce297b8a8a372e47e73478c282b0b6834e4640d7f0b937bc538d51dcde64453efe9fa3f63aee4a6597d54bd9f4389d8a17ab3873ee7ab2355fe5010d7e68b5b27b20c971873ca363bfe338533a32a6d4a998357d1963ceb537137122f0d87a0e683f8baa193fcb3853bed1392c2ae6bd9877e04dd3af6fb1a63b67c3fa12c8d47fb9092f3deb0929104fe05c0bde341a0e3694230e13d15d700deed933b2c2e9452a86a800b559c691ef5e9385211554b54aa45e64844867c5d0d5dc4801ed8fb31b2d10b17ebec85e66a47b1eeb52cd48e471d2a7d50e057c127e94b8ef5c234d3744e2cbec343543c69a22a9550b9c92573ca999c6174ef0ebe8b6923a5d3c0aec26d3f7e954ef24d88a15aaa10734a77a56671de324b065137450c23794c6391579e2733657",
"StartPos": 121782,
"CDNThumbImgHeight": 100,
"CDNThumbImgWidth": 95
}


2016-09-07 14:16:24,806
window.synccheck={retcode:"0",selector:"2"}

2016-09-07 14:16:25,136
{
"BaseResponse": {
"Ret": 0,
"ErrMsg": ""
}
,
"AddMsgCount": 1,
"AddMsgList": [{
"MsgId": "7316328925036608128",
"FromUserName": "@a73ed3bf51769f5453fa91bf60251ba33d0f2080f949152610cbbf78ebcc289b",
"ToUserName": "@a73ed3bf51769f5453fa91bf60251ba33d0f2080f949152610cbbf78ebcc289b",
"MsgType": 51,
"Content": "&lt;msg&gt;<br/>&lt;op id='4'&gt;<br/>&lt;username&gt;7317539037@chatroom,wxid_0jlloqeynnx742,2625353391@chatroom,7342076969@chatroom,lei1527358884,hngzzy,wxid_eez5jd62rik322,wxid_08794magg7db12,wxid_6jrtp4eyafeu22,xaiodongping,wxid_pjpigq61uwcl22,wxid_p8qzl8s61r0j22,wxid_rdvuwunm5cyk22,wxid_wgf6rbst6cf621,wxid_cmxv52i4zbea22,7334478624@chatroom,wxid_fpito2m64qs422,wxid_ow3zyj9hh6bt22,gh_2fd49edce0c6,zk-520-mj,gh_c271cc4d3929,gh_8e26cd7f90fb,ccq19720523,7361478047@chatroom,7325478153@chatroom,wxid_5evoze3yxsfq22,wxid_gk8mcjc7zvzz22,wxid_mt83n7462gmi22,wxid_v3z7tprrt33b22,qq386523610,wxid_3b0iv4tliaws22,wxid_yf9p17ibo9g921,wxid_g0eo2somhy3e12,ncl4566732,wxid_1mh9ve4oggpd22,wxid_q64kr9n5r8fd22,wxid_dwlt4m5orxy031,wxid_5lue0i2ajlri21,wxid_5jvydo45gztg22,wxid_ckw77j5s736j22,wxid_19r6zfo3jw3h22,wxid_gk9tuzvvooq222,a728377660,wxid_1ouug9sezi0q22,wxid_rzyxjhrne31j21,wxid_yr2ibt1gupvp22,lkmgydx,gh_9989c9147e44,wxid_brfd32a36r1222,q329684273,wxid_wuwtnsdexeoh12,kangxingxing7703,wxid_5akoj9zm30dr21,wxid_mown94dz4osr22,wxid_wr82gncpgxw122,wxid_vx0qmikanewl1,gh_00ad5eca0ea4,wxid_ex9308572a7p22,wxid_96t6fqredbgz22,wxid_ddqdbfkm9xz922,wxid_g8oo4jbfhpq222,aiwudinie,ll1111118,wxid_v9ndffu85tjx22,w2581582,wxid_0aqdxs38sj3r22,wxid_g2d7rhnu5gh841,bailan2360,wxid_omrqa3bekg4x22,wxid_m7mvybcr06qw11,wxid_8mobd3hvhbtq21,baobao945201314999,wxid_d98zn3pydyro21,wxid_jrhye5ombszt42,q316668439,wxid_9a5cclo741vj22,wxid_s8f1vqhd5cc521,wxid_211ncuo4vl6912,gh_b9826bdc8d64,wxid_fmh8mwgl4daa21,qq691383565,wxid_hpjgnjzinams22,wxid_vqmauy2c6gdr22,wxid_ykfmo6diccv612,CX573192115,wxid_tbc415v0u7c522,wxid_1skjrxd54bh221,wxid_8fhhlsoho1yn52,wxid_n0me87oq67xb11,wxid_vc9zm19dbkhl22,wxid_lxt9546tgk0322,wxid_pbzloe14gcu922,wxid_pjve99a2g1ka22,zhoutao426624,wxid_2uvxao84b50n22,wxid_8iuuc5kvzp7522,wxid_vv6uo3kjrion22,wxid_o7m93b00wvm821,wxid_3i2bs0jmxl5a12,wxid_73l4kvcyxnat21,malx67,gh_7aac992b0363,wxid_zhotzgow551922,wxid_damk7nwml6mf22,wxid_e4v1f1pg0hfq22,wxid_ud8acn8l6syn22,amymeixi88,wxid_we188psa72b921,wxid_vkyhonep0qz622,wxid_uoosgbaacaw212,wxid_jz90omw1ym1w22,cscs652,mphelper,wxid_ta2ppdpjxys422,wxid_d5dzv9d8j4m822,wxid_pvfsia17pfci22,wxid_wctzozhctfxr22,wxid_6018040181022,wxid_gecjgsshael921,amb_weixin,wxid_le4e9kiik92m22,wxid_9rsgfgbi4pbc21,wxid_2m6n301z60sr21,wxid_5afvobkzvx7e22,wxid_ikr8x6zyczwl22,wxid_7282362824221,mingming_lxm,1383984373@chatroom,2692398002@chatroom,wxid_1wc4f0dip5hv22,wxid_v1inkao71ypw21,wxid_pwkjkpuap2vf22,wxid_8zyeisw8wcsb22,Sakura5151,wxid_1ejsgfrclmbc12,wxid_o3yrpl7w4np22,wxid_sh14b0gatmpq22,wxid_uepdew2q7qu622,wxid_vortd6tnxlbc22,wxid_femygbpaxr8r22,wxid_9c3mlquvhgm822,beeveryday,wxid_s9mem75vcvr822,wxid_ukirt1gvuakx22,wxid_j8m9udfhekml22,wxid_77mctpfy9v9u22,wanshuntongxun123,wxid_jslw9ivohcpj22,wxid_fdirwctak7gj22,xiaoqi19880922,chenliangqin734310,wxid_fvejlobw4o521,xiaolushooter,yanxuegang8978,ly276820478,wxid_v8z1x4afoezd12,wxid_r5kh7etpvnt022,wxid_e2ll8vy3oxzm22,gh_741491a485a0,wxid_8bfbkmm16ypg22,biao892985793,w834642556,wxid_3923179229012,wf924394342,wxid_quwezxwf9skj21,wxid_cfxcxgwdheo422,wxid_gk2n9ll0ur6m22,wxid_5717blt8ja522,wxid_sjnv6bwakngc22,wxid_9iteuav63jsy22,wxid_s91zgyexrpkj22,wxid_tmnvp4usyavc22,wxid_dp8ljwosxw7b21,wxid_5625406253711,wxid_5t3whyvz71bd22,wxid_v9jpsqzot55q21,wxid_oizffpdjlfxr21,wxid_1887858879612,wxid_f1u4zgc7472m21,wxid_epj4gym6xtih22,wxid_fcgrnhldfw1m22,wxid_fromf82e9jvj21,wxid_a2lm0fu6d41t22,wxid_m3zwz5uyasrv11,wxid_a1un7d3eoqa922,wxid_7008610086311,yhx6866,wxid_o40e19s19uyg22,wxid_vdc9kgx5jrw542,wxid_fedojf6enrad22,wxid_kpyr9bzyq47222,wxid_y2hajkhvg5xe22,wxid_bvvgqbdnl8wv22,abcd717652881,wxid_yp5265ml12fk22,wxid_qmgmu11ril3r22,wxid_bqj4m70zf0r822,wxid_yj9bn1aq5mc821,lwchengloveher,wxid_gf5zc0t4ozie22&lt;/username&gt;<br/>&lt;unreadchatlist&gt;<br/>&lt;chat&gt;<br/>&lt;username&gt;MomentsUnreadMsgStatus&lt;/username&gt;<br/>&lt;lastreadtime&gt;1457878636&lt;/lastreadtime&gt;<br/>&lt;/chat&gt;<br/>&lt;/unreadchatlist&gt;<br/>&lt;unreadfunctionlist&gt;<br/>&lt;/unreadfunctionlist&gt;<br/>&lt;/op&gt;<br/>&lt;/msg&gt;",
"Status": 3,
"ImgStatus": 1,
"CreateTime": 1473228971,
"VoiceLength": 0,
"PlayLength": 0,
"FileName": "",
"FileSize": "",
"MediaId": "",
"Url": "",
"AppMsgType": 0,
"StatusNotifyCode": 4,
"StatusNotifyUserName": "@@22d29b9819fe0dd8c96fc55041386abcd8667fbdbaa86deb5ab8169d83156cb6,@71678c49c49be061786bd8b09e200778e7b165ab488168e55dc6d5059517e64c,@@d017a54a8db72c55986a0397213ee7961bde3f1d4055388eb83743a8344f6b64,@@4706a215765b3a6846996c727f00f4ce5eccebdd393a4435eeff93cdc1381d80,@a7094325c6a1ace3936cce675cf3adc5,@d5a21cf51520214ee4aba2b3e987d398,@80512ba5a9d7d14a98d2ed3a81ef8610f1ac6fea7f4930895f28e82108afadb1,@05079154d1f6ef6085be7ca6c3c05b3f3ef8d780dafd6d285b0e22b3b7137fa1,@d9998f9577985e36525a349d639e011147c588d8facdf3dbfd32a1b06b27c057,@406a6bdaeddcf772efb04d405aed460c,@46ba805b19c4fd0766a1bd2d75f6c16b88833f246fe60fc28dd042c243a47c8d,@4f5d8a7ae2430e8c00e1672cb9c5fdcdb0569c451e7a1cf3cadb04ed45cc05e2,@46c8c7c40e9ba273d1d0d1a94ab6a7dd07214da357a8ada9651220359614e798,@d97d1a8690db03732ba712d48950a9557cb67d06d888b7af547954b849d464cd,@ab3a23dc24a1179f2d75d5bec72366321924e1e9beda419d416533338aaadd26,@@e5603ab37d07e5bc146cf71b04ad3dd4e8f6dad2a2b56a6fa63fc743a4d06aa0,@fe8012132a0247961b1db82eac8ae72f4db1280d58f989f2264f37ffac6023d7,@39adf80ef7eeedc00ae2fdc82405a1f1deda1561f344244504b653a907171990,@80c9c81e724136d86a141249040fd151,@9b4d153f1ebc37ae27dfd482900cf3d1,@16b9cd5f8bee9a4195791386fd715b98,@238d406262d779d5dc8afafe454a0a52,@afcec1622b36c7ef1e35ff14d74e6bf0,@@ccf669d598496144f192898fb2c43b2a7517343673328452da0ef982c8c0462c,@@9e22c0ad76587cad102aa045a92b95e3d58415d7503296e44ddf4f12efd40395,@1ecef39635d25eb07ee00ea323d5d0ddfa827c2b3624b5cdd5ea491ec453a765,@372ecf575011b6d475bc7e6b5983ffa947193e872f80efc90e771bf860701ac4,@a84cfece89a3bb5a7104fde9426d9103c50aae44632c179543a5713aeefa7bc8,@7ae46ca49ca620a717e523771c219e1992972b5ee622152ec0be8ebe947aad40,@0e3f815712844ef599e968c4d8a98756,@b769948a6f16e17d36eb03296aeb7511a18ab8e886191273585e1a356620f4de,@72a3c957e060867363b990f005a4c78f25a445cd4fc8410bc757f78a1fd71c82,@d99ee6d08935e561d84bdc0e581bf47b29e829bdd3df3ac5bdb3132cb9ef4d90,@c00c98fd11217a073ddce80b55f3e7cd,@2ce10a82b0e8705e56c1345b8de6190cfb12b8661a672c4e6dfae1d31b6d6cf4,@2fae2e8156102bdb3a42a5f2c97307d193e359b754561cb0cb113ebfa4eee380,@f57b7b12f048964e299bfaaab782fc1d42b7c1b2f86cac0ca1d3fca8823036ec,@2549cecac894e035bbf6627091ec5eabf65997c7dc372ef2633fb16733596299,@1859f6367a06fe078708f81299bc9eedd4d41e594c92db380feb0fd0ef047c91,@324bc1ccdc7f13d7f71cf3dae383b1e44d8d1acf1215df6b4ff9fa07ddca57fb,@49e8dd99a578a7f63e74c5e2922396f0a7216b1c701fbf2a824980a40ca728f0,@f2e0d47c858a7886295fe0c2c1cc0375f9d75a607a437f6647cd7c64791a261f,@2e8bc393eb2bb3a2ca912c96e5c1ad57,@f6e8fadaf92f8bd296339acb50ee2b06b48361b7386acffb93d828b3277ac1d8,@a73ed3bf51769f5453fa91bf60251ba33d0f2080f949152610cbbf78ebcc289b,@10e58bac86ab59619fe5a103e343802c2dc2a476eb2996313a7d4609a6d9b162,@c4528b7fa7ee15aca6db06b990443341,@35bec35308994f8adeda63eb5fb2e35f,@dcd5da68d94351b47111491e2a8995f94076cdae49e85309be14cd1c677add12,@332a2bd7a3106fe59902d599b258d686,@b9a980266606f523cd8ed8b19e3d5299f5d62bd0fb6967dd34cf87599dc353e0,@58a081ffa9f951fe00c4edfbe0b76079d8b05386c6540dfd567fde084a16d205,@e44db5cbeeb7d3ed6945bd4f11d9fb29d0c2062e0355fa3482d09064e5a4e244,@da728e9239fc122111c1ace9388639ca012fa682ace8f9ff77710b4ec41519c5,@42b271fd85f10d755776f420d759df8bdf87fa5f812e0995461065a72eaac8ae,@b316416ec1c3bc987659352994a1e8e3c4ad00ee668964d78892adf6f49eb7c7,@491fe173fda06e73de3216347166ea7a,@c787b462037ec3e95b3c1075a2c8f1d6c7a523fb2e82dcd77de9ed037f71c40d,@41356d8fcaacc1c0a6409f543670e40278ca1e002e530eae51c97acc353a4bd5,@eb5a28f098499e3f98287aed6d299269f02caf26f2a920bbeb7c10ce3c02d045,@ea79f579e302ae1a88693d34a1bd0d331a65bd7a3d791df0447a20694c158952,@361df1c5bcc2d792c68464ac79319010,@63a46340df87e6ea2b44e7ced00288ca,@ec7c7fdf686f07ceccd06023a4b62c38857537f6f404b0120c5110e6d3943b16,@ebab43b1755c5ec41ff7092162487872,@858b14a79c16148c3841cd0c9e9f035d8a1978599bcb1082b6f9a695eebfccfc,@e304879fcc26b763a4d9ed220954916b721232539a2fb3812d4a1f7ca485d407,@a95c2ece462c45b70f7bc6322d9293f0,@ceb4bfff06261252fffca2384eea460b3d7f9f9fc93186351bf2baba86a45cd3,@14ad1a778904ef0826e0fc0f33e86e129046a676ec9672cf786619e3d0140d56,@945e0f7671943fb70b8eabf92ddba67dd9073833811423dbdfc49c7d5a933c1f,@e42a03e781ba612f352cffb9868d6ad20dc7deddecc64ad164c6ee82d9d62d66,@ab374c6dba6dbd63557505342b4968d7a9d15d30a206b66b8f8dde0d4a5e50d7,@0d969645dcbdedf0c0589bfce0426b107ed8de9b0bcae5084ad769f692edcc10,@4e017769bb706a2a8d273ae21fd4282a,@cd842e528e4b334bf61545e3d885ef6e927251f553caedb252b8ee6c01c5bf04,@c395600ac3a202d91671846e48fd607607a42228bfbc4c9ee626f3ebccc90e51,@057f0deac9e9a21e64a3a6b698d004bb16f2e1ff6f25eff8225bf819c9fe7087,@9f7a5324095a8260c7bdee2007947210,@83ae34fdb4959af03ff68da66321a3bbb70591c73c02fcfcfe2e59564d319056,@e87a91a824831b3dac25758bf864583f,@5b99c9d9433f5890525c8c10886c798e65b6e042798592a1e0871256ff61d23f,@ecbe9f36ddad77629a711d99fa093ed2e329fa7c6c86ebb003ad1ead2e2a1176,@d68fc6460dc630525fca8b6a1d72fce8456132018b89856e97d4fdd358b7e481,@f4d547d84ab2ff96d453fd5e076390a2,@da75917953a02c72e7e7fd39ae0169d5bb9b667ebd3f92144bdde6f4b24e72be,@9305bcdb6b849804de5367e9911e83e1fb333a06e963d8e1dd6afc183179142e,@abde96c9382ae5134af555aa786bce0a04e92964f35e91fdd24ceed8f66154c7,@d060bfd2c22c6486501e62703afab8a2b309c23c9088600287c7ae7d8911f516,@ab03373f545265977b7eb293bc89887586a939e6c615e58bffdaa9467771ee25,@4b67187cbc0b20b3ea9c4b275ed62cd147fb061803728dc474a04770953e2e93,@eb6439604a91ae58f6aa65d27a8983c817a6093ec3cff654abae19d93cf2bf6b,@5a74f514d8137e91acce19d4fb1d54f0a114cbb1120cc1ba9ed18db8901b4511,@c27a1c4d7f729f483ff85d274f4e8ae7,@e08dedc7092da93abf604d7167242838bb3d9fd625778c76cc6d5ab90125eccf,@f9b47b4a51b28ace1dcb0bf9c6ae358f11c72be256a579c70cbd037efa760462,@6d56f74ed84809b89eb06370f69fc61a32df9155d43e883442746415bbf5b46e,@2dc8230c202523bb15ba1eb56b97dddacd93a21f948b5b034694f594fdc23acf,@66cd078c703909468d2a00b678580eff3d58b9cae03c9e746dd629799a11950d,@d0f4e64d5cc1f0c275da214bbb4585559a06455b0941892ced47ca45f84f8dcb,@f7ff4670fdd2931eff4a939c50e58bf5,@11dbb5ce6b6e1a7b7152eee2af5bdb8e,@a89a03dfde309ddec3d8028b74aceadf130393f7e934aaa5ec066a11b86b84bf,@7e37791a687809da06850e77e0f93a89aa22b750750883678046bcecb4d4945f,@db3872395ec0f371f72eaf049ce84b2880ae6b9d67b1b160d544bfa815449e62,@b4f37c89b94910546e5bcc96ec5e6e80fc5538e2bbaa4097d1f5d1e05b91d836,@32cabe1859d3b1d45ec0d9769d93bd01,@aa813981bd53de02b18996e41a38848a8ae049a46f935d32e7a94a74b92306e0,@e7d36074777b48549e5a945e0fcdaef57a36c7be0ae26da61d3ddc04210a6c84,@f7a17fecf0b23b2f4a44ee6ec5c86dfa83e92b286fe78a43c84f5b760a419609,@d81ea8969e56f94c0e9f625c0c970d29cdf8ab9075f23073d302780cf0688f07,@f25a16c7a716d26cd25b2095ef75fc89,@b03af9e6de13ae9df4828e2ffc3a9397,@757be1cb000c5e39bf113ac5ce8c65b455b977f6862093d68f05279526f0cd54,@203382bb331b2a7ecbf0cd31b57a21f6c6a944a0e949f354a46b1cef45a41d3a,@d862a5acca2b9b2446270d8784b77b0ed9f795334120836d1be20f17099722ea,@b300be9cb9e74e0623a6a25b1e6babcb35a7a43d814308271829a8c5510c9944,@c64437d0eb8407c581b73a8044b3898a90cb334fe7b44bf83cb93296db337b1d,@c0ca35295587b9e6d1dfc281a8bf47341cc223640e3471e29d94f3243db05277,@045873ee6fcad2afadb156c9698d791e,@7b8cb96d76b0ce830e370041849c1e2d1d45583efe2a88b16e311e07447453a8,@3ed816de0e4a8ca39ba8e9b7e859f84f9a7db5da418ae53bee7d3ec1999442ce,@234942de32b80c431db4a73cbc25aaa81d560292fba4c10b92139b489f06da08,@7712d4554c905127bd7de5f61f8dff0d85602332505469872bb243153b185f4c,@4992479eb6d444e7153c691f6754e1a98abd11c2a738686a075e024c5f1fe6cb,@d295b84ed0483d7c3b378922e37a48368217b01542113412b2c1410f1e65eb1d,@ccc68b02f4499daed2c922514935d02d,@@07a0dfcdc3dd64c1b09d2ff5df3c26a17eaa5b3886c3a736aa919dbfa162e5a5,@@0424aa70b853061c300634585de28157327b8c9b5d37d7b016e0e25ba0447dbf,@664b3f2846e57fa5527f6ab232b870939a863838673b9b1563cba5247b7f97b5,@b52dfb4a44c3f05553c0443c6b16c051767d4eee8ff4692b42f0b4a489385af5,@569200814075feda91526e1874d039629dcc126fb8a64e16f1ec703053870d0b,@a779bf9cd649d3ce577d175a7029b40d18bd4240cb28ec97ec07188a43a20993,@3f478509b2d1d72db92fd15a309ea83a,@0b84c81e47151abacf147025f0b8bd24c42de4d8f81dffd319d58071eda496ac,@72687fdc33862eeefc2d197998340d03e915e4d9cf17eeeeedd2d2d1d78d5021,@6aab46376a68c43f8a8aee5a85bb681c133b8263ed9df93dbb5118d5d9416348,@d62deec06d05fb8c702d563dd6b8ee47392dfcd2000929246537fb4c6591c3bb,@a864b7261a07b26ef84fa7a5c59e91daef8a3143232f233890bada416e8f67c1,@d1b9cfa654bb663d8ba7d35d4dad8c109a319b3d7fd9f14d0cc5fe850bc359d2,@b1abd6e44975c7711b8cce0d945ee61073da64c53dbf4994e3e396f2585a89d6,@38c17fe36a0aef3ef7be35fdd76dbda4,@bce99df701f37a771b819e6e2818db2b8384e41428f7e53e389f579a46c290c1,@0cc2574cd867e187a0212b738afd593fd11ef15b52dee3485dac3d20d2529afb,@429cf812841841093935f7de289346e08b55cd073830ef652b81266a16dc200f,@2a2952d6c3daf1d1db167770222513a9858287c708aaf1694a851be0a495e2f3,@dd1df2edf0c680788d264b54b539bc33fbeefaf68ec65f04b5d1a8111b8f4c8d,@7b6a3a38d5d9210c3394b27ba4d1c99fa118a04bd9d621117b0f3b88ac9a9003,@9e1976b3dbad23845cbb4b21dc2100ea252a57fa61dd2933684fca40bfef3881,@be5e7cad825e08a3fd4412d874871b35,@47914776d3f3306beb571471e05da1916989179eb93331832fda5c02d2322bc4,@5f625e86471e4a362da5a3179267476451d2b1db498bcbafd48299599f097a8e,@ed0f2e9815d8cd9895a49b11ed37813e,@9c237b077c14dd03f93f6f36ff7acae8,@8c51f14db1c3081b52ac0d2f525eebc5,@5a0e3656b52019cb797e00c1218794f090c450708be2dff9735c252b5b17798c,@6bd1e3477bb17599886530821440af286fb4a324c434df2d315bf4fa39f1f6b5,@75c2e8e6fd74f1a3de4fdda24cdba66068e89cb050655b2673488432ae5463c5,@f3c66c6e32ab652d70ef3c680602ef41,@5bc8fb38f366eb8b2f28ae4a515d968cbe449ff256788a304cde435b3761d858,@2bff64c2ea7d86c8e5c68b889a14ab71,@c310bb75e7f070e7c2fff77f5b44ba61,@a6168f04ae31f63eded03154aa4c9715191b0871f091e81041b3099e5585abc1,@0cf47fe1c1289240742ae407a6171c4f,@ab293c88ac5573b125baa08c62211e5b688300514afe56878d14a140f18d04b1,@0eebbabcbd9c62175f387d35e7b0868901431b8d6a699e8691c40a06f1264d85,@2e9088ed9267cbbfea981ffb22046cf12927b43bb6946b3806057861f1bfb72a,@1ca44289bd1fc222ba785a2c2a8856d9a2177de78a3256f8799bc48f23ffd8ac,@1b04781615597e923ae626ce1a4299b4ef13e8d19ece70f13ebe7927233d462c,@7532a7765c2a870341241125b8ee2bdc364f9978d58cf8cb42db9b1a37979ca0,@984d1d0fe891069f47d7a8de893e525b8cef889e117650c3a4db8f74d7abb0b1,@605be8537e1e94e296e76f0006e86bcc548eb3f278bed7bfe5638157cefc4b29,@2baf80edde1cdc163c8b6f8128837a4023cc1b077216c4d467db88d814c01fb4,@e8b4e971edd89fda7cf69234f7c4c9ffdce82158d52209631de94a3e0ca9e97f,@86a8e58b5997be9aea4eb00a352d4664aafaf096e4347219303af69ea8af8321,@71a51ff763b1a45681ef48dd75a782c3d883903c0e73b44bf4666419764f17bf,@f7d39df2f7d802ee75c6efd2e263378fb2541469b95d5d38cfafbff392cb002c,@fc03fd2c5c44d49e181e2d8e398d62b848ddeb7e1eeb1536c315551c2b81dcd8,@c6c5a5cb34d1dd75b69a76598cfb201acb00d0f00909ae6e57734da6d68f8813,@df2717d1b0522d97056ba2424825a33fdaa8fe8a81ed0a43996f8596e3fc2bc8,@6c9fb7de4a76824af2292e5c77e70bfbb869e8bbe003703483f221765ef3ebdb,@53a97e239e534c062baf2b1d05973fa4fca97118d616caa7cbe8dabe25827d5c,@a7d842d40b4ed7e244969be8be9e39a9dedfd6a2aea23fe2f25a531fcd67bf66,@7beda0cdc8f932f63c9313f918c5c106ccff071fa10c2ab91636416185d5a499,@5b2c819b38acccfe91158895e86cbf666f62bcb27da0fb7297cf987f63a8c830,@f03d12489924cc9461137acafc3f6e8b7e126857ef0dd01a642df2ba07591aa1,@8b60cb477ce3f8dea891f318060590c3,@8a10e88c18baf05fe19caaafe3c9b359de075df8f746f254f45d8d52159d1291,@e79b5782d24628bc88ed04613f32698121be0f715a8102eff7ac3e91f802ab7a,@ce7c69d9b7e557a8046090c1bc9f66b03dba0909b6c7f073ab26dc80219ae6b9,@69cb02e01823158853825bca23eccac38c9fee818b0704443a71a3ce9822143a,@633d1247741922d1f245a13434903ed1e23d8235d55bd0c86de8078a259e0b71,@7ff8fd2dcfdd236364d253427b34aca3d35edf7cf03b16f991a736e0f6b11938,@08110dfd7559bfd57378fe54f31ebddc,@077573e715ff1f045012e3a28880cb4631b63029cf3e4e50fc5e80494c866ca0,@61ca7e5cead89248ff72669478f21969600c299a3e36ea70b61591336739a383,@29ac3eb96fc2df0949dc6c269ebc64ea1b7250b5aad14396e2badcdd3450ab34,@70bcb0bfec691567d6f68f8043229e2c68b49f3995ef7f8fa2c12c70d061c007,@9ed35ca7e7d3bccabe1c55dffc20e5f2,@e21901026541cd86fdc817497ba186a2911c2e9fa417bf159c5ca18037bcbaae",
"RecommendInfo": {
"UserName": "",
"NickName": "",
"QQNum": 0,
"Province": "",
"City": "",
"Content": "",
"Signature": "",
"Alias": "",
"Scene": 0,
"VerifyFlag": 0,
"AttrStatus": 0,
"Sex": 0,
"Ticket": "",
"OpCode": 0
}
,
"ForwardFlag": 0,
"AppInfo": {
"AppID": "",
"Type": 0
}
,
"HasProductId": 0,
"Ticket": "",
"ImgHeight": 0,
"ImgWidth": 0,
"SubMsgType": 0,
"NewMsgId": 7316328925036608128
}
],
"ModContactCount": 1,
"ModContactList": [{
"UserName": "@@4706a215765b3a6846996c727f00f4ce5eccebdd393a4435eeff93cdc1381d80",
"NickName": "这是测试",
"Sex": 0,
"HeadImgUpdateFlag": 1,
"ContactType": 0,
"Alias": "",
"ChatRoomOwner": "@71678c49c49be061786bd8b09e200778e7b165ab488168e55dc6d5059517e64c",
"HeadImgUrl": "/cgi-bin/mmwebwx-bin/webwxgetheadimg?seq=0&username=@@4706a215765b3a6846996c727f00f4ce5eccebdd393a4435eeff93cdc1381d80&skey=@crypt_824100a9_2282948889e4a61f43610b35ecd8f622",
"ContactFlag": 3,
"MemberCount": 2,
"MemberList": [{
"Uin": 2629397701,
"UserName": "@71678c49c49be061786bd8b09e200778e7b165ab488168e55dc6d5059517e64c",
"NickName": "朱攀",
"AttrStatus": 185,
"PYInitial": "",
"PYQuanPin": "",
"RemarkPYInitial": "",
"RemarkPYQuanPin": "",
"MemberStatus": 0,
"DisplayName": "",
"KeyWord": ""
}
,{
"Uin": 1740039985,
"UserName": "@a73ed3bf51769f5453fa91bf60251ba33d0f2080f949152610cbbf78ebcc289b",
"NickName": "不服输",
"AttrStatus": 235813,
"PYInitial": "",
"PYQuanPin": "",
"RemarkPYInitial": "",
"RemarkPYQuanPin": "",
"MemberStatus": 0,
"DisplayName": "",
"KeyWord": ""
}
],
"HideInputBarFlag": 0,
"Signature": "",
"VerifyFlag": 0,
"RemarkName": "",
"Statues": 1,
"AttrStatus": 0,
"Province": "",
"City": "",
"SnsFlag": 0,
"KeyWord": ""
}
],
"DelContactCount": 0,
"DelContactList": [],
"ModChatRoomMemberCount": 0,
"ModChatRoomMemberList": [],
"Profile": {
"BitFlag": 0,
"UserName": {
"Buff": ""
}
,
"NickName": {
"Buff": ""
}
,
"BindUin": 0,
"BindEmail": {
"Buff": ""
}
,
"BindMobile": {
"Buff": ""
}
,
"Status": 0,
"Sex": 0,
"PersonalCard": 0,
"Alias": "",
"HeadImgUpdateFlag": 0,
"HeadImgUrl": "",
"Signature": ""
}
,
"ContinueFlag": 0,
"SyncKey": {
"Count": 10,
"List": [{
"Key": 1,
"Val": 644999874
}
,{
"Key": 2,
"Val": 645000102
}
,{
"Key": 3,
"Val": 644999686
}
,{
"Key": 11,
"Val": 645000004
}
,{
"Key": 13,
"Val": 644960002
}
,{
"Key": 201,
"Val": 1473228971
}
,{
"Key": 203,
"Val": 1473223565
}
,{
"Key": 1000,
"Val": 1473207661
}
,{
"Key": 1001,
"Val": 1473207692
}
,{
"Key": 1004,
"Val": 1473222489
}
]
}
,
"SKey": ""
}


2016-09-07 14:16:25,436
window.synccheck={retcode:"0",selector:"2"}

2016-09-07 14:16:25,596
{
"BaseResponse": {
"Ret": 0,
"ErrMsg": ""
}
,
"AddMsgCount": 0,
"AddMsgList": [],
"ModContactCount": 0,
"ModContactList": [],
"DelContactCount": 0,
"DelContactList": [],
"ModChatRoomMemberCount": 0,
"ModChatRoomMemberList": [],
"Profile": {
"BitFlag": 0,
"UserName": {
"Buff": ""
}
,
"NickName": {
"Buff": ""
}
,
"BindUin": 0,
"BindEmail": {
"Buff": ""
}
,
"BindMobile": {
"Buff": ""
}
,
"Status": 0,
"Sex": 0,
"PersonalCard": 0,
"Alias": "",
"HeadImgUpdateFlag": 0,
"HeadImgUrl": "",
"Signature": ""
}
,
"ContinueFlag": 0,
"SyncKey": {
"Count": 10,
"List": [{
"Key": 1,
"Val": 644999874
}
,{
"Key": 2,
"Val": 645000103
}
,{
"Key": 3,
"Val": 644999686
}
,{
"Key": 11,
"Val": 645000004
}
,{
"Key": 13,
"Val": 644960002
}
,{
"Key": 201,
"Val": 1473228971
}
,{
"Key": 203,
"Val": 1473223565
}
,{
"Key": 1000,
"Val": 1473207661
}
,{
"Key": 1001,
"Val": 1473207692
}
,{
"Key": 1004,
"Val": 1473222489
}
]
}
,
"SKey": ""
}


2016-09-07 14:16:25,636
window.synccheck={retcode:"0",selector:"2"}

2016-09-07 14:16:25,826
{
"BaseResponse": {
"Ret": 0,
"ErrMsg": ""
}
,
"AddMsgCount": 0,
"AddMsgList": [],
"ModContactCount": 0,
"ModContactList": [],
"DelContactCount": 0,
"DelContactList": [],
"ModChatRoomMemberCount": 0,
"ModChatRoomMemberList": [],
"Profile": {
"BitFlag": 0,
"UserName": {
"Buff": ""
}
,
"NickName": {
"Buff": ""
}
,
"BindUin": 0,
"BindEmail": {
"Buff": ""
}
,
"BindMobile": {
"Buff": ""
}
,
"Status": 0,
"Sex": 0,
"PersonalCard": 0,
"Alias": "",
"HeadImgUpdateFlag": 0,
"HeadImgUrl": "",
"Signature": ""
}
,
"ContinueFlag": 0,
"SyncKey": {
"Count": 10,
"List": [{
"Key": 1,
"Val": 644999874
}
,{
"Key": 2,
"Val": 645000103
}
,{
"Key": 3,
"Val": 644999686
}
,{
"Key": 11,
"Val": 645000004
}
,{
"Key": 13,
"Val": 644960002
}
,{
"Key": 201,
"Val": 1473228971
}
,{
"Key": 203,
"Val": 1473223565
}
,{
"Key": 1000,
"Val": 1473207661
}
,{
"Key": 1001,
"Val": 1473207692
}
,{
"Key": 1004,
"Val": 1473222489
}
]
}
,
"SKey": ""
}


2016-09-07 14:16:25,856
window.synccheck={retcode:"0",selector:"2"}

2016-09-07 14:16:26,036
{
"BaseResponse": {
"Ret": 0,
"ErrMsg": ""
}
,
"AddMsgCount": 0,
"AddMsgList": [],
"ModContactCount": 0,
"ModContactList": [],
"DelContactCount": 0,
"DelContactList": [],
"ModChatRoomMemberCount": 0,
"ModChatRoomMemberList": [],
"Profile": {
"BitFlag": 0,
"UserName": {
"Buff": ""
}
,
"NickName": {
"Buff": ""
}
,
"BindUin": 0,
"BindEmail": {
"Buff": ""
}
,
"BindMobile": {
"Buff": ""
}
,
"Status": 0,
"Sex": 0,
"PersonalCard": 0,
"Alias": "",
"HeadImgUpdateFlag": 0,
"HeadImgUrl": "",
"Signature": ""
}
,
"ContinueFlag": 0,
"SyncKey": {
"Count": 10,
"List": [{
"Key": 1,
"Val": 644999874
}
,{
"Key": 2,
"Val": 645000103
}
,{
"Key": 3,
"Val": 644999686
}
,{
"Key": 11,
"Val": 645000004
}
,{
"Key": 13,
"Val": 644960002
}
,{
"Key": 201,
"Val": 1473228971
}
,{
"Key": 203,
"Val": 1473223565
}
,{
"Key": 1000,
"Val": 1473207661
}
,{
"Key": 1001,
"Val": 1473207692
}
,{
"Key": 1004,
"Val": 1473222489
}
]
}
,
"SKey": ""
}


2016-09-07 14:16:26,076
window.synccheck={retcode:"0",selector:"2"}

2016-09-07 14:16:26,276
{
"BaseResponse": {
"Ret": 0,
"ErrMsg": ""
}
,
"AddMsgCount": 0,
"AddMsgList": [],
"ModContactCount": 0,
"ModContactList": [],
"DelContactCount": 0,
"DelContactList": [],
"ModChatRoomMemberCount": 0,
"ModChatRoomMemberList": [],
"Profile": {
"BitFlag": 0,
"UserName": {
"Buff": ""
}
,
"NickName": {
"Buff": ""
}
,
"BindUin": 0,
"BindEmail": {
"Buff": ""
}
,
"BindMobile": {
"Buff": ""
}
,
"Status": 0,
"Sex": 0,
"PersonalCard": 0,
"Alias": "",
"HeadImgUpdateFlag": 0,
"HeadImgUrl": "",
"Signature": ""
}
,
"ContinueFlag": 0,
"SyncKey": {
"Count": 10,
"List": [{
"Key": 1,
"Val": 644999874
}
,{
"Key": 2,
"Val": 645000103
}
,{
"Key": 3,
"Val": 644999686
}
,{
"Key": 11,
"Val": 645000004
}
,{
"Key": 13,
"Val": 644960002
}
,{
"Key": 201,
"Val": 1473228971
}
,{
"Key": 203,
"Val": 1473223565
}
,{
"Key": 1000,
"Val": 1473207661
}
,{
"Key": 1001,
"Val": 1473207692
}
,{
"Key": 1004,
"Val": 1473222489
}
]
}
,
"SKey": ""
}


2016-09-07 14:16:26,316
window.synccheck={retcode:"0",selector:"2"}

2016-09-07 14:16:26,476
{
"BaseResponse": {
"Ret": 0,
"ErrMsg": ""
}
,
"AddMsgCount": 0,
"AddMsgList": [],
"ModContactCount": 0,
"ModContactList": [],
"DelContactCount": 0,
"DelContactList": [],
"ModChatRoomMemberCount": 0,
"ModChatRoomMemberList": [],
"Profile": {
"BitFlag": 0,
"UserName": {
"Buff": ""
}
,
"NickName": {
"Buff": ""
}
,
"BindUin": 0,
"BindEmail": {
"Buff": ""
}
,
"BindMobile": {
"Buff": ""
}
,
"Status": 0,
"Sex": 0,
"PersonalCard": 0,
"Alias": "",
"HeadImgUpdateFlag": 0,
"HeadImgUrl": "",
"Signature": ""
}
,
"ContinueFlag": 0,
"SyncKey": {
"Count": 10,
"List": [{
"Key": 1,
"Val": 644999874
}
,{
"Key": 2,
"Val": 645000103
}
,{
"Key": 3,
"Val": 644999686
}
,{
"Key": 11,
"Val": 645000004
}
,{
"Key": 13,
"Val": 644960002
}
,{
"Key": 201,
"Val": 1473228971
}
,{
"Key": 203,
"Val": 1473223565
}
,{
"Key": 1000,
"Val": 1473207661
}
,{
"Key": 1001,
"Val": 1473207692
}
,{
"Key": 1004,
"Val": 1473222489
}
]
}
,
"SKey": ""
}


2016-09-07 14:16:26,516
window.synccheck={retcode:"0",selector:"2"}

2016-09-07 14:16:26,656
{
"BaseResponse": {
"Ret": 0,
"ErrMsg": ""
}
,
"AddMsgCount": 0,
"AddMsgList": [],
"ModContactCount": 0,
"ModContactList": [],
"DelContactCount": 0,
"DelContactList": [],
"ModChatRoomMemberCount": 0,
"ModChatRoomMemberList": [],
"Profile": {
"BitFlag": 0,
"UserName": {
"Buff": ""
}
,
"NickName": {
"Buff": ""
}
,
"BindUin": 0,
"BindEmail": {
"Buff": ""
}
,
"BindMobile": {
"Buff": ""
}
,
"Status": 0,
"Sex": 0,
"PersonalCard": 0,
"Alias": "",
"HeadImgUpdateFlag": 0,
"HeadImgUrl": "",
"Signature": ""
}
,
"ContinueFlag": 0,
"SyncKey": {
"Count": 10,
"List": [{
"Key": 1,
"Val": 644999874
}
,{
"Key": 2,
"Val": 645000103
}
,{
"Key": 3,
"Val": 644999686
}
,{
"Key": 11,
"Val": 645000004
}
,{
"Key": 13,
"Val": 644960002
}
,{
"Key": 201,
"Val": 1473228971
}
,{
"Key": 203,
"Val": 1473223565
}
,{
"Key": 1000,
"Val": 1473207661
}
,{
"Key": 1001,
"Val": 1473207692
}
,{
"Key": 1004,
"Val": 1473222489
}
]
}
,
"SKey": ""
}


2016-09-07 14:16:26,686
window.synccheck={retcode:"0",selector:"2"}

2016-09-07 14:16:26,826
{
"BaseResponse": {
"Ret": 0,
"ErrMsg": ""
}
,
"AddMsgCount": 0,
"AddMsgList": [],
"ModContactCount": 0,
"ModContactList": [],
"DelContactCount": 0,
"DelContactList": [],
"ModChatRoomMemberCount": 0,
"ModChatRoomMemberList": [],
"Profile": {
"BitFlag": 0,
"UserName": {
"Buff": ""
}
,
"NickName": {
"Buff": ""
}
,
"BindUin": 0,
"BindEmail": {
"Buff": ""
}
,
"BindMobile": {
"Buff": ""
}
,
"Status": 0,
"Sex": 0,
"PersonalCard": 0,
"Alias": "",
"HeadImgUpdateFlag": 0,
"HeadImgUrl": "",
"Signature": ""
}
,
"ContinueFlag": 0,
"SyncKey": {
"Count": 10,
"List": [{
"Key": 1,
"Val": 644999874
}
,{
"Key": 2,
"Val": 645000103
}
,{
"Key": 3,
"Val": 644999686
}
,{
"Key": 11,
"Val": 645000004
}
,{
"Key": 13,
"Val": 644960002
}
,{
"Key": 201,
"Val": 1473228971
}
,{
"Key": 203,
"Val": 1473223565
}
,{
"Key": 1000,
"Val": 1473207661
}
,{
"Key": 1001,
"Val": 1473207692
}
,{
"Key": 1004,
"Val": 1473222489
}
]
}
,
"SKey": ""
}


2016-09-07 14:16:26,866
window.synccheck={retcode:"0",selector:"2"}

2016-09-07 14:16:27,006
{
"BaseResponse": {
"Ret": 0,
"ErrMsg": ""
}
,
"AddMsgCount": 0,
"AddMsgList": [],
"ModContactCount": 0,
"ModContactList": [],
"DelContactCount": 0,
"DelContactList": [],
"ModChatRoomMemberCount": 0,
"ModChatRoomMemberList": [],
"Profile": {
"BitFlag": 0,
"UserName": {
"Buff": ""
}
,
"NickName": {
"Buff": ""
}
,
"BindUin": 0,
"BindEmail": {
"Buff": ""
}
,
"BindMobile": {
"Buff": ""
}
,
"Status": 0,
"Sex": 0,
"PersonalCard": 0,
"Alias": "",
"HeadImgUpdateFlag": 0,
"HeadImgUrl": "",
"Signature": ""
}
,
"ContinueFlag": 0,
"SyncKey": {
"Count": 10,
"List": [{
"Key": 1,
"Val": 644999874
}
,{
"Key": 2,
"Val": 645000103
}
,{
"Key": 3,
"Val": 644999686
}
,{
"Key": 11,
"Val": 645000004
}
,{
"Key": 13,
"Val": 644960002
}
,{
"Key": 201,
"Val": 1473228971
}
,{
"Key": 203,
"Val": 1473223565
}
,{
"Key": 1000,
"Val": 1473207661
}
,{
"Key": 1001,
"Val": 1473207692
}
,{
"Key": 1004,
"Val": 1473222489
}
]
}
,
"SKey": ""
}


2016-09-07 14:16:27,046
window.synccheck={retcode:"0",selector:"2"}

2016-09-07 14:16:27,206
{
"BaseResponse": {
"Ret": 0,
"ErrMsg": ""
}
,
"AddMsgCount": 0,
"AddMsgList": [],
"ModContactCount": 0,
"ModContactList": [],
"DelContactCount": 0,
"DelContactList": [],
"ModChatRoomMemberCount": 0,
"ModChatRoomMemberList": [],
"Profile": {
"BitFlag": 0,
"UserName": {
"Buff": ""
}
,
"NickName": {
"Buff": ""
}
,
"BindUin": 0,
"BindEmail": {
"Buff": ""
}
,
"BindMobile": {
"Buff": ""
}
,
"Status": 0,
"Sex": 0,
"PersonalCard": 0,
"Alias": "",
"HeadImgUpdateFlag": 0,
"HeadImgUrl": "",
"Signature": ""
}
,
"ContinueFlag": 0,
"SyncKey": {
"Count": 10,
"List": [{
"Key": 1,
"Val": 644999874
}
,{
"Key": 2,
"Val": 645000103
}
,{
"Key": 3,
"Val": 644999686
}
,{
"Key": 11,
"Val": 645000004
}
,{
"Key": 13,
"Val": 644960002
}
,{
"Key": 201,
"Val": 1473228971
}
,{
"Key": 203,
"Val": 1473223565
}
,{
"Key": 1000,
"Val": 1473207661
}
,{
"Key": 1001,
"Val": 1473207692
}
,{
"Key": 1004,
"Val": 1473222489
}
]
}
,
"SKey": ""
}


2016-09-07 14:16:27,246
window.synccheck={retcode:"0",selector:"2"}

2016-09-07 14:16:27,386
{
"BaseResponse": {
"Ret": 0,
"ErrMsg": ""
}
,
"AddMsgCount": 0,
"AddMsgList": [],
"ModContactCount": 0,
"ModContactList": [],
"DelContactCount": 0,
"DelContactList": [],
"ModChatRoomMemberCount": 0,
"ModChatRoomMemberList": [],
"Profile": {
"BitFlag": 0,
"UserName": {
"Buff": ""
}
,
"NickName": {
"Buff": ""
}
,
"BindUin": 0,
"BindEmail": {
"Buff": ""
}
,
"BindMobile": {
"Buff": ""
}
,
"Status": 0,
"Sex": 0,
"PersonalCard": 0,
"Alias": "",
"HeadImgUpdateFlag": 0,
"HeadImgUrl": "",
"Signature": ""
}
,
"ContinueFlag": 0,
"SyncKey": {
"Count": 10,
"List": [{
"Key": 1,
"Val": 644999874
}
,{
"Key": 2,
"Val": 645000103
}
,{
"Key": 3,
"Val": 644999686
}
,{
"Key": 11,
"Val": 645000004
}
,{
"Key": 13,
"Val": 644960002
}
,{
"Key": 201,
"Val": 1473228971
}
,{
"Key": 203,
"Val": 1473223565
}
,{
"Key": 1000,
"Val": 1473207661
}
,{
"Key": 1001,
"Val": 1473207692
}
,{
"Key": 1004,
"Val": 1473222489
}
]
}
,
"SKey": ""
}


2016-09-07 14:16:27,426
window.synccheck={retcode:"0",selector:"2"}

2016-09-07 14:16:27,566
{
"BaseResponse": {
"Ret": 0,
"ErrMsg": ""
}
,
"AddMsgCount": 0,
"AddMsgList": [],
"ModContactCount": 0,
"ModContactList": [],
"DelContactCount": 0,
"DelContactList": [],
"ModChatRoomMemberCount": 0,
"ModChatRoomMemberList": [],
"Profile": {
"BitFlag": 0,
"UserName": {
"Buff": ""
}
,
"NickName": {
"Buff": ""
}
,
"BindUin": 0,
"BindEmail": {
"Buff": ""
}
,
"BindMobile": {
"Buff": ""
}
,
"Status": 0,
"Sex": 0,
"PersonalCard": 0,
"Alias": "",
"HeadImgUpdateFlag": 0,
"HeadImgUrl": "",
"Signature": ""
}
,
"ContinueFlag": 0,
"SyncKey": {
"Count": 10,
"List": [{
"Key": 1,
"Val": 644999874
}
,{
"Key": 2,
"Val": 645000103
}
,{
"Key": 3,
"Val": 644999686
}
,{
"Key": 11,
"Val": 645000004
}
,{
"Key": 13,
"Val": 644960002
}
,{
"Key": 201,
"Val": 1473228971
}
,{
"Key": 203,
"Val": 1473223565
}
,{
"Key": 1000,
"Val": 1473207661
}
,{
"Key": 1001,
"Val": 1473207692
}
,{
"Key": 1004,
"Val": 1473222489
}
]
}
,
"SKey": ""
}


2016-09-07 14:16:27,606
window.synccheck={retcode:"0",selector:"2"}

2016-09-07 14:16:27,756
{
"BaseResponse": {
"Ret": 0,
"ErrMsg": ""
}
,
"AddMsgCount": 0,
"AddMsgList": [],
"ModContactCount": 0,
"ModContactList": [],
"DelContactCount": 0,
"DelContactList": [],
"ModChatRoomMemberCount": 0,
"ModChatRoomMemberList": [],
"Profile": {
"BitFlag": 0,
"UserName": {
"Buff": ""
}
,
"NickName": {
"Buff": ""
}
,
"BindUin": 0,
"BindEmail": {
"Buff": ""
}
,
"BindMobile": {
"Buff": ""
}
,
"Status": 0,
"Sex": 0,
"PersonalCard": 0,
"Alias": "",
"HeadImgUpdateFlag": 0,
"HeadImgUrl": "",
"Signature": ""
}
,
"ContinueFlag": 0,
"SyncKey": {
"Count": 10,
"List": [{
"Key": 1,
"Val": 644999874
}
,{
"Key": 2,
"Val": 645000103
}
,{
"Key": 3,
"Val": 644999686
}
,{
"Key": 11,
"Val": 645000004
}
,{
"Key": 13,
"Val": 644960002
}
,{
"Key": 201,
"Val": 1473228971
}
,{
"Key": 203,
"Val": 1473223565
}
,{
"Key": 1000,
"Val": 1473207661
}
,{
"Key": 1001,
"Val": 1473207692
}
,{
"Key": 1004,
"Val": 1473222489
}
]
}
,
"SKey": ""
}


2016-09-07 14:16:27,796
window.synccheck={retcode:"0",selector:"2"}

2016-09-07 14:16:27,956
{
"BaseResponse": {
"Ret": 0,
"ErrMsg": ""
}
,
"AddMsgCount": 0,
"AddMsgList": [],
"ModContactCount": 0,
"ModContactList": [],
"DelContactCount": 0,
"DelContactList": [],
"ModChatRoomMemberCount": 0,
"ModChatRoomMemberList": [],
"Profile": {
"BitFlag": 0,
"UserName": {
"Buff": ""
}
,
"NickName": {
"Buff": ""
}
,
"BindUin": 0,
"BindEmail": {
"Buff": ""
}
,
"BindMobile": {
"Buff": ""
}
,
"Status": 0,
"Sex": 0,
"PersonalCard": 0,
"Alias": "",
"HeadImgUpdateFlag": 0,
"HeadImgUrl": "",
"Signature": ""
}
,
"ContinueFlag": 0,
"SyncKey": {
"Count": 10,
"List": [{
"Key": 1,
"Val": 644999874
}
,{
"Key": 2,
"Val": 645000103
}
,{
"Key": 3,
"Val": 644999686
}
,{
"Key": 11,
"Val": 645000004
}
,{
"Key": 13,
"Val": 644960002
}
,{
"Key": 201,
"Val": 1473228971
}
,{
"Key": 203,
"Val": 1473223565
}
,{
"Key": 1000,
"Val": 1473207661
}
,{
"Key": 1001,
"Val": 1473207692
}
,{
"Key": 1004,
"Val": 1473222489
}
]
}
,
"SKey": ""
}


2016-09-07 14:16:27,996
window.synccheck={retcode:"0",selector:"2"}

2016-09-07 14:16:28,156
{
"BaseResponse": {
"Ret": 0,
"ErrMsg": ""
}
,
"AddMsgCount": 0,
"AddMsgList": [],
"ModContactCount": 0,
"ModContactList": [],
"DelContactCount": 0,
"DelContactList": [],
"ModChatRoomMemberCount": 0,
"ModChatRoomMemberList": [],
"Profile": {
"BitFlag": 0,
"UserName": {
"Buff": ""
}
,
"NickName": {
"Buff": ""
}
,
"BindUin": 0,
"BindEmail": {
"Buff": ""
}
,
"BindMobile": {
"Buff": ""
}
,
"Status": 0,
"Sex": 0,
"PersonalCard": 0,
"Alias": "",
"HeadImgUpdateFlag": 0,
"HeadImgUrl": "",
"Signature": ""
}
,
"ContinueFlag": 0,
"SyncKey": {
"Count": 10,
"List": [{
"Key": 1,
"Val": 644999874
}
,{
"Key": 2,
"Val": 645000103
}
,{
"Key": 3,
"Val": 644999686
}
,{
"Key": 11,
"Val": 645000004
}
,{
"Key": 13,
"Val": 644960002
}
,{
"Key": 201,
"Val": 1473228971
}
,{
"Key": 203,
"Val": 1473223565
}
,{
"Key": 1000,
"Val": 1473207661
}
,{
"Key": 1001,
"Val": 1473207692
}
,{
"Key": 1004,
"Val": 1473222489
}
]
}
,
"SKey": ""
}


2016-09-07 14:16:28,196
window.synccheck={retcode:"0",selector:"2"}

2016-09-07 14:16:28,356
{
"BaseResponse": {
"Ret": 0,
"ErrMsg": ""
}
,
"AddMsgCount": 0,
"AddMsgList": [],
"ModContactCount": 0,
"ModContactList": [],
"DelContactCount": 0,
"DelContactList": [],
"ModChatRoomMemberCount": 0,
"ModChatRoomMemberList": [],
"Profile": {
"BitFlag": 0,
"UserName": {
"Buff": ""
}
,
"NickName": {
"Buff": ""
}
,
"BindUin": 0,
"BindEmail": {
"Buff": ""
}
,
"BindMobile": {
"Buff": ""
}
,
"Status": 0,
"Sex": 0,
"PersonalCard": 0,
"Alias": "",
"HeadImgUpdateFlag": 0,
"HeadImgUrl": "",
"Signature": ""
}
,
"ContinueFlag": 0,
"SyncKey": {
"Count": 10,
"List": [{
"Key": 1,
"Val": 644999874
}
,{
"Key": 2,
"Val": 645000103
}
,{
"Key": 3,
"Val": 644999686
}
,{
"Key": 11,
"Val": 645000004
}
,{
"Key": 13,
"Val": 644960002
}
,{
"Key": 201,
"Val": 1473228971
}
,{
"Key": 203,
"Val": 1473223565
}
,{
"Key": 1000,
"Val": 1473207661
}
,{
"Key": 1001,
"Val": 1473207692
}
,{
"Key": 1004,
"Val": 1473222489
}
]
}
,
"SKey": ""
}


2016-09-07 14:16:28,396
window.synccheck={retcode:"0",selector:"2"}

2016-09-07 14:16:28,556
{
"BaseResponse": {
"Ret": 0,
"ErrMsg": ""
}
,
"AddMsgCount": 0,
"AddMsgList": [],
"ModContactCount": 0,
"ModContactList": [],
"DelContactCount": 0,
"DelContactList": [],
"ModChatRoomMemberCount": 0,
"ModChatRoomMemberList": [],
"Profile": {
"BitFlag": 0,
"UserName": {
"Buff": ""
}
,
"NickName": {
"Buff": ""
}
,
"BindUin": 0,
"BindEmail": {
"Buff": ""
}
,
"BindMobile": {
"Buff": ""
}
,
"Status": 0,
"Sex": 0,
"PersonalCard": 0,
"Alias": "",
"HeadImgUpdateFlag": 0,
"HeadImgUrl": "",
"Signature": ""
}
,
"ContinueFlag": 0,
"SyncKey": {
"Count": 10,
"List": [{
"Key": 1,
"Val": 644999874
}
,{
"Key": 2,
"Val": 645000103
}
,{
"Key": 3,
"Val": 644999686
}
,{
"Key": 11,
"Val": 645000004
}
,{
"Key": 13,
"Val": 644960002
}
,{
"Key": 201,
"Val": 1473228971
}
,{
"Key": 203,
"Val": 1473223565
}
,{
"Key": 1000,
"Val": 1473207661
}
,{
"Key": 1001,
"Val": 1473207692
}
,{
"Key": 1004,
"Val": 1473222489
}
]
}
,
"SKey": ""
}


2016-09-07 14:16:28,596
window.synccheck={retcode:"0",selector:"2"}

2016-09-07 14:16:28,746
{
"BaseResponse": {
"Ret": 0,
"ErrMsg": ""
}
,
"AddMsgCount": 0,
"AddMsgList": [],
"ModContactCount": 0,
"ModContactList": [],
"DelContactCount": 0,
"DelContactList": [],
"ModChatRoomMemberCount": 0,
"ModChatRoomMemberList": [],
"Profile": {
"BitFlag": 0,
"UserName": {
"Buff": ""
}
,
"NickName": {
"Buff": ""
}
,
"BindUin": 0,
"BindEmail": {
"Buff": ""
}
,
"BindMobile": {
"Buff": ""
}
,
"Status": 0,
"Sex": 0,
"PersonalCard": 0,
"Alias": "",
"HeadImgUpdateFlag": 0,
"HeadImgUrl": "",
"Signature": ""
}
,
"ContinueFlag": 0,
"SyncKey": {
"Count": 10,
"List": [{
"Key": 1,
"Val": 644999874
}
,{
"Key": 2,
"Val": 645000103
}
,{
"Key": 3,
"Val": 644999686
}
,{
"Key": 11,
"Val": 645000004
}
,{
"Key": 13,
"Val": 644960002
}
,{
"Key": 201,
"Val": 1473228971
}
,{
"Key": 203,
"Val": 1473223565
}
,{
"Key": 1000,
"Val": 1473207661
}
,{
"Key": 1001,
"Val": 1473207692
}
,{
"Key": 1004,
"Val": 1473222489
}
]
}
,
"SKey": ""
}


2016-09-07 14:16:28,776
window.synccheck={retcode:"0",selector:"2"}

2016-09-07 14:16:28,926
{
"BaseResponse": {
"Ret": 0,
"ErrMsg": ""
}
,
"AddMsgCount": 0,
"AddMsgList": [],
"ModContactCount": 0,
"ModContactList": [],
"DelContactCount": 0,
"DelContactList": [],
"ModChatRoomMemberCount": 0,
"ModChatRoomMemberList": [],
"Profile": {
"BitFlag": 0,
"UserName": {
"Buff": ""
}
,
"NickName": {
"Buff": ""
}
,
"BindUin": 0,
"BindEmail": {
"Buff": ""
}
,
"BindMobile": {
"Buff": ""
}
,
"Status": 0,
"Sex": 0,
"PersonalCard": 0,
"Alias": "",
"HeadImgUpdateFlag": 0,
"HeadImgUrl": "",
"Signature": ""
}
,
"ContinueFlag": 0,
"SyncKey": {
"Count": 10,
"List": [{
"Key": 1,
"Val": 644999874
}
,{
"Key": 2,
"Val": 645000103
}
,{
"Key": 3,
"Val": 644999686
}
,{
"Key": 11,
"Val": 645000004
}
,{
"Key": 13,
"Val": 644960002
}
,{
"Key": 201,
"Val": 1473228971
}
,{
"Key": 203,
"Val": 1473223565
}
,{
"Key": 1000,
"Val": 1473207661
}
,{
"Key": 1001,
"Val": 1473207692
}
,{
"Key": 1004,
"Val": 1473222489
}
]
}
,
"SKey": ""
}


2016-09-07 14:16:28,956
window.synccheck={retcode:"0",selector:"2"}

2016-09-07 14:16:29,116
{
"BaseResponse": {
"Ret": 0,
"ErrMsg": ""
}
,
"AddMsgCount": 0,
"AddMsgList": [],
"ModContactCount": 0,
"ModContactList": [],
"DelContactCount": 0,
"DelContactList": [],
"ModChatRoomMemberCount": 0,
"ModChatRoomMemberList": [],
"Profile": {
"BitFlag": 0,
"UserName": {
"Buff": ""
}
,
"NickName": {
"Buff": ""
}
,
"BindUin": 0,
"BindEmail": {
"Buff": ""
}
,
"BindMobile": {
"Buff": ""
}
,
"Status": 0,
"Sex": 0,
"PersonalCard": 0,
"Alias": "",
"HeadImgUpdateFlag": 0,
"HeadImgUrl": "",
"Signature": ""
}
,
"ContinueFlag": 0,
"SyncKey": {
"Count": 10,
"List": [{
"Key": 1,
"Val": 644999874
}
,{
"Key": 2,
"Val": 645000103
}
,{
"Key": 3,
"Val": 644999686
}
,{
"Key": 11,
"Val": 645000004
}
,{
"Key": 13,
"Val": 644960002
}
,{
"Key": 201,
"Val": 1473228971
}
,{
"Key": 203,
"Val": 1473223565
}
,{
"Key": 1000,
"Val": 1473207661
}
,{
"Key": 1001,
"Val": 1473207692
}
,{
"Key": 1004,
"Val": 1473222489
}
]
}
,
"SKey": ""
}


2016-09-07 14:16:29,156
window.synccheck={retcode:"0",selector:"2"}

2016-09-07 14:16:29,306
{
"BaseResponse": {
"Ret": 0,
"ErrMsg": ""
}
,
"AddMsgCount": 0,
"AddMsgList": [],
"ModContactCount": 0,
"ModContactList": [],
"DelContactCount": 0,
"DelContactList": [],
"ModChatRoomMemberCount": 0,
"ModChatRoomMemberList": [],
"Profile": {
"BitFlag": 0,
"UserName": {
"Buff": ""
}
,
"NickName": {
"Buff": ""
}
,
"BindUin": 0,
"BindEmail": {
"Buff": ""
}
,
"BindMobile": {
"Buff": ""
}
,
"Status": 0,
"Sex": 0,
"PersonalCard": 0,
"Alias": "",
"HeadImgUpdateFlag": 0,
"HeadImgUrl": "",
"Signature": ""
}
,
"ContinueFlag": 0,
"SyncKey": {
"Count": 10,
"List": [{
"Key": 1,
"Val": 644999874
}
,{
"Key": 2,
"Val": 645000103
}
,{
"Key": 3,
"Val": 644999686
}
,{
"Key": 11,
"Val": 645000004
}
,{
"Key": 13,
"Val": 644960002
}
,{
"Key": 201,
"Val": 1473228971
}
,{
"Key": 203,
"Val": 1473223565
}
,{
"Key": 1000,
"Val": 1473207661
}
,{
"Key": 1001,
"Val": 1473207692
}
,{
"Key": 1004,
"Val": 1473222489
}
]
}
,
"SKey": ""
}


2016-09-07 14:16:29,346
window.synccheck={retcode:"0",selector:"2"}

2016-09-07 14:16:29,516
{
"BaseResponse": {
"Ret": 0,
"ErrMsg": ""
}
,
"AddMsgCount": 0,
"AddMsgList": [],
"ModContactCount": 0,
"ModContactList": [],
"DelContactCount": 0,
"DelContactList": [],
"ModChatRoomMemberCount": 0,
"ModChatRoomMemberList": [],
"Profile": {
"BitFlag": 0,
"UserName": {
"Buff": ""
}
,
"NickName": {
"Buff": ""
}
,
"BindUin": 0,
"BindEmail": {
"Buff": ""
}
,
"BindMobile": {
"Buff": ""
}
,
"Status": 0,
"Sex": 0,
"PersonalCard": 0,
"Alias": "",
"HeadImgUpdateFlag": 0,
"HeadImgUrl": "",
"Signature": ""
}
,
"ContinueFlag": 0,
"SyncKey": {
"Count": 10,
"List": [{
"Key": 1,
"Val": 644999874
}
,{
"Key": 2,
"Val": 645000103
}
,{
"Key": 3,
"Val": 644999686
}
,{
"Key": 11,
"Val": 645000004
}
,{
"Key": 13,
"Val": 644960002
}
,{
"Key": 201,
"Val": 1473228971
}
,{
"Key": 203,
"Val": 1473223565
}
,{
"Key": 1000,
"Val": 1473207661
}
,{
"Key": 1001,
"Val": 1473207692
}
,{
"Key": 1004,
"Val": 1473222489
}
]
}
,
"SKey": ""
}


2016-09-07 14:16:29,546
window.synccheck={retcode:"0",selector:"2"}

2016-09-07 14:16:29,716
{
"BaseResponse": {
"Ret": 0,
"ErrMsg": ""
}
,
"AddMsgCount": 0,
"AddMsgList": [],
"ModContactCount": 0,
"ModContactList": [],
"DelContactCount": 0,
"DelContactList": [],
"ModChatRoomMemberCount": 0,
"ModChatRoomMemberList": [],
"Profile": {
"BitFlag": 0,
"UserName": {
"Buff": ""
}
,
"NickName": {
"Buff": ""
}
,
"BindUin": 0,
"BindEmail": {
"Buff": ""
}
,
"BindMobile": {
"Buff": ""
}
,
"Status": 0,
"Sex": 0,
"PersonalCard": 0,
"Alias": "",
"HeadImgUpdateFlag": 0,
"HeadImgUrl": "",
"Signature": ""
}
,
"ContinueFlag": 0,
"SyncKey": {
"Count": 10,
"List": [{
"Key": 1,
"Val": 644999874
}
,{
"Key": 2,
"Val": 645000103
}
,{
"Key": 3,
"Val": 644999686
}
,{
"Key": 11,
"Val": 645000004
}
,{
"Key": 13,
"Val": 644960002
}
,{
"Key": 201,
"Val": 1473228971
}
,{
"Key": 203,
"Val": 1473223565
}
,{
"Key": 1000,
"Val": 1473207661
}
,{
"Key": 1001,
"Val": 1473207692
}
,{
"Key": 1004,
"Val": 1473222489
}
]
}
,
"SKey": ""
}


2016-09-07 14:16:29,756
window.synccheck={retcode:"0",selector:"2"}

2016-09-07 14:16:29,906
{
"BaseResponse": {
"Ret": 0,
"ErrMsg": ""
}
,
"AddMsgCount": 0,
"AddMsgList": [],
"ModContactCount": 0,
"ModContactList": [],
"DelContactCount": 0,
"DelContactList": [],
"ModChatRoomMemberCount": 0,
"ModChatRoomMemberList": [],
"Profile": {
"BitFlag": 0,
"UserName": {
"Buff": ""
}
,
"NickName": {
"Buff": ""
}
,
"BindUin": 0,
"BindEmail": {
"Buff": ""
}
,
"BindMobile": {
"Buff": ""
}
,
"Status": 0,
"Sex": 0,
"PersonalCard": 0,
"Alias": "",
"HeadImgUpdateFlag": 0,
"HeadImgUrl": "",
"Signature": ""
}
,
"ContinueFlag": 0,
"SyncKey": {
"Count": 10,
"List": [{
"Key": 1,
"Val": 644999874
}
,{
"Key": 2,
"Val": 645000103
}
,{
"Key": 3,
"Val": 644999686
}
,{
"Key": 11,
"Val": 645000004
}
,{
"Key": 13,
"Val": 644960002
}
,{
"Key": 201,
"Val": 1473228971
}
,{
"Key": 203,
"Val": 1473223565
}
,{
"Key": 1000,
"Val": 1473207661
}
,{
"Key": 1001,
"Val": 1473207692
}
,{
"Key": 1004,
"Val": 1473222489
}
]
}
,
"SKey": ""
}


2016-09-07 14:16:29,936
window.synccheck={retcode:"0",selector:"2"}

2016-09-07 14:16:30,146
{
"BaseResponse": {
"Ret": 0,
"ErrMsg": ""
}
,
"AddMsgCount": 1,
"AddMsgList": [{
"MsgId": "6786304510343466528",
"FromUserName": "@a73ed3bf51769f5453fa91bf60251ba33d0f2080f949152610cbbf78ebcc289b",
"ToUserName": "@@4706a215765b3a6846996c727f00f4ce5eccebdd393a4435eeff93cdc1381d80",
"MsgType": 51,
"Content": "&lt;msg&gt;<br/>&lt;op id='2'&gt;<br/>&lt;username&gt;7342076969@chatroom&lt;/username&gt;<br/>&lt;/op&gt;<br/>&lt;/msg&gt;",
"Status": 3,
"ImgStatus": 1,
"CreateTime": 1473228991,
"VoiceLength": 0,
"PlayLength": 0,
"FileName": "",
"FileSize": "",
"MediaId": "",
"Url": "",
"AppMsgType": 0,
"StatusNotifyCode": 2,
"StatusNotifyUserName": "@@4706a215765b3a6846996c727f00f4ce5eccebdd393a4435eeff93cdc1381d80",
"RecommendInfo": {
"UserName": "",
"NickName": "",
"QQNum": 0,
"Province": "",
"City": "",
"Content": "",
"Signature": "",
"Alias": "",
"Scene": 0,
"VerifyFlag": 0,
"AttrStatus": 0,
"Sex": 0,
"Ticket": "",
"OpCode": 0
}
,
"ForwardFlag": 0,
"AppInfo": {
"AppID": "",
"Type": 0
}
,
"HasProductId": 0,
"Ticket": "",
"ImgHeight": 0,
"ImgWidth": 0,
"SubMsgType": 0,
"NewMsgId": 6786304510343466528
}
],
"ModContactCount": 0,
"ModContactList": [],
"DelContactCount": 0,
"DelContactList": [],
"ModChatRoomMemberCount": 0,
"ModChatRoomMemberList": [],
"Profile": {
"BitFlag": 0,
"UserName": {
"Buff": ""
}
,
"NickName": {
"Buff": ""
}
,
"BindUin": 0,
"BindEmail": {
"Buff": ""
}
,
"BindMobile": {
"Buff": ""
}
,
"Status": 0,
"Sex": 0,
"PersonalCard": 0,
"Alias": "",
"HeadImgUpdateFlag": 0,
"HeadImgUrl": "",
"Signature": ""
}
,
"ContinueFlag": 0,
"SyncKey": {
"Count": 10,
"List": [{
"Key": 1,
"Val": 644999874
}
,{
"Key": 2,
"Val": 645000105
}
,{
"Key": 3,
"Val": 644999686
}
,{
"Key": 11,
"Val": 645000004
}
,{
"Key": 13,
"Val": 644960002
}
,{
"Key": 201,
"Val": 1473228991
}
,{
"Key": 203,
"Val": 1473223565
}
,{
"Key": 1000,
"Val": 1473207661
}
,{
"Key": 1001,
"Val": 1473207692
}
,{
"Key": 1004,
"Val": 1473222489
}
]
}
,
"SKey": ""
}


2016-09-07 14:16:55,186
window.synccheck={retcode:"0",selector:"0"}

