2016-09-09 11:11:47,804
{
"BaseResponse": {
"Ret": 0,
"ErrMsg": ""
}
,
"MediaId": "@crypt_44e8e37_7f5964dcd4452142d64193b957b908ff34bae0e496ff2e2ae77c3af2e414731ed44d9f561d691b14d0430550c122c0c3a0e60f03f0f2d69ea023f242f0ddc73819a3cf69db7c69d9e0b9883237382fad51d6bd0dc3f9ffc9a66bfa8646e88ab9d0037688e5c94beaba0d7a83ba97841e4bfad2a2c037bc7552746dcc1a8ce8fc80b03b3980d021964ba02fb4ddab35994c6e1bcc335f64db0c70c05d1763dc41794767e6fd31d8620f77d6fddb3ebb4e9c23f576473dc3eb9220abd2c98b6f5c612a5b2f66819804c892916ba803667146748787617b46030eaf85e2c492295e17588b2cfa2a10518833aaf7d5c7d5a4b4b23fa8574016ffee2acc213dba466b40772bf71b934781825eaa3cdcfbd1dbfdbd0af93c863957590518695992fcbca24c97fef13276b298648d378d2fa7f25f974849e03b309a3d7ddaf9f9f9810a18973128ce78c37fb380690ec99724adc7a0209fdc64551a24d1cf5e6ce92fdc",
"StartPos": 121782,
"CDNThumbImgHeight": 100,
"CDNThumbImgWidth": 95
}


2016-09-09 11:11:47,914
window.synccheck={retcode:"0",selector:"2"}

2016-09-09 11:11:48,210
{
"BaseResponse": {
"Ret": 0,
"ErrMsg": ""
}
,
"AddMsgCount": 1,
"AddMsgList": [{
"MsgId": "7863682228395471284",
"FromUserName": "@3deb8b8cb29e59eee15e7946ae7e7c6375cf43514ad16b2b8254ef0b7be445e4",
"ToUserName": "@3deb8b8cb29e59eee15e7946ae7e7c6375cf43514ad16b2b8254ef0b7be445e4",
"MsgType": 51,
"Content": "&lt;msg&gt;<br/>&lt;op id='4'&gt;<br/>&lt;username&gt;7317539037@chatroom,ll1111118,2625353391@chatroom,wxid_c7lfopv50x8o11,lei1527358884,lkmgydx,wxid_73l4kvcyxnat21,7342076969@chatroom,wxid_0jlloqeynnx742,hngzzy,wxid_eez5jd62rik322,wxid_08794magg7db12,wxid_6jrtp4eyafeu22,xaiodongping,gh_3dfda90e39d6,wxid_pjpigq61uwcl22,wxid_p8qzl8s61r0j22,wxid_rdvuwunm5cyk22,wxid_wgf6rbst6cf621,wxid_cmxv52i4zbea22,7334478624@chatroom,wxid_fpito2m64qs422,wxid_ow3zyj9hh6bt22,gh_2fd49edce0c6,zk-520-mj,gh_8e26cd7f90fb,ccq19720523,7361478047@chatroom,7325478153@chatroom,wxid_5evoze3yxsfq22,wxid_gk8mcjc7zvzz22,wxid_mt83n7462gmi22,wxid_v3z7tprrt33b22,qq386523610,wxid_3b0iv4tliaws22,wxid_yf9p17ibo9g921,wxid_g0eo2somhy3e12,ncl4566732,wxid_1mh9ve4oggpd22,wxid_q64kr9n5r8fd22,wxid_dwlt4m5orxy031,wxid_5lue0i2ajlri21,wxid_5jvydo45gztg22,wxid_ckw77j5s736j22,wxid_19r6zfo3jw3h22,wxid_gk9tuzvvooq222,a728377660,wxid_1ouug9sezi0q22,wxid_rzyxjhrne31j21,wxid_yr2ibt1gupvp22,gh_9989c9147e44,wxid_brfd32a36r1222,q329684273,wxid_wuwtnsdexeoh12,kangxingxing7703,wxid_5akoj9zm30dr21,wxid_mown94dz4osr22,wxid_wr82gncpgxw122,wxid_vx0qmikanewl1,gh_00ad5eca0ea4,wxid_ex9308572a7p22,wxid_96t6fqredbgz22,wxid_ddqdbfkm9xz922,wxid_g8oo4jbfhpq222,aiwudinie,wxid_v9ndffu85tjx22,w2581582,wxid_0aqdxs38sj3r22,wxid_g2d7rhnu5gh841,bailan2360,wxid_omrqa3bekg4x22,wxid_m7mvybcr06qw11,wxid_8mobd3hvhbtq21,baobao945201314999,wxid_d98zn3pydyro21,wxid_jrhye5ombszt42,q316668439,wxid_9a5cclo741vj22,wxid_s8f1vqhd5cc521,wxid_211ncuo4vl6912,gh_b9826bdc8d64,wxid_fmh8mwgl4daa21,qq691383565,wxid_hpjgnjzinams22,wxid_vqmauy2c6gdr22,wxid_ykfmo6diccv612,CX573192115,wxid_tbc415v0u7c522,wxid_1skjrxd54bh221,wxid_8fhhlsoho1yn52,wxid_n0me87oq67xb11,wxid_vc9zm19dbkhl22,wxid_lxt9546tgk0322,wxid_pbzloe14gcu922,wxid_pjve99a2g1ka22,zhoutao426624,wxid_2uvxao84b50n22,wxid_8iuuc5kvzp7522,wxid_vv6uo3kjrion22,wxid_o7m93b00wvm821,wxid_3i2bs0jmxl5a12,malx67,gh_7aac992b0363,wxid_zhotzgow551922,wxid_damk7nwml6mf22,wxid_e4v1f1pg0hfq22,wxid_ud8acn8l6syn22,amymeixi88,wxid_we188psa72b921,wxid_vkyhonep0qz622,wxid_uoosgbaacaw212,wxid_jz90omw1ym1w22,cscs652,mphelper,wxid_ta2ppdpjxys422,wxid_d5dzv9d8j4m822,wxid_pvfsia17pfci22,wxid_wctzozhctfxr22,wxid_6018040181022,wxid_gecjgsshael921,amb_weixin,wxid_le4e9kiik92m22,wxid_9rsgfgbi4pbc21,wxid_2m6n301z60sr21,wxid_5afvobkzvx7e22,wxid_ikr8x6zyczwl22,wxid_7282362824221,mingming_lxm,1383984373@chatroom,2692398002@chatroom,wxid_1wc4f0dip5hv22,wxid_v1inkao71ypw21,wxid_pwkjkpuap2vf22,wxid_8zyeisw8wcsb22,Sakura5151,wxid_1ejsgfrclmbc12,wxid_o3yrpl7w4np22,wxid_sh14b0gatmpq22,wxid_uepdew2q7qu622,wxid_vortd6tnxlbc22,wxid_femygbpaxr8r22,wxid_9c3mlquvhgm822,beeveryday,wxid_s9mem75vcvr822,wxid_ukirt1gvuakx22,wxid_j8m9udfhekml22,wxid_77mctpfy9v9u22,wanshuntongxun123,wxid_jslw9ivohcpj22,wxid_fdirwctak7gj22,xiaoqi19880922,chenliangqin734310,wxid_fvejlobw4o521,xiaolushooter,yanxuegang8978,ly276820478,wxid_v8z1x4afoezd12,wxid_r5kh7etpvnt022,wxid_e2ll8vy3oxzm22,gh_741491a485a0,wxid_8bfbkmm16ypg22,biao892985793,w834642556,wxid_3923179229012,wf924394342,wxid_quwezxwf9skj21,wxid_cfxcxgwdheo422,wxid_gk2n9ll0ur6m22,wxid_5717blt8ja522,wxid_sjnv6bwakngc22,wxid_9iteuav63jsy22,wxid_s91zgyexrpkj22,wxid_tmnvp4usyavc22,wxid_dp8ljwosxw7b21,wxid_5625406253711,wxid_5t3whyvz71bd22,wxid_v9jpsqzot55q21,wxid_oizffpdjlfxr21,wxid_1887858879612,wxid_f1u4zgc7472m21,wxid_epj4gym6xtih22,wxid_fcgrnhldfw1m22,wxid_fromf82e9jvj21,wxid_a2lm0fu6d41t22,wxid_m3zwz5uyasrv11,wxid_a1un7d3eoqa922,wxid_7008610086311,yhx6866,wxid_o40e19s19uyg22,wxid_vdc9kgx5jrw542,wxid_fedojf6enrad22,wxid_kpyr9bzyq47222,wxid_y2hajkhvg5xe22,wxid_bvvgqbdnl8wv22,abcd717652881,wxid_yp5265ml12fk22,wxid_qmgmu11ril3r22,wxid_bqj4m70zf0r822,wxid_yj9bn1aq5mc821,lwchengloveher&lt;/username&gt;<br/>&lt;unreadchatlist&gt;<br/>&lt;chat&gt;<br/>&lt;username&gt;MomentsUnreadMsgStatus&lt;/username&gt;<br/>&lt;lastreadtime&gt;1457878636&lt;/lastreadtime&gt;<br/>&lt;/chat&gt;<br/>&lt;/unreadchatlist&gt;<br/>&lt;unreadfunctionlist&gt;<br/>&lt;/unreadfunctionlist&gt;<br/>&lt;/op&gt;<br/>&lt;/msg&gt;",
"Status": 3,
"ImgStatus": 1,
"CreateTime": 1473390703,
"VoiceLength": 0,
"PlayLength": 0,
"FileName": "",
"FileSize": "",
"MediaId": "",
"Url": "",
"AppMsgType": 0,
"StatusNotifyCode": 4,
"StatusNotifyUserName": "@@f05f9ed31a4bacfbbd33f70e44cbd0661f3ff0a89c672f11544b189cd1e1d9b4,@eb6af54c6c73b55e298a86cef0809de1,@@dc7360f4c59334e8993950ea24773c9b859766e3dfb4cd3a774cd6159711527a,@f1badf8dba571b5d2e65795e17839a75a973616a96221e8f28e01321ba5fcf98,@f0ac7b241cfdc5f1c8e9e3d9d2389c69,@40827d915f95d0262678a1ff1bbfe701,@e278957db4c6254e09416891f0ced921f0b2d50cd454be4a10fa852c14284602,@@5bf7b27adec8486ad9928b5a6f73642bcebaf76b7fb3c0e704b748d8798e069d,@ebc48bcc7965c31e4c7baf1227cf02ecf5cd1699c7538553bb21a6ddd7f37c5d,@4fa39cda4fab8d1385b202b436488e71,@b7fd2d471c16ced85782dd8f032644e52dc571aba0226e61e196eb94157674d9,@ec47172eb452c6eb4ee69846b355ec93220c64bcde3a41627483ffce6735e360,@4abbdeeae05a8e91131d5ca4439770dfc63c68883e36678d78640c7f050f79b8,@69adb111b6649b7ee372b3014665b147,@e46a3f62a2dfeddb20ce987f07913b93,@5bcf2a8dc60820b6f1a5796af7f48ec2dcce812ef65caa76bcd30a7c833d93bc,@db77ed5fe2cbdc2091a0ccee7209ef0f4efe0f7208158c478daca5c8cf4e2b3a,@3d9348869c2405d01224f98ebbdd5390e70808858ad29f35c6098b54d18ce60b,@08e5b35b6c214f9eed3a0019c26e6a25300f01ac80ad682eec253a44055364fc,@a926303172c58250e12dc5497afc26d81a0d08c76dcca222f03ab0bfb9b0484e,@@d4bcb3ea760f51efcad51941b2b84f899a7d0641de9dfd2769c15bd63fbab98a,@f296cfa259357d7acd041e05aeaa6c7a77c27b66085f6086e9f5e15fdfa78cdf,@b661480e1b7d69b0700b5e7ccf1420505619a475d9fb93aac20bd343cf3bd26e,@08578cb9d93d81ed562558303ea88bd8,@8817c557f13b3b41c7286f5c6590fd12,@68e5df208acad20a3feb9e5a8e99bab0,@02e83ff10fcd84bfce65b53593c0804c,@@d7e7ce4b57cacfc86be1aebf8ff5933d9e145800b44280cc9669c7dd59a5e66f,@@20118cbe2c89ec397811ccd247e97e2ef5c325f7bc433c3cc083d33808e29baf,@aebf404127cd028f038135ce16b0826b701f6bec7e980bb554318cc1b578571e,@eb43b716f60656f0e968bc76173a1db895b01d06e57b960b2148305944bdc553,@6f1651a1291ea95a7810115190de0d361d17ea894d5deee2955e11e33d1dcebb,@bd3bf3d14117d87e180b21a2f64511904f373c5dfa01002a29a22318e8801518,@7524b599e5ec164fa44c8ffed5178159,@83f2e3caa242734b3792adaf9ce37ba9d4ba7b5da84dc0f091db580cdb66dc36,@e5225276c107b8030b78c4c0b654c18d1115ca64bfa68928029f10470de9668a,@751cd1e22a22c25fc96c5f24f4dfcc8b42773df1ef91b9c86d609256ea4dc019,@8e3ac200c803e4b868820e87ce7d3890,@5de7b0df7d2a5f5943b8bc80f4796db2d0afe912210a4746975ace71a5626beb,@d2bfa794260178ec60083c4a9d1806b42da144e1325c973ec049fa8fe2270b49,@9359f9ad6d750489f71d7a878d65bed88b152bb7139d1dfb5aa4a821ceeb3ed9,@a4ed263a65868759fd94da8fd60543b51127d390452343ac673f4abf9a77bd7e,@616bfce8430418a2c803b9de7b614b3cd5866466b7a3c0982d9482733491b1b8,@be76a88e0f318b1138e7b5daeb39cde9a8b2a387e6ddd5a9fde267d5a637a842,@b1a34268f161213b4111d7f77ae48192cb076947a495a68fd579553a1eb5b8a8,@2849e656c150b8990db8091dface16367c35e55a9541692845aa7dad7bd0a985,@cd7b1abeb81b3122f7c2e5161c7f6981,@cff378f4903d63915dab17766b755e77a52f21f9f0c3c6b74c3bb58ce4b97fa4,@3deb8b8cb29e59eee15e7946ae7e7c6375cf43514ad16b2b8254ef0b7be445e4,@9529c6eda854ff586fce36a683b653f8535229c38ce8571f92ececf1de5b2d35,@83b33c708e8aac389057dde122ef9878,@0b13e6b3ed5f56707ed100985b0bc9c628d8421fc6cd8dde484f6f3b943e3fc0,@192ffef371fb555ed46502dc187cb0cf,@abb6231ae83643b7ab4bb4828d07ac6b951b1eb12416cfaaf1fcc23029346030,@0dc8f4e4b0a0e590d8e3a01c6f40ecfc07943d878154f8a4b5bf687da8355ffd,@6d543ff785b022a0a4b0aaea7838630d3a0450d5670397b1e7fc278a168c7cd2,@37c45a09e69d930dad6e991850b2da9d6f445d035f4dc4c83d615b782e5dab2f,@7eb4997cfaa8153e2ed4ca83cf0d4e54b2d2378fd9bbf7b6657778480324eae4,@f14254ee8cb2bd78d4277818d6d179755595ea7f300ff8e24ef2a122b7ff6bdf,@40968e1279330e5edadd42c3bfd835ab,@f8f93bf63f23e5f7156f2dbceb13afc5b6620ad0fb543a002d9aa8242f0df536,@5ad28bcdf12e6c670277c3563aaae2f9fea33be6cfbc06fc13faca9dfefbaae6,@9f9eb34bf2e8913cdc2a8acea08d3c852ccb319c1128bf462bcd8b1cc8a8b50e,@5e264b7e08fc0a5f53df72abdd39a31fc11b81c338a73ff5a166bd97910ebf28,@589e401cc9e34d191db81b77f53a32a4,@2bd91293f2b91745a922b6436058708b8206531f7d786f319fe0c32700b02564,@4f4252f6f943469da3cebee0ca91967d,@489a5a4dfb1137229709cadbddefe61de17c01846b62a3c6806d11f6db7c5b7e,@aba6e5dc4108d837218a0156e04b5012ec47329719e1493cb338da784b3f2837,@a7f95e0706d422546311c69fa83651ac,@c4a68cbd3da1648ca18828518932f04b46e65e759e54adda19f581df1c84ec93,@46f025328c769b752e9f1461d8665ddd9126202d838d96eb5937225b1fa323d6,@7d7d57a0ba3424113ff9408b00fa65d8eb06a03c34c8b28287e2600e79aad903,@7088aa16992ae4d859f59d117764ded292790521bf9470ab4f8ea73706cf7489,@241da73132c9458fb8553ecde212633a0ff3f550b2afa8d21c0dea6c972981e5,@219fb6fa803606e0488000b43597a69f243c847fb342126669382621930355fd,@c9237780b82247a307bd78ba16635085,@84bfc0af245da073cf77ffd3f8d615fe9d8081b2a60918c96d0e6457ef4a69e9,@ae2b8472ab698d00159f53eb66f47c666c3042c80b751e00bd1f301abac74a58,@719f1c0b4c510624ff0b144035dea98a1f8256c545580349fa8503f37088f71b,@c14b7256cdc38a03d9a53234cd04044b,@db75ab6d21fad7ddbb9a9c551a45b318a7cf18b61fd306a83d022196d6310be1,@f86a101cf258ded9062f3c0473aee63d,@520f4257df77f7478fa660b2f66eb4427bf9e12b78beb4b4cd1b9613e6a13b28,@43d681f780f236b01ac182da8495c9e4f5ad52bdb52f9568fb22fbc9134508e0,@aec9459dd60da938850f5ff4ae47a58ab1ddcf1982dda4945237af12f8e5405a,@18e73ffb7bc2728c966ffb002a3032d6,@369b8b6e741f43274ef918d570aad1617db2ee1e71ba254bf00933c0a6988141,@a356c7268493572d55dd39ea60fd5aa6768f898fca1c2c4a35e29d7a2adb8e74,@34dba9c6c0d72946ed14d92f38431f989aaba59fc56176395adf9187b8cd7e33,@79556f34126e2c1ee03d756655d675fbe8cdffd9cbaae2e95f13c9cc8d7ace6c,@195a12d90deb4d62c3ff573a781eb666709499a76634d929d30b9ede83b7cb75,@e36c96413db05647680df158ed9da5a32fcb581ca91195dbb837202c0a831e7c,@80b68a79dc9538bcde79b4dc2334af38f83a05b3c91503eaaad167b9b6de620d,@d5bc9cd25ef47d946c5eed24f7bfb552fa61b61e37f61cf1efaa51bc72680c5d,@a0f465933879e4ff1e70b2e1c6a3958b,@dab646df8154538dbc16a76c2a7019b63017f82d91d0c915a25f9510f725f147,@ee1069df30f07a7c21dc97f0f24309a444a4291ab2f0148b9db27c2a061738a0,@19d25cb9b2831349e1fd5aa7fa458a20e90317326f03b55d338eeb73a093909c,@158a4e0f8faf866825527ddf7a5618a653765d3686e596fcd25479c3de1df80a,@e4513d62ca0045753a6c2e75f26fb42b122585ef07b17eef422247f4448791db,@0faedeb1d934364172f57940e57c51ea,@47e62019ff96d8fae460319a578650f6,@bfd0b159f0327c444c2828ef00534bf509643252ae7ea76f0cfb4ef814a1d3c4,@b55f18de743a8e9232aa92f28ff8764734ab6e2636204fb82b45fb458e49d573,@ed90ab8a2e0bbe1016c864c3c70e3cffa7823a5cfd4da731fcca42824db98f58,@a30dd1060471a5b2e605c43b1b27e3f97a58183a48618de78b3c33659198db3f,@58df2faf447c5cd1dbe37d38df64cd7f,@2b6604116c2b02d067870e458e9dc4fe15cb7c6fe379baa09a0d8775f8509be8,@10bd6eb0f26441a2c7d872f5bd76e286b6aacd3b86f93c5394480c81d280725d,@d03fe372c0a0e50d1e8ee5e932394680c8898004cb21369d3334222b6873c112,@a5c18668668e33541b0c82ad5e8317cc781ae6ad2e3e1bfb8e0edeec501767c1,@47b74423e7cf49f96df2d7442bb702a3,@7e4618fa93d57c05ad9bfd65e4eb646c,@0c380a8c4eb23c830cd843c9bd67f45692361c8074f93749e031ec881d2d9d5d,@5bdad80a561c74f46f0032ac0431ecf5390e48ee36f1d7cf97bcb1ecd2f1a783,@ebfe96924ae3a3dae4fa353e787866b0b429cffc5f836a092dacb561040d92ac,@7a53e72cf2b6a9899e068394c0a01791b113c21a07cd9b6961962fd6400779a3,@aaeb2534a8270644563d96afe423150c56ffb2c906c243a0840d0ae35bacea00,@b5a79480882c043a368d3c3295e2925445f2241b3a6c5e256a046474c94930d7,@fbbda4e76b03186c3e96854196be632f,@c0e738e872969ff8913b7b1cacfbb439d6478a5aac2814597acea769156bb953,@c0166c1dd4803f0a3daf52e5a7dc40f0de97fbaaed05a31b827d6276fe53dcfa,@0a3531d939b51fa66b6930048c53284b85dea665396e703107133556061b0e29,@c0545102a375a65ab2ff998849d0ccd866faf3adbba41099435b07418318169a,@7e82d5d6878358de73c9479a3b857184bc4d7d4021462dc1ec0007a48fd56f1b,@5a694923e09b13865f02e9efa1fc9e4f3a3210123117b589fef3f387eb5e7125,@850239881836d88c69933a11bfeeb17b,@@8a8c08ef36ab91453b456e71c80025c919fcc02b508fe9a2b2968cd421f113de,@@5fe4cddafa61df45d07393b9b3079027e80cb1ef6e11f1dcea01cbb10869ebf6,@461108971beffe67119ddc117079ce85e637f3a7a226226aacb1c526f7f438a5,@42ed7a0c7d018a11aa0be33a6bb663fc508e660d9029099e46b8381d3f76460b,@31583c842a8ffc16896b41f9af3353eaa7d5a542618834cf1bf8f27931ec5b40,@f722c31fd64f8df7f66484c3c30ca92f76a44f0870ca031d036c8c5f436179f6,@789eb9b3fea5a79f7d0da83dff145142,@f9980d0c08fcaddc64d9a0f47a5283af1a1b787abbdae94e9b5fb9c545b8e5d8,@2cfaa44f8b12341b0f0223538859c63693a0a81099b6d6792d6782a2852cdf51,@f2f83784dd2d369bf23ee65178201188b2ca27aa6105b639ebbea03d4ea132da,@6b957dfb992326bf0efa467935e09c22ae8ba63ca5d907948555d18ca99d40cb,@ae471b4527e7ff4743486275a5b9a47c9cb5dc00fafbf4baf8a05a077ca94bca,@64cfbf6094a50802ba7c9b6f4b0459dde1467e4d4429ca62d9ed1cd0da595454,@34689d1368b3c69c242d1767b112d8082ecc6922310e70cfa54a282435db6f6a,@3a0b01fcd25a4e682c7f8428b0d9d3f2,@714ac22f019406dac18997085e6d0eba6717410077b96c7903b51c691e318541,@959096b03745b7f8c44af7f6c98e69204111333f7081040556e5f8191c25fbd5,@e4ad50acd4c60ba93f2f486e9e90e99236dba987ce401fcbdedf713559b996bb,@cef58287c013463923cfb102e352309e21dec872a50adbdddc8e28972ccabdc2,@2f73e0bcce936de1a01be007e6c4f5c3a855efd43fc3adbffa2844197277e156,@66845a503745776749579230db6ed3677ced7f7327cfe21cf11e7646f32f6486,@0674b0d512e112446170fa3edddcc5716f5116d2d1531eba75bfb99e2ba3d664,@cca001a9a8c22daf33601ff44c88c88b,@f6ca1036c0397482e27e859e2e7d4c4152e0fcf2b3a2bad45b29425b07019cbe,@84f5e8bb3925c70be415dc11eeee06a9acd7b09a48e0c1ffa606c03cd6db1011,@9a98cdfab2099fc4c6152c84a1bf44b8,@66a64b1cb8d5366befc087f7dc6abe9d,@f41c89090d5f05989477400ee27b8450,@1d8db6e1261c3c825cfa37b444673960d1c13f0cb630a0bebe3004e5d1f7a006,@eeb33018235856c1dedaf516cfa487f8c280e14417694cb8ce94ca74950a6107,@ba61c5671e30f31ab742dd5c164b6f9824935a815da6f020ed085fbe79ddcfdc,@ce5376e4e41c5008c4d9e1d5b45948e8,@99340d902be4bb61ee3cf1c2bcea1a994a74aac9f4573a6d4a509067ccf3c280,@89ef367ca0f7d3ee82ec029b78e03704,@8cb100a4a266c78f477ec947b614cdaf,@3ab6bc316722617c1263e8daded141b791ef72c6573585c1498d282483bb1ce0,@006121fa42ef3a46f8c6bfb6a3ae297e,@07669e567ff308978370111bd1de76699300054a5158b3b440ff81eb42fa80b9,@479a0b9eca5c55473041f21aa58b3323890e4931bb0519763299fc3869a65514,@4ec7e17e2316b8c4204725b6db520d0746c568d5bb4b938cdfde8409c2ecd881,@1223a0261032f04b69cabd1185dcb1f0492a71cc2f1721d16c122501a85c590e,@cc80b372c02da821de4a50abf29f6bf00f3eb9a467533108ce5edb07f58359aa,@66790b9cfe1595236ed8e0e5a4d6901a09e711fe0e2256e2c4f129918d2fe859,@5153b92a3b2b2ae79f6c3cfbeb24b4ea705c9a061b00e9bedbe0a87042d5b4b3,@7723da22a5c4171b87707b6ee7403fefe779b489b5c1bbea95ba061d9d80cbfe,@218e068d80603bae4542146147b3e7ebed1f6d10fd084183dcbb2101bc32b0f9,@5287022ec8f0a46a99efdf05d84c359f2a82de729a7a68c1d4ec1070d6024d1f,@f9d9330dc5131059e3d25dbedb508620903aaebd233672ac602c3e88f0647ba1,@dc0ceb453b3393fc1f8eb519511e67791c9c7c769ab12d4711d1cad908bedd84,@59fcdc89db3ada048a08c8f30a98adbe3eed7948a15e63c86eafd81297c5947b,@18b955fdf164955fb43da38abf18d42b8c16929ca4fee645f6b4225aa3bb8652,@1fdf40bac76b041fd2023fc8f61d92affb498c7ae600673d38e1165bda312fe8,@c170762f51492f08b46c0e76bfbb0194b75875e34e178ecbdae16e6a6f2d4177,@9e5741f9de99760bdff23353339bd899ab5cc1bf0bce2a47bd62af58f2eef9ee,@529deca5034bc067b2f3dd9dffe8ebecf6315d82fe5f002f69fd8de8c6d58d9f,@bf62929cf03379fe374ea28cdb88f60459b92038de7dcc10a847118d57fdd59c,@d865b7b3639950ebbb91ed885c9adb3967609cc04618f0c78d01c35f7e256368,@c65adce5df7805b9f0fdea1fb143ec2f0176e58246d6207e837021e8c1685776,@ff00b3713a69c0d1fb913815e2ab98d01db1e157548cdb14b1c6f70d039c20e4,@17a0abe5429eb971238a41501d7508b5,@12bc22fc654cb039b0b87beab6033d3411bca3748f3f159410f7680032db64d1,@f973921ddfd53512b19d6711eb1e86002c07f24f347d3e085bb99dd5926a5c38,@448ed9b250350445ac457e9d084f244fde813b3078bae251586115da5db92184,@a16440acf2d8e8cadd29a566c0d46a97c4366acebf0693b9f989a2b3238292b3,@4e49e0fe88e9aadf05a29ea41227610b916c6799965e065507612c217f11e68f,@b6f9fa89192c48df7644e54562123d7c3efd1d07735c1d75aa955dbf4d0a8612,@a4c2eb5172c280d7511943e0b3f31359,@003710771a7f29da0e8a097e1c805e5b6726f0976eb98cb6f0baf326ca7adba0,@1eeea87d465ba1fc2ee84f91120b73fa2ad21a6b6bdedb57374bb1a8c65f55e0,@72d9b1b7413d4e53723f6d0928172d6be71104017e38affb69fd6fb906984056,@883553541b6119a7a6f7a2c25bcf049c2b8328963ae7ffe3d35f45bdf7c7d6dd,@50a613053f38411fb462facd934bc32a",
"RecommendInfo": {
"UserName": "",
"NickName": "",
"QQNum": 0,
"Province": "",
"City": "",
"Content": "",
"Signature": "",
"Alias": "",
"Scene": 0,
"VerifyFlag": 0,
"AttrStatus": 0,
"Sex": 0,
"Ticket": "",
"OpCode": 0
}
,
"ForwardFlag": 0,
"AppInfo": {
"AppID": "",
"Type": 0
}
,
"HasProductId": 0,
"Ticket": "",
"ImgHeight": 0,
"ImgWidth": 0,
"SubMsgType": 0,
"NewMsgId": 7863682228395471284
}
],
"ModContactCount": 0,
"ModContactList": [],
"DelContactCount": 0,
"DelContactList": [],
"ModChatRoomMemberCount": 0,
"ModChatRoomMemberList": [],
"Profile": {
"BitFlag": 0,
"UserName": {
"Buff": ""
}
,
"NickName": {
"Buff": ""
}
,
"BindUin": 0,
"BindEmail": {
"Buff": ""
}
,
"BindMobile": {
"Buff": ""
}
,
"Status": 0,
"Sex": 0,
"PersonalCard": 0,
"Alias": "",
"HeadImgUpdateFlag": 0,
"HeadImgUrl": "",
"Signature": ""
}
,
"ContinueFlag": 0,
"SyncKey": {
"Count": 9,
"List": [{
"Key": 1,
"Val": 644999874
}
,{
"Key": 2,
"Val": 645000670
}
,{
"Key": 3,
"Val": 645000605
}
,{
"Key": 11,
"Val": 645000004
}
,{
"Key": 13,
"Val": 644960002
}
,{
"Key": 201,
"Val": 1473390703
}
,{
"Key": 1000,
"Val": 1473380641
}
,{
"Key": 1001,
"Val": 1473380672
}
,{
"Key": 1004,
"Val": 1473345471
}
]
}
,
"SKey": ""
}


2016-09-09 11:12:13,279
window.synccheck={retcode:"0",selector:"0"}

2016-09-09 11:12:38,364
window.synccheck={retcode:"0",selector:"0"}

2016-09-09 11:13:03,449
window.synccheck={retcode:"0",selector:"0"}

2016-09-09 11:13:04,790
window.synccheck={retcode:"0",selector:"2"}

2016-09-09 11:13:04,884
{
"BaseResponse": {
"Ret": 0,
"ErrMsg": ""
}
,
"AddMsgCount": 1,
"AddMsgList": [{
"MsgId": "8833003707926702378",
"FromUserName": "@3deb8b8cb29e59eee15e7946ae7e7c6375cf43514ad16b2b8254ef0b7be445e4",
"ToUserName": "@@5bf7b27adec8486ad9928b5a6f73642bcebaf76b7fb3c0e704b748d8798e069d",
"MsgType": 51,
"Content": "&lt;msg&gt;<br/>&lt;op id='2'&gt;<br/>&lt;username&gt;7342076969@chatroom&lt;/username&gt;<br/>&lt;/op&gt;<br/>&lt;/msg&gt;",
"Status": 3,
"ImgStatus": 1,
"CreateTime": 1473390784,
"VoiceLength": 0,
"PlayLength": 0,
"FileName": "",
"FileSize": "",
"MediaId": "",
"Url": "",
"AppMsgType": 0,
"StatusNotifyCode": 2,
"StatusNotifyUserName": "@@5bf7b27adec8486ad9928b5a6f73642bcebaf76b7fb3c0e704b748d8798e069d",
"RecommendInfo": {
"UserName": "",
"NickName": "",
"QQNum": 0,
"Province": "",
"City": "",
"Content": "",
"Signature": "",
"Alias": "",
"Scene": 0,
"VerifyFlag": 0,
"AttrStatus": 0,
"Sex": 0,
"Ticket": "",
"OpCode": 0
}
,
"ForwardFlag": 0,
"AppInfo": {
"AppID": "",
"Type": 0
}
,
"HasProductId": 0,
"Ticket": "",
"ImgHeight": 0,
"ImgWidth": 0,
"SubMsgType": 0,
"NewMsgId": 8833003707926702378
}
],
"ModContactCount": 0,
"ModContactList": [],
"DelContactCount": 0,
"DelContactList": [],
"ModChatRoomMemberCount": 0,
"ModChatRoomMemberList": [],
"Profile": {
"BitFlag": 0,
"UserName": {
"Buff": ""
}
,
"NickName": {
"Buff": ""
}
,
"BindUin": 0,
"BindEmail": {
"Buff": ""
}
,
"BindMobile": {
"Buff": ""
}
,
"Status": 0,
"Sex": 0,
"PersonalCard": 0,
"Alias": "",
"HeadImgUpdateFlag": 0,
"HeadImgUrl": "",
"Signature": ""
}
,
"ContinueFlag": 0,
"SyncKey": {
"Count": 9,
"List": [{
"Key": 1,
"Val": 644999874
}
,{
"Key": 2,
"Val": 645000671
}
,{
"Key": 3,
"Val": 645000605
}
,{
"Key": 11,
"Val": 645000004
}
,{
"Key": 13,
"Val": 644960002
}
,{
"Key": 201,
"Val": 1473390784
}
,{
"Key": 1000,
"Val": 1473380641
}
,{
"Key": 1001,
"Val": 1473380672
}
,{
"Key": 1004,
"Val": 1473345471
}
]
}
,
"SKey": ""
}


2016-09-09 11:13:07,957
window.synccheck={retcode:"0",selector:"2"}

2016-09-09 11:13:08,066
{
"BaseResponse": {
"Ret": 0,
"ErrMsg": ""
}
,
"AddMsgCount": 1,
"AddMsgList": [{
"MsgId": "9199355857137161787",
"FromUserName": "@3deb8b8cb29e59eee15e7946ae7e7c6375cf43514ad16b2b8254ef0b7be445e4",
"ToUserName": "@@5bf7b27adec8486ad9928b5a6f73642bcebaf76b7fb3c0e704b748d8798e069d",
"MsgType": 51,
"Content": "&lt;msg&gt;<br/>&lt;op id='5'&gt;<br/>&lt;username&gt;7342076969@chatroom&lt;/username&gt;<br/>&lt;/op&gt;<br/>&lt;/msg&gt;",
"Status": 3,
"ImgStatus": 1,
"CreateTime": 1473390787,
"VoiceLength": 0,
"PlayLength": 0,
"FileName": "",
"FileSize": "",
"MediaId": "",
"Url": "",
"AppMsgType": 0,
"StatusNotifyCode": 5,
"StatusNotifyUserName": "@@5bf7b27adec8486ad9928b5a6f73642bcebaf76b7fb3c0e704b748d8798e069d",
"RecommendInfo": {
"UserName": "",
"NickName": "",
"QQNum": 0,
"Province": "",
"City": "",
"Content": "",
"Signature": "",
"Alias": "",
"Scene": 0,
"VerifyFlag": 0,
"AttrStatus": 0,
"Sex": 0,
"Ticket": "",
"OpCode": 0
}
,
"ForwardFlag": 0,
"AppInfo": {
"AppID": "",
"Type": 0
}
,
"HasProductId": 0,
"Ticket": "",
"ImgHeight": 0,
"ImgWidth": 0,
"SubMsgType": 0,
"NewMsgId": 9199355857137161787
}
],
"ModContactCount": 0,
"ModContactList": [],
"DelContactCount": 0,
"DelContactList": [],
"ModChatRoomMemberCount": 0,
"ModChatRoomMemberList": [],
"Profile": {
"BitFlag": 0,
"UserName": {
"Buff": ""
}
,
"NickName": {
"Buff": ""
}
,
"BindUin": 0,
"BindEmail": {
"Buff": ""
}
,
"BindMobile": {
"Buff": ""
}
,
"Status": 0,
"Sex": 0,
"PersonalCard": 0,
"Alias": "",
"HeadImgUpdateFlag": 0,
"HeadImgUrl": "",
"Signature": ""
}
,
"ContinueFlag": 0,
"SyncKey": {
"Count": 9,
"List": [{
"Key": 1,
"Val": 644999874
}
,{
"Key": 2,
"Val": 645000672
}
,{
"Key": 3,
"Val": 645000605
}
,{
"Key": 11,
"Val": 645000004
}
,{
"Key": 13,
"Val": 644960002
}
,{
"Key": 201,
"Val": 1473390787
}
,{
"Key": 1000,
"Val": 1473380641
}
,{
"Key": 1001,
"Val": 1473380672
}
,{
"Key": 1004,
"Val": 1473345471
}
]
}
,
"SKey": ""
}


2016-09-09 11:13:33,155
window.synccheck={retcode:"0",selector:"0"}

2016-09-09 11:13:56,727
window.synccheck={retcode:"0",selector:"2"}

2016-09-09 11:13:56,836
{
"BaseResponse": {
"Ret": 0,
"ErrMsg": ""
}
,
"AddMsgCount": 1,
"AddMsgList": [{
"MsgId": "5977841423776664459",
"FromUserName": "@3deb8b8cb29e59eee15e7946ae7e7c6375cf43514ad16b2b8254ef0b7be445e4",
"ToUserName": "@@5bf7b27adec8486ad9928b5a6f73642bcebaf76b7fb3c0e704b748d8798e069d",
"MsgType": 51,
"Content": "&lt;msg&gt;<br/>&lt;op id='2'&gt;<br/>&lt;username&gt;7342076969@chatroom&lt;/username&gt;<br/>&lt;/op&gt;<br/>&lt;/msg&gt;",
"Status": 3,
"ImgStatus": 1,
"CreateTime": 1473390835,
"VoiceLength": 0,
"PlayLength": 0,
"FileName": "",
"FileSize": "",
"MediaId": "",
"Url": "",
"AppMsgType": 0,
"StatusNotifyCode": 2,
"StatusNotifyUserName": "@@5bf7b27adec8486ad9928b5a6f73642bcebaf76b7fb3c0e704b748d8798e069d",
"RecommendInfo": {
"UserName": "",
"NickName": "",
"QQNum": 0,
"Province": "",
"City": "",
"Content": "",
"Signature": "",
"Alias": "",
"Scene": 0,
"VerifyFlag": 0,
"AttrStatus": 0,
"Sex": 0,
"Ticket": "",
"OpCode": 0
}
,
"ForwardFlag": 0,
"AppInfo": {
"AppID": "",
"Type": 0
}
,
"HasProductId": 0,
"Ticket": "",
"ImgHeight": 0,
"ImgWidth": 0,
"SubMsgType": 0,
"NewMsgId": 5977841423776664459
}
],
"ModContactCount": 0,
"ModContactList": [],
"DelContactCount": 0,
"DelContactList": [],
"ModChatRoomMemberCount": 0,
"ModChatRoomMemberList": [],
"Profile": {
"BitFlag": 0,
"UserName": {
"Buff": ""
}
,
"NickName": {
"Buff": ""
}
,
"BindUin": 0,
"BindEmail": {
"Buff": ""
}
,
"BindMobile": {
"Buff": ""
}
,
"Status": 0,
"Sex": 0,
"PersonalCard": 0,
"Alias": "",
"HeadImgUpdateFlag": 0,
"HeadImgUrl": "",
"Signature": ""
}
,
"ContinueFlag": 0,
"SyncKey": {
"Count": 9,
"List": [{
"Key": 1,
"Val": 644999874
}
,{
"Key": 2,
"Val": 645000673
}
,{
"Key": 3,
"Val": 645000605
}
,{
"Key": 11,
"Val": 645000004
}
,{
"Key": 13,
"Val": 644960002
}
,{
"Key": 201,
"Val": 1473390835
}
,{
"Key": 1000,
"Val": 1473380641
}
,{
"Key": 1001,
"Val": 1473380672
}
,{
"Key": 1004,
"Val": 1473345471
}
]
}
,
"SKey": ""
}


2016-09-09 11:13:57,257
window.synccheck={retcode:"0",selector:"2"}

2016-09-09 11:13:57,366
{
"BaseResponse": {
"Ret": 0,
"ErrMsg": ""
}
,
"AddMsgCount": 1,
"AddMsgList": [{
"MsgId": "3803691006989652669",
"FromUserName": "@3deb8b8cb29e59eee15e7946ae7e7c6375cf43514ad16b2b8254ef0b7be445e4",
"ToUserName": "@@5bf7b27adec8486ad9928b5a6f73642bcebaf76b7fb3c0e704b748d8798e069d",
"MsgType": 51,
"Content": "&lt;msg&gt;<br/>&lt;op id='5'&gt;<br/>&lt;username&gt;7342076969@chatroom&lt;/username&gt;<br/>&lt;/op&gt;<br/>&lt;/msg&gt;",
"Status": 3,
"ImgStatus": 1,
"CreateTime": 1473390837,
"VoiceLength": 0,
"PlayLength": 0,
"FileName": "",
"FileSize": "",
"MediaId": "",
"Url": "",
"AppMsgType": 0,
"StatusNotifyCode": 5,
"StatusNotifyUserName": "@@5bf7b27adec8486ad9928b5a6f73642bcebaf76b7fb3c0e704b748d8798e069d",
"RecommendInfo": {
"UserName": "",
"NickName": "",
"QQNum": 0,
"Province": "",
"City": "",
"Content": "",
"Signature": "",
"Alias": "",
"Scene": 0,
"VerifyFlag": 0,
"AttrStatus": 0,
"Sex": 0,
"Ticket": "",
"OpCode": 0
}
,
"ForwardFlag": 0,
"AppInfo": {
"AppID": "",
"Type": 0
}
,
"HasProductId": 0,
"Ticket": "",
"ImgHeight": 0,
"ImgWidth": 0,
"SubMsgType": 0,
"NewMsgId": 3803691006989652669
}
],
"ModContactCount": 0,
"ModContactList": [],
"DelContactCount": 0,
"DelContactList": [],
"ModChatRoomMemberCount": 0,
"ModChatRoomMemberList": [],
"Profile": {
"BitFlag": 0,
"UserName": {
"Buff": ""
}
,
"NickName": {
"Buff": ""
}
,
"BindUin": 0,
"BindEmail": {
"Buff": ""
}
,
"BindMobile": {
"Buff": ""
}
,
"Status": 0,
"Sex": 0,
"PersonalCard": 0,
"Alias": "",
"HeadImgUpdateFlag": 0,
"HeadImgUrl": "",
"Signature": ""
}
,
"ContinueFlag": 0,
"SyncKey": {
"Count": 9,
"List": [{
"Key": 1,
"Val": 644999874
}
,{
"Key": 2,
"Val": 645000674
}
,{
"Key": 3,
"Val": 645000605
}
,{
"Key": 11,
"Val": 645000004
}
,{
"Key": 13,
"Val": 644960002
}
,{
"Key": 201,
"Val": 1473390837
}
,{
"Key": 1000,
"Val": 1473380641
}
,{
"Key": 1001,
"Val": 1473380672
}
,{
"Key": 1004,
"Val": 1473345471
}
]
}
,
"SKey": ""
}


2016-09-09 11:13:58,801
window.synccheck={retcode:"0",selector:"2"}

2016-09-09 11:13:58,911
{
"BaseResponse": {
"Ret": 0,
"ErrMsg": ""
}
,
"AddMsgCount": 1,
"AddMsgList": [{
"MsgId": "5164859436265579728",
"FromUserName": "@3deb8b8cb29e59eee15e7946ae7e7c6375cf43514ad16b2b8254ef0b7be445e4",
"ToUserName": "@@5bf7b27adec8486ad9928b5a6f73642bcebaf76b7fb3c0e704b748d8798e069d",
"MsgType": 51,
"Content": "&lt;msg&gt;<br/>&lt;op id='2'&gt;<br/>&lt;username&gt;7342076969@chatroom&lt;/username&gt;<br/>&lt;/op&gt;<br/>&lt;/msg&gt;",
"Status": 3,
"ImgStatus": 1,
"CreateTime": 1473390838,
"VoiceLength": 0,
"PlayLength": 0,
"FileName": "",
"FileSize": "",
"MediaId": "",
"Url": "",
"AppMsgType": 0,
"StatusNotifyCode": 2,
"StatusNotifyUserName": "@@5bf7b27adec8486ad9928b5a6f73642bcebaf76b7fb3c0e704b748d8798e069d",
"RecommendInfo": {
"UserName": "",
"NickName": "",
"QQNum": 0,
"Province": "",
"City": "",
"Content": "",
"Signature": "",
"Alias": "",
"Scene": 0,
"VerifyFlag": 0,
"AttrStatus": 0,
"Sex": 0,
"Ticket": "",
"OpCode": 0
}
,
"ForwardFlag": 0,
"AppInfo": {
"AppID": "",
"Type": 0
}
,
"HasProductId": 0,
"Ticket": "",
"ImgHeight": 0,
"ImgWidth": 0,
"SubMsgType": 0,
"NewMsgId": 5164859436265579728
}
],
"ModContactCount": 0,
"ModContactList": [],
"DelContactCount": 0,
"DelContactList": [],
"ModChatRoomMemberCount": 0,
"ModChatRoomMemberList": [],
"Profile": {
"BitFlag": 0,
"UserName": {
"Buff": ""
}
,
"NickName": {
"Buff": ""
}
,
"BindUin": 0,
"BindEmail": {
"Buff": ""
}
,
"BindMobile": {
"Buff": ""
}
,
"Status": 0,
"Sex": 0,
"PersonalCard": 0,
"Alias": "",
"HeadImgUpdateFlag": 0,
"HeadImgUrl": "",
"Signature": ""
}
,
"ContinueFlag": 0,
"SyncKey": {
"Count": 9,
"List": [{
"Key": 1,
"Val": 644999874
}
,{
"Key": 2,
"Val": 645000675
}
,{
"Key": 3,
"Val": 645000605
}
,{
"Key": 11,
"Val": 645000004
}
,{
"Key": 13,
"Val": 644960002
}
,{
"Key": 201,
"Val": 1473390838
}
,{
"Key": 1000,
"Val": 1473380641
}
,{
"Key": 1001,
"Val": 1473380672
}
,{
"Key": 1004,
"Val": 1473345471
}
]
}
,
"SKey": ""
}


2016-09-09 11:14:02,343
window.synccheck={retcode:"0",selector:"0"}

2016-09-09 11:14:03,419
window.synccheck={retcode:"0",selector:"2"}

2016-09-09 11:14:03,606
{
"BaseResponse": {
"Ret": 0,
"ErrMsg": ""
}
,
"AddMsgCount": 1,
"AddMsgList": [{
"MsgId": "3959748124700572968",
"FromUserName": "@3deb8b8cb29e59eee15e7946ae7e7c6375cf43514ad16b2b8254ef0b7be445e4",
"ToUserName": "@@5bf7b27adec8486ad9928b5a6f73642bcebaf76b7fb3c0e704b748d8798e069d",
"MsgType": 51,
"Content": "&lt;msg&gt;<br/>&lt;op id='5'&gt;<br/>&lt;username&gt;7342076969@chatroom&lt;/username&gt;<br/>&lt;/op&gt;<br/>&lt;/msg&gt;",
"Status": 3,
"ImgStatus": 1,
"CreateTime": 1473390843,
"VoiceLength": 0,
"PlayLength": 0,
"FileName": "",
"FileSize": "",
"MediaId": "",
"Url": "",
"AppMsgType": 0,
"StatusNotifyCode": 5,
"StatusNotifyUserName": "@@5bf7b27adec8486ad9928b5a6f73642bcebaf76b7fb3c0e704b748d8798e069d",
"RecommendInfo": {
"UserName": "",
"NickName": "",
"QQNum": 0,
"Province": "",
"City": "",
"Content": "",
"Signature": "",
"Alias": "",
"Scene": 0,
"VerifyFlag": 0,
"AttrStatus": 0,
"Sex": 0,
"Ticket": "",
"OpCode": 0
}
,
"ForwardFlag": 0,
"AppInfo": {
"AppID": "",
"Type": 0
}
,
"HasProductId": 0,
"Ticket": "",
"ImgHeight": 0,
"ImgWidth": 0,
"SubMsgType": 0,
"NewMsgId": 3959748124700572968
}
],
"ModContactCount": 1,
"ModContactList": [{
"UserName": "@@5bf7b27adec8486ad9928b5a6f73642bcebaf76b7fb3c0e704b748d8798e069d",
"NickName": "这是测试",
"Sex": 0,
"HeadImgUpdateFlag": 1,
"ContactType": 0,
"Alias": "",
"ChatRoomOwner": "@ebc48bcc7965c31e4c7baf1227cf02ecf5cd1699c7538553bb21a6ddd7f37c5d",
"HeadImgUrl": "/cgi-bin/mmwebwx-bin/webwxgetheadimg?seq=0&username=@@5bf7b27adec8486ad9928b5a6f73642bcebaf76b7fb3c0e704b748d8798e069d&skey=@crypt_824100a9_fb0877bc223c953a017c187428674963",
"ContactFlag": 2051,
"MemberCount": 2,
"MemberList": [{
"Uin": 2629397701,
"UserName": "@ebc48bcc7965c31e4c7baf1227cf02ecf5cd1699c7538553bb21a6ddd7f37c5d",
"NickName": "朱攀",
"AttrStatus": 185,
"PYInitial": "",
"PYQuanPin": "",
"RemarkPYInitial": "",
"RemarkPYQuanPin": "",
"MemberStatus": 0,
"DisplayName": "",
"KeyWord": ""
}
,{
"Uin": 1740039985,
"UserName": "@3deb8b8cb29e59eee15e7946ae7e7c6375cf43514ad16b2b8254ef0b7be445e4",
"NickName": "不服输",
"AttrStatus": 235813,
"PYInitial": "",
"PYQuanPin": "",
"RemarkPYInitial": "",
"RemarkPYQuanPin": "",
"MemberStatus": 0,
"DisplayName": "",
"KeyWord": ""
}
],
"HideInputBarFlag": 0,
"Signature": "",
"VerifyFlag": 0,
"RemarkName": "",
"Statues": 1,
"AttrStatus": 0,
"Province": "",
"City": "",
"SnsFlag": 0,
"KeyWord": ""
}
],
"DelContactCount": 0,
"DelContactList": [],
"ModChatRoomMemberCount": 0,
"ModChatRoomMemberList": [],
"Profile": {
"BitFlag": 0,
"UserName": {
"Buff": ""
}
,
"NickName": {
"Buff": ""
}
,
"BindUin": 0,
"BindEmail": {
"Buff": ""
}
,
"BindMobile": {
"Buff": ""
}
,
"Status": 0,
"Sex": 0,
"PersonalCard": 0,
"Alias": "",
"HeadImgUpdateFlag": 0,
"HeadImgUrl": "",
"Signature": ""
}
,
"ContinueFlag": 0,
"SyncKey": {
"Count": 10,
"List": [{
"Key": 1,
"Val": 644999874
}
,{
"Key": 2,
"Val": 645000677
}
,{
"Key": 3,
"Val": 645000605
}
,{
"Key": 11,
"Val": 645000676
}
,{
"Key": 13,
"Val": 644960002
}
,{
"Key": 201,
"Val": 1473390843
}
,{
"Key": 203,
"Val": 1473390842
}
,{
"Key": 1000,
"Val": 1473380641
}
,{
"Key": 1001,
"Val": 1473380672
}
,{
"Key": 1004,
"Val": 1473345471
}
]
}
,
"SKey": ""
}


2016-09-09 11:14:03,856
window.synccheck={retcode:"0",selector:"2"}

2016-09-09 11:14:03,996
{
"BaseResponse": {
"Ret": 0,
"ErrMsg": ""
}
,
"AddMsgCount": 0,
"AddMsgList": [],
"ModContactCount": 0,
"ModContactList": [],
"DelContactCount": 0,
"DelContactList": [],
"ModChatRoomMemberCount": 0,
"ModChatRoomMemberList": [],
"Profile": {
"BitFlag": 0,
"UserName": {
"Buff": ""
}
,
"NickName": {
"Buff": ""
}
,
"BindUin": 0,
"BindEmail": {
"Buff": ""
}
,
"BindMobile": {
"Buff": ""
}
,
"Status": 0,
"Sex": 0,
"PersonalCard": 0,
"Alias": "",
"HeadImgUpdateFlag": 0,
"HeadImgUrl": "",
"Signature": ""
}
,
"ContinueFlag": 0,
"SyncKey": {
"Count": 10,
"List": [{
"Key": 1,
"Val": 644999874
}
,{
"Key": 2,
"Val": 645000678
}
,{
"Key": 3,
"Val": 645000605
}
,{
"Key": 11,
"Val": 645000676
}
,{
"Key": 13,
"Val": 644960002
}
,{
"Key": 201,
"Val": 1473390843
}
,{
"Key": 203,
"Val": 1473390842
}
,{
"Key": 1000,
"Val": 1473380641
}
,{
"Key": 1001,
"Val": 1473380672
}
,{
"Key": 1004,
"Val": 1473345471
}
]
}
,
"SKey": ""
}


2016-09-09 11:14:04,043
window.synccheck={retcode:"0",selector:"2"}

2016-09-09 11:14:04,183
{
"BaseResponse": {
"Ret": 0,
"ErrMsg": ""
}
,
"AddMsgCount": 0,
"AddMsgList": [],
"ModContactCount": 0,
"ModContactList": [],
"DelContactCount": 0,
"DelContactList": [],
"ModChatRoomMemberCount": 0,
"ModChatRoomMemberList": [],
"Profile": {
"BitFlag": 0,
"UserName": {
"Buff": ""
}
,
"NickName": {
"Buff": ""
}
,
"BindUin": 0,
"BindEmail": {
"Buff": ""
}
,
"BindMobile": {
"Buff": ""
}
,
"Status": 0,
"Sex": 0,
"PersonalCard": 0,
"Alias": "",
"HeadImgUpdateFlag": 0,
"HeadImgUrl": "",
"Signature": ""
}
,
"ContinueFlag": 0,
"SyncKey": {
"Count": 10,
"List": [{
"Key": 1,
"Val": 644999874
}
,{
"Key": 2,
"Val": 645000678
}
,{
"Key": 3,
"Val": 645000605
}
,{
"Key": 11,
"Val": 645000676
}
,{
"Key": 13,
"Val": 644960002
}
,{
"Key": 201,
"Val": 1473390843
}
,{
"Key": 203,
"Val": 1473390842
}
,{
"Key": 1000,
"Val": 1473380641
}
,{
"Key": 1001,
"Val": 1473380672
}
,{
"Key": 1004,
"Val": 1473345471
}
]
}
,
"SKey": ""
}


2016-09-09 11:14:04,230
window.synccheck={retcode:"0",selector:"2"}

2016-09-09 11:14:04,386
{
"BaseResponse": {
"Ret": 0,
"ErrMsg": ""
}
,
"AddMsgCount": 0,
"AddMsgList": [],
"ModContactCount": 0,
"ModContactList": [],
"DelContactCount": 0,
"DelContactList": [],
"ModChatRoomMemberCount": 0,
"ModChatRoomMemberList": [],
"Profile": {
"BitFlag": 0,
"UserName": {
"Buff": ""
}
,
"NickName": {
"Buff": ""
}
,
"BindUin": 0,
"BindEmail": {
"Buff": ""
}
,
"BindMobile": {
"Buff": ""
}
,
"Status": 0,
"Sex": 0,
"PersonalCard": 0,
"Alias": "",
"HeadImgUpdateFlag": 0,
"HeadImgUrl": "",
"Signature": ""
}
,
"ContinueFlag": 0,
"SyncKey": {
"Count": 10,
"List": [{
"Key": 1,
"Val": 644999874
}
,{
"Key": 2,
"Val": 645000678
}
,{
"Key": 3,
"Val": 645000605
}
,{
"Key": 11,
"Val": 645000676
}
,{
"Key": 13,
"Val": 644960002
}
,{
"Key": 201,
"Val": 1473390843
}
,{
"Key": 203,
"Val": 1473390842
}
,{
"Key": 1000,
"Val": 1473380641
}
,{
"Key": 1001,
"Val": 1473380672
}
,{
"Key": 1004,
"Val": 1473345471
}
]
}
,
"SKey": ""
}


2016-09-09 11:14:04,417
window.synccheck={retcode:"0",selector:"2"}

2016-09-09 11:14:04,620
{
"BaseResponse": {
"Ret": 0,
"ErrMsg": ""
}
,
"AddMsgCount": 0,
"AddMsgList": [],
"ModContactCount": 0,
"ModContactList": [],
"DelContactCount": 0,
"DelContactList": [],
"ModChatRoomMemberCount": 0,
"ModChatRoomMemberList": [],
"Profile": {
"BitFlag": 0,
"UserName": {
"Buff": ""
}
,
"NickName": {
"Buff": ""
}
,
"BindUin": 0,
"BindEmail": {
"Buff": ""
}
,
"BindMobile": {
"Buff": ""
}
,
"Status": 0,
"Sex": 0,
"PersonalCard": 0,
"Alias": "",
"HeadImgUpdateFlag": 0,
"HeadImgUrl": "",
"Signature": ""
}
,
"ContinueFlag": 0,
"SyncKey": {
"Count": 10,
"List": [{
"Key": 1,
"Val": 644999874
}
,{
"Key": 2,
"Val": 645000678
}
,{
"Key": 3,
"Val": 645000605
}
,{
"Key": 11,
"Val": 645000676
}
,{
"Key": 13,
"Val": 644960002
}
,{
"Key": 201,
"Val": 1473390843
}
,{
"Key": 203,
"Val": 1473390842
}
,{
"Key": 1000,
"Val": 1473380641
}
,{
"Key": 1001,
"Val": 1473380672
}
,{
"Key": 1004,
"Val": 1473345471
}
]
}
,
"SKey": ""
}


2016-09-09 11:14:04,667
window.synccheck={retcode:"0",selector:"2"}

2016-09-09 11:14:04,807
{
"BaseResponse": {
"Ret": 0,
"ErrMsg": ""
}
,
"AddMsgCount": 0,
"AddMsgList": [],
"ModContactCount": 0,
"ModContactList": [],
"DelContactCount": 0,
"DelContactList": [],
"ModChatRoomMemberCount": 0,
"ModChatRoomMemberList": [],
"Profile": {
"BitFlag": 0,
"UserName": {
"Buff": ""
}
,
"NickName": {
"Buff": ""
}
,
"BindUin": 0,
"BindEmail": {
"Buff": ""
}
,
"BindMobile": {
"Buff": ""
}
,
"Status": 0,
"Sex": 0,
"PersonalCard": 0,
"Alias": "",
"HeadImgUpdateFlag": 0,
"HeadImgUrl": "",
"Signature": ""
}
,
"ContinueFlag": 0,
"SyncKey": {
"Count": 10,
"List": [{
"Key": 1,
"Val": 644999874
}
,{
"Key": 2,
"Val": 645000678
}
,{
"Key": 3,
"Val": 645000605
}
,{
"Key": 11,
"Val": 645000676
}
,{
"Key": 13,
"Val": 644960002
}
,{
"Key": 201,
"Val": 1473390843
}
,{
"Key": 203,
"Val": 1473390842
}
,{
"Key": 1000,
"Val": 1473380641
}
,{
"Key": 1001,
"Val": 1473380672
}
,{
"Key": 1004,
"Val": 1473345471
}
]
}
,
"SKey": ""
}


2016-09-09 11:14:04,870
window.synccheck={retcode:"0",selector:"2"}

2016-09-09 11:14:04,995
{
"BaseResponse": {
"Ret": 0,
"ErrMsg": ""
}
,
"AddMsgCount": 0,
"AddMsgList": [],
"ModContactCount": 0,
"ModContactList": [],
"DelContactCount": 0,
"DelContactList": [],
"ModChatRoomMemberCount": 0,
"ModChatRoomMemberList": [],
"Profile": {
"BitFlag": 0,
"UserName": {
"Buff": ""
}
,
"NickName": {
"Buff": ""
}
,
"BindUin": 0,
"BindEmail": {
"Buff": ""
}
,
"BindMobile": {
"Buff": ""
}
,
"Status": 0,
"Sex": 0,
"PersonalCard": 0,
"Alias": "",
"HeadImgUpdateFlag": 0,
"HeadImgUrl": "",
"Signature": ""
}
,
"ContinueFlag": 0,
"SyncKey": {
"Count": 10,
"List": [{
"Key": 1,
"Val": 644999874
}
,{
"Key": 2,
"Val": 645000678
}
,{
"Key": 3,
"Val": 645000605
}
,{
"Key": 11,
"Val": 645000676
}
,{
"Key": 13,
"Val": 644960002
}
,{
"Key": 201,
"Val": 1473390843
}
,{
"Key": 203,
"Val": 1473390842
}
,{
"Key": 1000,
"Val": 1473380641
}
,{
"Key": 1001,
"Val": 1473380672
}
,{
"Key": 1004,
"Val": 1473345471
}
]
}
,
"SKey": ""
}


2016-09-09 11:14:05,026
window.synccheck={retcode:"0",selector:"2"}

2016-09-09 11:14:05,197
{
"BaseResponse": {
"Ret": 0,
"ErrMsg": ""
}
,
"AddMsgCount": 0,
"AddMsgList": [],
"ModContactCount": 0,
"ModContactList": [],
"DelContactCount": 0,
"DelContactList": [],
"ModChatRoomMemberCount": 0,
"ModChatRoomMemberList": [],
"Profile": {
"BitFlag": 0,
"UserName": {
"Buff": ""
}
,
"NickName": {
"Buff": ""
}
,
"BindUin": 0,
"BindEmail": {
"Buff": ""
}
,
"BindMobile": {
"Buff": ""
}
,
"Status": 0,
"Sex": 0,
"PersonalCard": 0,
"Alias": "",
"HeadImgUpdateFlag": 0,
"HeadImgUrl": "",
"Signature": ""
}
,
"ContinueFlag": 0,
"SyncKey": {
"Count": 10,
"List": [{
"Key": 1,
"Val": 644999874
}
,{
"Key": 2,
"Val": 645000678
}
,{
"Key": 3,
"Val": 645000605
}
,{
"Key": 11,
"Val": 645000676
}
,{
"Key": 13,
"Val": 644960002
}
,{
"Key": 201,
"Val": 1473390843
}
,{
"Key": 203,
"Val": 1473390842
}
,{
"Key": 1000,
"Val": 1473380641
}
,{
"Key": 1001,
"Val": 1473380672
}
,{
"Key": 1004,
"Val": 1473345471
}
]
}
,
"SKey": ""
}


2016-09-09 11:14:05,244
window.synccheck={retcode:"0",selector:"2"}

2016-09-09 11:14:05,416
{
"BaseResponse": {
"Ret": 0,
"ErrMsg": ""
}
,
"AddMsgCount": 0,
"AddMsgList": [],
"ModContactCount": 0,
"ModContactList": [],
"DelContactCount": 0,
"DelContactList": [],
"ModChatRoomMemberCount": 0,
"ModChatRoomMemberList": [],
"Profile": {
"BitFlag": 0,
"UserName": {
"Buff": ""
}
,
"NickName": {
"Buff": ""
}
,
"BindUin": 0,
"BindEmail": {
"Buff": ""
}
,
"BindMobile": {
"Buff": ""
}
,
"Status": 0,
"Sex": 0,
"PersonalCard": 0,
"Alias": "",
"HeadImgUpdateFlag": 0,
"HeadImgUrl": "",
"Signature": ""
}
,
"ContinueFlag": 0,
"SyncKey": {
"Count": 10,
"List": [{
"Key": 1,
"Val": 644999874
}
,{
"Key": 2,
"Val": 645000678
}
,{
"Key": 3,
"Val": 645000605
}
,{
"Key": 11,
"Val": 645000676
}
,{
"Key": 13,
"Val": 644960002
}
,{
"Key": 201,
"Val": 1473390843
}
,{
"Key": 203,
"Val": 1473390842
}
,{
"Key": 1000,
"Val": 1473380641
}
,{
"Key": 1001,
"Val": 1473380672
}
,{
"Key": 1004,
"Val": 1473345471
}
]
}
,
"SKey": ""
}


2016-09-09 11:14:05,478
window.synccheck={retcode:"0",selector:"2"}

2016-09-09 11:14:05,634
{
"BaseResponse": {
"Ret": 0,
"ErrMsg": ""
}
,
"AddMsgCount": 0,
"AddMsgList": [],
"ModContactCount": 0,
"ModContactList": [],
"DelContactCount": 0,
"DelContactList": [],
"ModChatRoomMemberCount": 0,
"ModChatRoomMemberList": [],
"Profile": {
"BitFlag": 0,
"UserName": {
"Buff": ""
}
,
"NickName": {
"Buff": ""
}
,
"BindUin": 0,
"BindEmail": {
"Buff": ""
}
,
"BindMobile": {
"Buff": ""
}
,
"Status": 0,
"Sex": 0,
"PersonalCard": 0,
"Alias": "",
"HeadImgUpdateFlag": 0,
"HeadImgUrl": "",
"Signature": ""
}
,
"ContinueFlag": 0,
"SyncKey": {
"Count": 10,
"List": [{
"Key": 1,
"Val": 644999874
}
,{
"Key": 2,
"Val": 645000678
}
,{
"Key": 3,
"Val": 645000605
}
,{
"Key": 11,
"Val": 645000676
}
,{
"Key": 13,
"Val": 644960002
}
,{
"Key": 201,
"Val": 1473390843
}
,{
"Key": 203,
"Val": 1473390842
}
,{
"Key": 1000,
"Val": 1473380641
}
,{
"Key": 1001,
"Val": 1473380672
}
,{
"Key": 1004,
"Val": 1473345471
}
]
}
,
"SKey": ""
}


2016-09-09 11:14:05,665
window.synccheck={retcode:"0",selector:"2"}

2016-09-09 11:14:05,821
{
"BaseResponse": {
"Ret": 0,
"ErrMsg": ""
}
,
"AddMsgCount": 0,
"AddMsgList": [],
"ModContactCount": 0,
"ModContactList": [],
"DelContactCount": 0,
"DelContactList": [],
"ModChatRoomMemberCount": 0,
"ModChatRoomMemberList": [],
"Profile": {
"BitFlag": 0,
"UserName": {
"Buff": ""
}
,
"NickName": {
"Buff": ""
}
,
"BindUin": 0,
"BindEmail": {
"Buff": ""
}
,
"BindMobile": {
"Buff": ""
}
,
"Status": 0,
"Sex": 0,
"PersonalCard": 0,
"Alias": "",
"HeadImgUpdateFlag": 0,
"HeadImgUrl": "",
"Signature": ""
}
,
"ContinueFlag": 0,
"SyncKey": {
"Count": 10,
"List": [{
"Key": 1,
"Val": 644999874
}
,{
"Key": 2,
"Val": 645000678
}
,{
"Key": 3,
"Val": 645000605
}
,{
"Key": 11,
"Val": 645000676
}
,{
"Key": 13,
"Val": 644960002
}
,{
"Key": 201,
"Val": 1473390843
}
,{
"Key": 203,
"Val": 1473390842
}
,{
"Key": 1000,
"Val": 1473380641
}
,{
"Key": 1001,
"Val": 1473380672
}
,{
"Key": 1004,
"Val": 1473345471
}
]
}
,
"SKey": ""
}


2016-09-09 11:14:05,868
window.synccheck={retcode:"0",selector:"2"}

2016-09-09 11:14:06,024
{
"BaseResponse": {
"Ret": 0,
"ErrMsg": ""
}
,
"AddMsgCount": 0,
"AddMsgList": [],
"ModContactCount": 0,
"ModContactList": [],
"DelContactCount": 0,
"DelContactList": [],
"ModChatRoomMemberCount": 0,
"ModChatRoomMemberList": [],
"Profile": {
"BitFlag": 0,
"UserName": {
"Buff": ""
}
,
"NickName": {
"Buff": ""
}
,
"BindUin": 0,
"BindEmail": {
"Buff": ""
}
,
"BindMobile": {
"Buff": ""
}
,
"Status": 0,
"Sex": 0,
"PersonalCard": 0,
"Alias": "",
"HeadImgUpdateFlag": 0,
"HeadImgUrl": "",
"Signature": ""
}
,
"ContinueFlag": 0,
"SyncKey": {
"Count": 10,
"List": [{
"Key": 1,
"Val": 644999874
}
,{
"Key": 2,
"Val": 645000678
}
,{
"Key": 3,
"Val": 645000605
}
,{
"Key": 11,
"Val": 645000676
}
,{
"Key": 13,
"Val": 644960002
}
,{
"Key": 201,
"Val": 1473390843
}
,{
"Key": 203,
"Val": 1473390842
}
,{
"Key": 1000,
"Val": 1473380641
}
,{
"Key": 1001,
"Val": 1473380672
}
,{
"Key": 1004,
"Val": 1473345471
}
]
}
,
"SKey": ""
}


2016-09-09 11:14:06,102
window.synccheck={retcode:"0",selector:"2"}

2016-09-09 11:14:06,258
{
"BaseResponse": {
"Ret": 0,
"ErrMsg": ""
}
,
"AddMsgCount": 0,
"AddMsgList": [],
"ModContactCount": 0,
"ModContactList": [],
"DelContactCount": 0,
"DelContactList": [],
"ModChatRoomMemberCount": 0,
"ModChatRoomMemberList": [],
"Profile": {
"BitFlag": 0,
"UserName": {
"Buff": ""
}
,
"NickName": {
"Buff": ""
}
,
"BindUin": 0,
"BindEmail": {
"Buff": ""
}
,
"BindMobile": {
"Buff": ""
}
,
"Status": 0,
"Sex": 0,
"PersonalCard": 0,
"Alias": "",
"HeadImgUpdateFlag": 0,
"HeadImgUrl": "",
"Signature": ""
}
,
"ContinueFlag": 0,
"SyncKey": {
"Count": 10,
"List": [{
"Key": 1,
"Val": 644999874
}
,{
"Key": 2,
"Val": 645000678
}
,{
"Key": 3,
"Val": 645000605
}
,{
"Key": 11,
"Val": 645000676
}
,{
"Key": 13,
"Val": 644960002
}
,{
"Key": 201,
"Val": 1473390843
}
,{
"Key": 203,
"Val": 1473390842
}
,{
"Key": 1000,
"Val": 1473380641
}
,{
"Key": 1001,
"Val": 1473380672
}
,{
"Key": 1004,
"Val": 1473345471
}
]
}
,
"SKey": ""
}


2016-09-09 11:14:06,305
window.synccheck={retcode:"0",selector:"2"}

2016-09-09 11:14:06,461
{
"BaseResponse": {
"Ret": 0,
"ErrMsg": ""
}
,
"AddMsgCount": 0,
"AddMsgList": [],
"ModContactCount": 0,
"ModContactList": [],
"DelContactCount": 0,
"DelContactList": [],
"ModChatRoomMemberCount": 0,
"ModChatRoomMemberList": [],
"Profile": {
"BitFlag": 0,
"UserName": {
"Buff": ""
}
,
"NickName": {
"Buff": ""
}
,
"BindUin": 0,
"BindEmail": {
"Buff": ""
}
,
"BindMobile": {
"Buff": ""
}
,
"Status": 0,
"Sex": 0,
"PersonalCard": 0,
"Alias": "",
"HeadImgUpdateFlag": 0,
"HeadImgUrl": "",
"Signature": ""
}
,
"ContinueFlag": 0,
"SyncKey": {
"Count": 10,
"List": [{
"Key": 1,
"Val": 644999874
}
,{
"Key": 2,
"Val": 645000678
}
,{
"Key": 3,
"Val": 645000605
}
,{
"Key": 11,
"Val": 645000676
}
,{
"Key": 13,
"Val": 644960002
}
,{
"Key": 201,
"Val": 1473390843
}
,{
"Key": 203,
"Val": 1473390842
}
,{
"Key": 1000,
"Val": 1473380641
}
,{
"Key": 1001,
"Val": 1473380672
}
,{
"Key": 1004,
"Val": 1473345471
}
]
}
,
"SKey": ""
}


2016-09-09 11:14:06,492
window.synccheck={retcode:"0",selector:"2"}

2016-09-09 11:14:06,633
{
"BaseResponse": {
"Ret": 0,
"ErrMsg": ""
}
,
"AddMsgCount": 0,
"AddMsgList": [],
"ModContactCount": 0,
"ModContactList": [],
"DelContactCount": 0,
"DelContactList": [],
"ModChatRoomMemberCount": 0,
"ModChatRoomMemberList": [],
"Profile": {
"BitFlag": 0,
"UserName": {
"Buff": ""
}
,
"NickName": {
"Buff": ""
}
,
"BindUin": 0,
"BindEmail": {
"Buff": ""
}
,
"BindMobile": {
"Buff": ""
}
,
"Status": 0,
"Sex": 0,
"PersonalCard": 0,
"Alias": "",
"HeadImgUpdateFlag": 0,
"HeadImgUrl": "",
"Signature": ""
}
,
"ContinueFlag": 0,
"SyncKey": {
"Count": 10,
"List": [{
"Key": 1,
"Val": 644999874
}
,{
"Key": 2,
"Val": 645000678
}
,{
"Key": 3,
"Val": 645000605
}
,{
"Key": 11,
"Val": 645000676
}
,{
"Key": 13,
"Val": 644960002
}
,{
"Key": 201,
"Val": 1473390843
}
,{
"Key": 203,
"Val": 1473390842
}
,{
"Key": 1000,
"Val": 1473380641
}
,{
"Key": 1001,
"Val": 1473380672
}
,{
"Key": 1004,
"Val": 1473345471
}
]
}
,
"SKey": ""
}


2016-09-09 11:14:06,679
window.synccheck={retcode:"0",selector:"2"}

2016-09-09 11:14:06,851
{
"BaseResponse": {
"Ret": 0,
"ErrMsg": ""
}
,
"AddMsgCount": 0,
"AddMsgList": [],
"ModContactCount": 0,
"ModContactList": [],
"DelContactCount": 0,
"DelContactList": [],
"ModChatRoomMemberCount": 0,
"ModChatRoomMemberList": [],
"Profile": {
"BitFlag": 0,
"UserName": {
"Buff": ""
}
,
"NickName": {
"Buff": ""
}
,
"BindUin": 0,
"BindEmail": {
"Buff": ""
}
,
"BindMobile": {
"Buff": ""
}
,
"Status": 0,
"Sex": 0,
"PersonalCard": 0,
"Alias": "",
"HeadImgUpdateFlag": 0,
"HeadImgUrl": "",
"Signature": ""
}
,
"ContinueFlag": 0,
"SyncKey": {
"Count": 10,
"List": [{
"Key": 1,
"Val": 644999874
}
,{
"Key": 2,
"Val": 645000678
}
,{
"Key": 3,
"Val": 645000605
}
,{
"Key": 11,
"Val": 645000676
}
,{
"Key": 13,
"Val": 644960002
}
,{
"Key": 201,
"Val": 1473390843
}
,{
"Key": 203,
"Val": 1473390842
}
,{
"Key": 1000,
"Val": 1473380641
}
,{
"Key": 1001,
"Val": 1473380672
}
,{
"Key": 1004,
"Val": 1473345471
}
]
}
,
"SKey": ""
}


2016-09-09 11:14:06,898
window.synccheck={retcode:"0",selector:"2"}

2016-09-09 11:14:07,054
{
"BaseResponse": {
"Ret": 0,
"ErrMsg": ""
}
,
"AddMsgCount": 0,
"AddMsgList": [],
"ModContactCount": 0,
"ModContactList": [],
"DelContactCount": 0,
"DelContactList": [],
"ModChatRoomMemberCount": 0,
"ModChatRoomMemberList": [],
"Profile": {
"BitFlag": 0,
"UserName": {
"Buff": ""
}
,
"NickName": {
"Buff": ""
}
,
"BindUin": 0,
"BindEmail": {
"Buff": ""
}
,
"BindMobile": {
"Buff": ""
}
,
"Status": 0,
"Sex": 0,
"PersonalCard": 0,
"Alias": "",
"HeadImgUpdateFlag": 0,
"HeadImgUrl": "",
"Signature": ""
}
,
"ContinueFlag": 0,
"SyncKey": {
"Count": 10,
"List": [{
"Key": 1,
"Val": 644999874
}
,{
"Key": 2,
"Val": 645000678
}
,{
"Key": 3,
"Val": 645000605
}
,{
"Key": 11,
"Val": 645000676
}
,{
"Key": 13,
"Val": 644960002
}
,{
"Key": 201,
"Val": 1473390843
}
,{
"Key": 203,
"Val": 1473390842
}
,{
"Key": 1000,
"Val": 1473380641
}
,{
"Key": 1001,
"Val": 1473380672
}
,{
"Key": 1004,
"Val": 1473345471
}
]
}
,
"SKey": ""
}


2016-09-09 11:14:07,085
window.synccheck={retcode:"0",selector:"2"}

2016-09-09 11:14:07,241
{
"BaseResponse": {
"Ret": 0,
"ErrMsg": ""
}
,
"AddMsgCount": 0,
"AddMsgList": [],
"ModContactCount": 0,
"ModContactList": [],
"DelContactCount": 0,
"DelContactList": [],
"ModChatRoomMemberCount": 0,
"ModChatRoomMemberList": [],
"Profile": {
"BitFlag": 0,
"UserName": {
"Buff": ""
}
,
"NickName": {
"Buff": ""
}
,
"BindUin": 0,
"BindEmail": {
"Buff": ""
}
,
"BindMobile": {
"Buff": ""
}
,
"Status": 0,
"Sex": 0,
"PersonalCard": 0,
"Alias": "",
"HeadImgUpdateFlag": 0,
"HeadImgUrl": "",
"Signature": ""
}
,
"ContinueFlag": 0,
"SyncKey": {
"Count": 10,
"List": [{
"Key": 1,
"Val": 644999874
}
,{
"Key": 2,
"Val": 645000678
}
,{
"Key": 3,
"Val": 645000605
}
,{
"Key": 11,
"Val": 645000676
}
,{
"Key": 13,
"Val": 644960002
}
,{
"Key": 201,
"Val": 1473390843
}
,{
"Key": 203,
"Val": 1473390842
}
,{
"Key": 1000,
"Val": 1473380641
}
,{
"Key": 1001,
"Val": 1473380672
}
,{
"Key": 1004,
"Val": 1473345471
}
]
}
,
"SKey": ""
}


2016-09-09 11:14:07,288
window.synccheck={retcode:"0",selector:"2"}

2016-09-09 11:14:07,428
{
"BaseResponse": {
"Ret": 0,
"ErrMsg": ""
}
,
"AddMsgCount": 0,
"AddMsgList": [],
"ModContactCount": 0,
"ModContactList": [],
"DelContactCount": 0,
"DelContactList": [],
"ModChatRoomMemberCount": 0,
"ModChatRoomMemberList": [],
"Profile": {
"BitFlag": 0,
"UserName": {
"Buff": ""
}
,
"NickName": {
"Buff": ""
}
,
"BindUin": 0,
"BindEmail": {
"Buff": ""
}
,
"BindMobile": {
"Buff": ""
}
,
"Status": 0,
"Sex": 0,
"PersonalCard": 0,
"Alias": "",
"HeadImgUpdateFlag": 0,
"HeadImgUrl": "",
"Signature": ""
}
,
"ContinueFlag": 0,
"SyncKey": {
"Count": 10,
"List": [{
"Key": 1,
"Val": 644999874
}
,{
"Key": 2,
"Val": 645000678
}
,{
"Key": 3,
"Val": 645000605
}
,{
"Key": 11,
"Val": 645000676
}
,{
"Key": 13,
"Val": 644960002
}
,{
"Key": 201,
"Val": 1473390843
}
,{
"Key": 203,
"Val": 1473390842
}
,{
"Key": 1000,
"Val": 1473380641
}
,{
"Key": 1001,
"Val": 1473380672
}
,{
"Key": 1004,
"Val": 1473345471
}
]
}
,
"SKey": ""
}


2016-09-09 11:14:07,475
window.synccheck={retcode:"0",selector:"2"}

2016-09-09 11:14:07,631
{
"BaseResponse": {
"Ret": 0,
"ErrMsg": ""
}
,
"AddMsgCount": 0,
"AddMsgList": [],
"ModContactCount": 0,
"ModContactList": [],
"DelContactCount": 0,
"DelContactList": [],
"ModChatRoomMemberCount": 0,
"ModChatRoomMemberList": [],
"Profile": {
"BitFlag": 0,
"UserName": {
"Buff": ""
}
,
"NickName": {
"Buff": ""
}
,
"BindUin": 0,
"BindEmail": {
"Buff": ""
}
,
"BindMobile": {
"Buff": ""
}
,
"Status": 0,
"Sex": 0,
"PersonalCard": 0,
"Alias": "",
"HeadImgUpdateFlag": 0,
"HeadImgUrl": "",
"Signature": ""
}
,
"ContinueFlag": 0,
"SyncKey": {
"Count": 10,
"List": [{
"Key": 1,
"Val": 644999874
}
,{
"Key": 2,
"Val": 645000678
}
,{
"Key": 3,
"Val": 645000605
}
,{
"Key": 11,
"Val": 645000676
}
,{
"Key": 13,
"Val": 644960002
}
,{
"Key": 201,
"Val": 1473390843
}
,{
"Key": 203,
"Val": 1473390842
}
,{
"Key": 1000,
"Val": 1473380641
}
,{
"Key": 1001,
"Val": 1473380672
}
,{
"Key": 1004,
"Val": 1473345471
}
]
}
,
"SKey": ""
}


2016-09-09 11:14:07,678
window.synccheck={retcode:"0",selector:"2"}

2016-09-09 11:14:07,818
{
"BaseResponse": {
"Ret": 0,
"ErrMsg": ""
}
,
"AddMsgCount": 0,
"AddMsgList": [],
"ModContactCount": 0,
"ModContactList": [],
"DelContactCount": 0,
"DelContactList": [],
"ModChatRoomMemberCount": 0,
"ModChatRoomMemberList": [],
"Profile": {
"BitFlag": 0,
"UserName": {
"Buff": ""
}
,
"NickName": {
"Buff": ""
}
,
"BindUin": 0,
"BindEmail": {
"Buff": ""
}
,
"BindMobile": {
"Buff": ""
}
,
"Status": 0,
"Sex": 0,
"PersonalCard": 0,
"Alias": "",
"HeadImgUpdateFlag": 0,
"HeadImgUrl": "",
"Signature": ""
}
,
"ContinueFlag": 0,
"SyncKey": {
"Count": 10,
"List": [{
"Key": 1,
"Val": 644999874
}
,{
"Key": 2,
"Val": 645000678
}
,{
"Key": 3,
"Val": 645000605
}
,{
"Key": 11,
"Val": 645000676
}
,{
"Key": 13,
"Val": 644960002
}
,{
"Key": 201,
"Val": 1473390843
}
,{
"Key": 203,
"Val": 1473390842
}
,{
"Key": 1000,
"Val": 1473380641
}
,{
"Key": 1001,
"Val": 1473380672
}
,{
"Key": 1004,
"Val": 1473345471
}
]
}
,
"SKey": ""
}


2016-09-09 11:14:07,849
window.synccheck={retcode:"0",selector:"2"}

2016-09-09 11:14:08,005
{
"BaseResponse": {
"Ret": 0,
"ErrMsg": ""
}
,
"AddMsgCount": 0,
"AddMsgList": [],
"ModContactCount": 0,
"ModContactList": [],
"DelContactCount": 0,
"DelContactList": [],
"ModChatRoomMemberCount": 0,
"ModChatRoomMemberList": [],
"Profile": {
"BitFlag": 0,
"UserName": {
"Buff": ""
}
,
"NickName": {
"Buff": ""
}
,
"BindUin": 0,
"BindEmail": {
"Buff": ""
}
,
"BindMobile": {
"Buff": ""
}
,
"Status": 0,
"Sex": 0,
"PersonalCard": 0,
"Alias": "",
"HeadImgUpdateFlag": 0,
"HeadImgUrl": "",
"Signature": ""
}
,
"ContinueFlag": 0,
"SyncKey": {
"Count": 10,
"List": [{
"Key": 1,
"Val": 644999874
}
,{
"Key": 2,
"Val": 645000678
}
,{
"Key": 3,
"Val": 645000605
}
,{
"Key": 11,
"Val": 645000676
}
,{
"Key": 13,
"Val": 644960002
}
,{
"Key": 201,
"Val": 1473390843
}
,{
"Key": 203,
"Val": 1473390842
}
,{
"Key": 1000,
"Val": 1473380641
}
,{
"Key": 1001,
"Val": 1473380672
}
,{
"Key": 1004,
"Val": 1473345471
}
]
}
,
"SKey": ""
}


2016-09-09 11:14:08,052
window.synccheck={retcode:"0",selector:"2"}

2016-09-09 11:14:08,239
{
"BaseResponse": {
"Ret": 0,
"ErrMsg": ""
}
,
"AddMsgCount": 0,
"AddMsgList": [],
"ModContactCount": 0,
"ModContactList": [],
"DelContactCount": 0,
"DelContactList": [],
"ModChatRoomMemberCount": 0,
"ModChatRoomMemberList": [],
"Profile": {
"BitFlag": 0,
"UserName": {
"Buff": ""
}
,
"NickName": {
"Buff": ""
}
,
"BindUin": 0,
"BindEmail": {
"Buff": ""
}
,
"BindMobile": {
"Buff": ""
}
,
"Status": 0,
"Sex": 0,
"PersonalCard": 0,
"Alias": "",
"HeadImgUpdateFlag": 0,
"HeadImgUrl": "",
"Signature": ""
}
,
"ContinueFlag": 0,
"SyncKey": {
"Count": 10,
"List": [{
"Key": 1,
"Val": 644999874
}
,{
"Key": 2,
"Val": 645000678
}
,{
"Key": 3,
"Val": 645000605
}
,{
"Key": 11,
"Val": 645000676
}
,{
"Key": 13,
"Val": 644960002
}
,{
"Key": 201,
"Val": 1473390843
}
,{
"Key": 203,
"Val": 1473390842
}
,{
"Key": 1000,
"Val": 1473380641
}
,{
"Key": 1001,
"Val": 1473380672
}
,{
"Key": 1004,
"Val": 1473345471
}
]
}
,
"SKey": ""
}


2016-09-09 11:14:08,286
window.synccheck={retcode:"0",selector:"2"}

2016-09-09 11:14:08,427
{
"BaseResponse": {
"Ret": 0,
"ErrMsg": ""
}
,
"AddMsgCount": 0,
"AddMsgList": [],
"ModContactCount": 0,
"ModContactList": [],
"DelContactCount": 0,
"DelContactList": [],
"ModChatRoomMemberCount": 0,
"ModChatRoomMemberList": [],
"Profile": {
"BitFlag": 0,
"UserName": {
"Buff": ""
}
,
"NickName": {
"Buff": ""
}
,
"BindUin": 0,
"BindEmail": {
"Buff": ""
}
,
"BindMobile": {
"Buff": ""
}
,
"Status": 0,
"Sex": 0,
"PersonalCard": 0,
"Alias": "",
"HeadImgUpdateFlag": 0,
"HeadImgUrl": "",
"Signature": ""
}
,
"ContinueFlag": 0,
"SyncKey": {
"Count": 10,
"List": [{
"Key": 1,
"Val": 644999874
}
,{
"Key": 2,
"Val": 645000678
}
,{
"Key": 3,
"Val": 645000605
}
,{
"Key": 11,
"Val": 645000676
}
,{
"Key": 13,
"Val": 644960002
}
,{
"Key": 201,
"Val": 1473390843
}
,{
"Key": 203,
"Val": 1473390842
}
,{
"Key": 1000,
"Val": 1473380641
}
,{
"Key": 1001,
"Val": 1473380672
}
,{
"Key": 1004,
"Val": 1473345471
}
]
}
,
"SKey": ""
}


2016-09-09 11:14:08,473
window.synccheck={retcode:"0",selector:"2"}

2016-09-09 11:14:08,785
{
"BaseResponse": {
"Ret": 0,
"ErrMsg": ""
}
,
"AddMsgCount": 0,
"AddMsgList": [],
"ModContactCount": 0,
"ModContactList": [],
"DelContactCount": 0,
"DelContactList": [],
"ModChatRoomMemberCount": 0,
"ModChatRoomMemberList": [],
"Profile": {
"BitFlag": 0,
"UserName": {
"Buff": ""
}
,
"NickName": {
"Buff": ""
}
,
"BindUin": 0,
"BindEmail": {
"Buff": ""
}
,
"BindMobile": {
"Buff": ""
}
,
"Status": 0,
"Sex": 0,
"PersonalCard": 0,
"Alias": "",
"HeadImgUpdateFlag": 0,
"HeadImgUrl": "",
"Signature": ""
}
,
"ContinueFlag": 0,
"SyncKey": {
"Count": 10,
"List": [{
"Key": 1,
"Val": 644999874
}
,{
"Key": 2,
"Val": 645000678
}
,{
"Key": 3,
"Val": 645000605
}
,{
"Key": 11,
"Val": 645000676
}
,{
"Key": 13,
"Val": 644960002
}
,{
"Key": 201,
"Val": 1473390843
}
,{
"Key": 203,
"Val": 1473390842
}
,{
"Key": 1000,
"Val": 1473380641
}
,{
"Key": 1001,
"Val": 1473380672
}
,{
"Key": 1004,
"Val": 1473345471
}
]
}
,
"SKey": ""
}


2016-09-09 11:14:08,832
window.synccheck={retcode:"0",selector:"2"}

2016-09-09 11:14:09,191
{
"BaseResponse": {
"Ret": 0,
"ErrMsg": ""
}
,
"AddMsgCount": 0,
"AddMsgList": [],
"ModContactCount": 0,
"ModContactList": [],
"DelContactCount": 0,
"DelContactList": [],
"ModChatRoomMemberCount": 0,
"ModChatRoomMemberList": [],
"Profile": {
"BitFlag": 0,
"UserName": {
"Buff": ""
}
,
"NickName": {
"Buff": ""
}
,
"BindUin": 0,
"BindEmail": {
"Buff": ""
}
,
"BindMobile": {
"Buff": ""
}
,
"Status": 0,
"Sex": 0,
"PersonalCard": 0,
"Alias": "",
"HeadImgUpdateFlag": 0,
"HeadImgUrl": "",
"Signature": ""
}
,
"ContinueFlag": 0,
"SyncKey": {
"Count": 10,
"List": [{
"Key": 1,
"Val": 644999874
}
,{
"Key": 2,
"Val": 645000678
}
,{
"Key": 3,
"Val": 645000605
}
,{
"Key": 11,
"Val": 645000676
}
,{
"Key": 13,
"Val": 644960002
}
,{
"Key": 201,
"Val": 1473390843
}
,{
"Key": 203,
"Val": 1473390842
}
,{
"Key": 1000,
"Val": 1473380641
}
,{
"Key": 1001,
"Val": 1473380672
}
,{
"Key": 1004,
"Val": 1473345471
}
]
}
,
"SKey": ""
}


2016-09-09 11:14:09,238
window.synccheck={retcode:"0",selector:"2"}

2016-09-09 11:14:09,394
{
"BaseResponse": {
"Ret": 0,
"ErrMsg": ""
}
,
"AddMsgCount": 0,
"AddMsgList": [],
"ModContactCount": 0,
"ModContactList": [],
"DelContactCount": 0,
"DelContactList": [],
"ModChatRoomMemberCount": 0,
"ModChatRoomMemberList": [],
"Profile": {
"BitFlag": 0,
"UserName": {
"Buff": ""
}
,
"NickName": {
"Buff": ""
}
,
"BindUin": 0,
"BindEmail": {
"Buff": ""
}
,
"BindMobile": {
"Buff": ""
}
,
"Status": 0,
"Sex": 0,
"PersonalCard": 0,
"Alias": "",
"HeadImgUpdateFlag": 0,
"HeadImgUrl": "",
"Signature": ""
}
,
"ContinueFlag": 0,
"SyncKey": {
"Count": 10,
"List": [{
"Key": 1,
"Val": 644999874
}
,{
"Key": 2,
"Val": 645000678
}
,{
"Key": 3,
"Val": 645000605
}
,{
"Key": 11,
"Val": 645000676
}
,{
"Key": 13,
"Val": 644960002
}
,{
"Key": 201,
"Val": 1473390843
}
,{
"Key": 203,
"Val": 1473390842
}
,{
"Key": 1000,
"Val": 1473380641
}
,{
"Key": 1001,
"Val": 1473380672
}
,{
"Key": 1004,
"Val": 1473345471
}
]
}
,
"SKey": ""
}


2016-09-09 11:14:09,441
window.synccheck={retcode:"0",selector:"2"}

2016-09-09 11:14:09,597
{
"BaseResponse": {
"Ret": 0,
"ErrMsg": ""
}
,
"AddMsgCount": 0,
"AddMsgList": [],
"ModContactCount": 0,
"ModContactList": [],
"DelContactCount": 0,
"DelContactList": [],
"ModChatRoomMemberCount": 0,
"ModChatRoomMemberList": [],
"Profile": {
"BitFlag": 0,
"UserName": {
"Buff": ""
}
,
"NickName": {
"Buff": ""
}
,
"BindUin": 0,
"BindEmail": {
"Buff": ""
}
,
"BindMobile": {
"Buff": ""
}
,
"Status": 0,
"Sex": 0,
"PersonalCard": 0,
"Alias": "",
"HeadImgUpdateFlag": 0,
"HeadImgUrl": "",
"Signature": ""
}
,
"ContinueFlag": 0,
"SyncKey": {
"Count": 10,
"List": [{
"Key": 1,
"Val": 644999874
}
,{
"Key": 2,
"Val": 645000678
}
,{
"Key": 3,
"Val": 645000605
}
,{
"Key": 11,
"Val": 645000676
}
,{
"Key": 13,
"Val": 644960002
}
,{
"Key": 201,
"Val": 1473390843
}
,{
"Key": 203,
"Val": 1473390842
}
,{
"Key": 1000,
"Val": 1473380641
}
,{
"Key": 1001,
"Val": 1473380672
}
,{
"Key": 1004,
"Val": 1473345471
}
]
}
,
"SKey": ""
}


2016-09-09 11:14:09,643
window.synccheck={retcode:"0",selector:"2"}

2016-09-09 11:14:09,799
{
"BaseResponse": {
"Ret": 0,
"ErrMsg": ""
}
,
"AddMsgCount": 0,
"AddMsgList": [],
"ModContactCount": 0,
"ModContactList": [],
"DelContactCount": 0,
"DelContactList": [],
"ModChatRoomMemberCount": 0,
"ModChatRoomMemberList": [],
"Profile": {
"BitFlag": 0,
"UserName": {
"Buff": ""
}
,
"NickName": {
"Buff": ""
}
,
"BindUin": 0,
"BindEmail": {
"Buff": ""
}
,
"BindMobile": {
"Buff": ""
}
,
"Status": 0,
"Sex": 0,
"PersonalCard": 0,
"Alias": "",
"HeadImgUpdateFlag": 0,
"HeadImgUrl": "",
"Signature": ""
}
,
"ContinueFlag": 0,
"SyncKey": {
"Count": 10,
"List": [{
"Key": 1,
"Val": 644999874
}
,{
"Key": 2,
"Val": 645000678
}
,{
"Key": 3,
"Val": 645000605
}
,{
"Key": 11,
"Val": 645000676
}
,{
"Key": 13,
"Val": 644960002
}
,{
"Key": 201,
"Val": 1473390843
}
,{
"Key": 203,
"Val": 1473390842
}
,{
"Key": 1000,
"Val": 1473380641
}
,{
"Key": 1001,
"Val": 1473380672
}
,{
"Key": 1004,
"Val": 1473345471
}
]
}
,
"SKey": ""
}


2016-09-09 11:14:09,831
window.synccheck={retcode:"0",selector:"2"}

2016-09-09 11:14:10,002
{
"BaseResponse": {
"Ret": 0,
"ErrMsg": ""
}
,
"AddMsgCount": 0,
"AddMsgList": [],
"ModContactCount": 0,
"ModContactList": [],
"DelContactCount": 0,
"DelContactList": [],
"ModChatRoomMemberCount": 0,
"ModChatRoomMemberList": [],
"Profile": {
"BitFlag": 0,
"UserName": {
"Buff": ""
}
,
"NickName": {
"Buff": ""
}
,
"BindUin": 0,
"BindEmail": {
"Buff": ""
}
,
"BindMobile": {
"Buff": ""
}
,
"Status": 0,
"Sex": 0,
"PersonalCard": 0,
"Alias": "",
"HeadImgUpdateFlag": 0,
"HeadImgUrl": "",
"Signature": ""
}
,
"ContinueFlag": 0,
"SyncKey": {
"Count": 10,
"List": [{
"Key": 1,
"Val": 644999874
}
,{
"Key": 2,
"Val": 645000678
}
,{
"Key": 3,
"Val": 645000605
}
,{
"Key": 11,
"Val": 645000676
}
,{
"Key": 13,
"Val": 644960002
}
,{
"Key": 201,
"Val": 1473390843
}
,{
"Key": 203,
"Val": 1473390842
}
,{
"Key": 1000,
"Val": 1473380641
}
,{
"Key": 1001,
"Val": 1473380672
}
,{
"Key": 1004,
"Val": 1473345471
}
]
}
,
"SKey": ""
}


2016-09-09 11:14:10,049
window.synccheck={retcode:"0",selector:"2"}

2016-09-09 11:14:10,205
{
"BaseResponse": {
"Ret": 0,
"ErrMsg": ""
}
,
"AddMsgCount": 0,
"AddMsgList": [],
"ModContactCount": 0,
"ModContactList": [],
"DelContactCount": 0,
"DelContactList": [],
"ModChatRoomMemberCount": 0,
"ModChatRoomMemberList": [],
"Profile": {
"BitFlag": 0,
"UserName": {
"Buff": ""
}
,
"NickName": {
"Buff": ""
}
,
"BindUin": 0,
"BindEmail": {
"Buff": ""
}
,
"BindMobile": {
"Buff": ""
}
,
"Status": 0,
"Sex": 0,
"PersonalCard": 0,
"Alias": "",
"HeadImgUpdateFlag": 0,
"HeadImgUrl": "",
"Signature": ""
}
,
"ContinueFlag": 0,
"SyncKey": {
"Count": 10,
"List": [{
"Key": 1,
"Val": 644999874
}
,{
"Key": 2,
"Val": 645000678
}
,{
"Key": 3,
"Val": 645000605
}
,{
"Key": 11,
"Val": 645000676
}
,{
"Key": 13,
"Val": 644960002
}
,{
"Key": 201,
"Val": 1473390843
}
,{
"Key": 203,
"Val": 1473390842
}
,{
"Key": 1000,
"Val": 1473380641
}
,{
"Key": 1001,
"Val": 1473380672
}
,{
"Key": 1004,
"Val": 1473345471
}
]
}
,
"SKey": ""
}


2016-09-09 11:14:10,267
window.synccheck={retcode:"0",selector:"2"}

2016-09-09 11:14:10,408
{
"BaseResponse": {
"Ret": 0,
"ErrMsg": ""
}
,
"AddMsgCount": 0,
"AddMsgList": [],
"ModContactCount": 0,
"ModContactList": [],
"DelContactCount": 0,
"DelContactList": [],
"ModChatRoomMemberCount": 0,
"ModChatRoomMemberList": [],
"Profile": {
"BitFlag": 0,
"UserName": {
"Buff": ""
}
,
"NickName": {
"Buff": ""
}
,
"BindUin": 0,
"BindEmail": {
"Buff": ""
}
,
"BindMobile": {
"Buff": ""
}
,
"Status": 0,
"Sex": 0,
"PersonalCard": 0,
"Alias": "",
"HeadImgUpdateFlag": 0,
"HeadImgUrl": "",
"Signature": ""
}
,
"ContinueFlag": 0,
"SyncKey": {
"Count": 10,
"List": [{
"Key": 1,
"Val": 644999874
}
,{
"Key": 2,
"Val": 645000678
}
,{
"Key": 3,
"Val": 645000605
}
,{
"Key": 11,
"Val": 645000676
}
,{
"Key": 13,
"Val": 644960002
}
,{
"Key": 201,
"Val": 1473390843
}
,{
"Key": 203,
"Val": 1473390842
}
,{
"Key": 1000,
"Val": 1473380641
}
,{
"Key": 1001,
"Val": 1473380672
}
,{
"Key": 1004,
"Val": 1473345471
}
]
}
,
"SKey": ""
}


2016-09-09 11:14:10,455
window.synccheck={retcode:"0",selector:"2"}

2016-09-09 11:14:10,611
{
"BaseResponse": {
"Ret": 0,
"ErrMsg": ""
}
,
"AddMsgCount": 0,
"AddMsgList": [],
"ModContactCount": 0,
"ModContactList": [],
"DelContactCount": 0,
"DelContactList": [],
"ModChatRoomMemberCount": 0,
"ModChatRoomMemberList": [],
"Profile": {
"BitFlag": 0,
"UserName": {
"Buff": ""
}
,
"NickName": {
"Buff": ""
}
,
"BindUin": 0,
"BindEmail": {
"Buff": ""
}
,
"BindMobile": {
"Buff": ""
}
,
"Status": 0,
"Sex": 0,
"PersonalCard": 0,
"Alias": "",
"HeadImgUpdateFlag": 0,
"HeadImgUrl": "",
"Signature": ""
}
,
"ContinueFlag": 0,
"SyncKey": {
"Count": 10,
"List": [{
"Key": 1,
"Val": 644999874
}
,{
"Key": 2,
"Val": 645000678
}
,{
"Key": 3,
"Val": 645000605
}
,{
"Key": 11,
"Val": 645000676
}
,{
"Key": 13,
"Val": 644960002
}
,{
"Key": 201,
"Val": 1473390843
}
,{
"Key": 203,
"Val": 1473390842
}
,{
"Key": 1000,
"Val": 1473380641
}
,{
"Key": 1001,
"Val": 1473380672
}
,{
"Key": 1004,
"Val": 1473345471
}
]
}
,
"SKey": ""
}


2016-09-09 11:14:10,657
window.synccheck={retcode:"0",selector:"2"}

2016-09-09 11:14:10,798
{
"BaseResponse": {
"Ret": 0,
"ErrMsg": ""
}
,
"AddMsgCount": 0,
"AddMsgList": [],
"ModContactCount": 0,
"ModContactList": [],
"DelContactCount": 0,
"DelContactList": [],
"ModChatRoomMemberCount": 0,
"ModChatRoomMemberList": [],
"Profile": {
"BitFlag": 0,
"UserName": {
"Buff": ""
}
,
"NickName": {
"Buff": ""
}
,
"BindUin": 0,
"BindEmail": {
"Buff": ""
}
,
"BindMobile": {
"Buff": ""
}
,
"Status": 0,
"Sex": 0,
"PersonalCard": 0,
"Alias": "",
"HeadImgUpdateFlag": 0,
"HeadImgUrl": "",
"Signature": ""
}
,
"ContinueFlag": 0,
"SyncKey": {
"Count": 10,
"List": [{
"Key": 1,
"Val": 644999874
}
,{
"Key": 2,
"Val": 645000678
}
,{
"Key": 3,
"Val": 645000605
}
,{
"Key": 11,
"Val": 645000676
}
,{
"Key": 13,
"Val": 644960002
}
,{
"Key": 201,
"Val": 1473390843
}
,{
"Key": 203,
"Val": 1473390842
}
,{
"Key": 1000,
"Val": 1473380641
}
,{
"Key": 1001,
"Val": 1473380672
}
,{
"Key": 1004,
"Val": 1473345471
}
]
}
,
"SKey": ""
}


2016-09-09 11:14:10,845
window.synccheck={retcode:"0",selector:"2"}

2016-09-09 11:14:11,016
{
"BaseResponse": {
"Ret": 0,
"ErrMsg": ""
}
,
"AddMsgCount": 0,
"AddMsgList": [],
"ModContactCount": 0,
"ModContactList": [],
"DelContactCount": 0,
"DelContactList": [],
"ModChatRoomMemberCount": 0,
"ModChatRoomMemberList": [],
"Profile": {
"BitFlag": 0,
"UserName": {
"Buff": ""
}
,
"NickName": {
"Buff": ""
}
,
"BindUin": 0,
"BindEmail": {
"Buff": ""
}
,
"BindMobile": {
"Buff": ""
}
,
"Status": 0,
"Sex": 0,
"PersonalCard": 0,
"Alias": "",
"HeadImgUpdateFlag": 0,
"HeadImgUrl": "",
"Signature": ""
}
,
"ContinueFlag": 0,
"SyncKey": {
"Count": 10,
"List": [{
"Key": 1,
"Val": 644999874
}
,{
"Key": 2,
"Val": 645000678
}
,{
"Key": 3,
"Val": 645000605
}
,{
"Key": 11,
"Val": 645000676
}
,{
"Key": 13,
"Val": 644960002
}
,{
"Key": 201,
"Val": 1473390843
}
,{
"Key": 203,
"Val": 1473390842
}
,{
"Key": 1000,
"Val": 1473380641
}
,{
"Key": 1001,
"Val": 1473380672
}
,{
"Key": 1004,
"Val": 1473345471
}
]
}
,
"SKey": ""
}


2016-09-09 11:14:11,094
window.synccheck={retcode:"0",selector:"2"}

2016-09-09 11:14:11,235
{
"BaseResponse": {
"Ret": 0,
"ErrMsg": ""
}
,
"AddMsgCount": 0,
"AddMsgList": [],
"ModContactCount": 0,
"ModContactList": [],
"DelContactCount": 0,
"DelContactList": [],
"ModChatRoomMemberCount": 0,
"ModChatRoomMemberList": [],
"Profile": {
"BitFlag": 0,
"UserName": {
"Buff": ""
}
,
"NickName": {
"Buff": ""
}
,
"BindUin": 0,
"BindEmail": {
"Buff": ""
}
,
"BindMobile": {
"Buff": ""
}
,
"Status": 0,
"Sex": 0,
"PersonalCard": 0,
"Alias": "",
"HeadImgUpdateFlag": 0,
"HeadImgUrl": "",
"Signature": ""
}
,
"ContinueFlag": 0,
"SyncKey": {
"Count": 10,
"List": [{
"Key": 1,
"Val": 644999874
}
,{
"Key": 2,
"Val": 645000678
}
,{
"Key": 3,
"Val": 645000605
}
,{
"Key": 11,
"Val": 645000676
}
,{
"Key": 13,
"Val": 644960002
}
,{
"Key": 201,
"Val": 1473390843
}
,{
"Key": 203,
"Val": 1473390842
}
,{
"Key": 1000,
"Val": 1473380641
}
,{
"Key": 1001,
"Val": 1473380672
}
,{
"Key": 1004,
"Val": 1473345471
}
]
}
,
"SKey": ""
}


2016-09-09 11:14:11,297
window.synccheck={retcode:"0",selector:"2"}

2016-09-09 11:14:11,453
{
"BaseResponse": {
"Ret": 0,
"ErrMsg": ""
}
,
"AddMsgCount": 0,
"AddMsgList": [],
"ModContactCount": 0,
"ModContactList": [],
"DelContactCount": 0,
"DelContactList": [],
"ModChatRoomMemberCount": 0,
"ModChatRoomMemberList": [],
"Profile": {
"BitFlag": 0,
"UserName": {
"Buff": ""
}
,
"NickName": {
"Buff": ""
}
,
"BindUin": 0,
"BindEmail": {
"Buff": ""
}
,
"BindMobile": {
"Buff": ""
}
,
"Status": 0,
"Sex": 0,
"PersonalCard": 0,
"Alias": "",
"HeadImgUpdateFlag": 0,
"HeadImgUrl": "",
"Signature": ""
}
,
"ContinueFlag": 0,
"SyncKey": {
"Count": 10,
"List": [{
"Key": 1,
"Val": 644999874
}
,{
"Key": 2,
"Val": 645000678
}
,{
"Key": 3,
"Val": 645000605
}
,{
"Key": 11,
"Val": 645000676
}
,{
"Key": 13,
"Val": 644960002
}
,{
"Key": 201,
"Val": 1473390843
}
,{
"Key": 203,
"Val": 1473390842
}
,{
"Key": 1000,
"Val": 1473380641
}
,{
"Key": 1001,
"Val": 1473380672
}
,{
"Key": 1004,
"Val": 1473345471
}
]
}
,
"SKey": ""
}


2016-09-09 11:14:11,484
window.synccheck={retcode:"0",selector:"2"}

2016-09-09 11:14:11,640
{
"BaseResponse": {
"Ret": 0,
"ErrMsg": ""
}
,
"AddMsgCount": 0,
"AddMsgList": [],
"ModContactCount": 0,
"ModContactList": [],
"DelContactCount": 0,
"DelContactList": [],
"ModChatRoomMemberCount": 0,
"ModChatRoomMemberList": [],
"Profile": {
"BitFlag": 0,
"UserName": {
"Buff": ""
}
,
"NickName": {
"Buff": ""
}
,
"BindUin": 0,
"BindEmail": {
"Buff": ""
}
,
"BindMobile": {
"Buff": ""
}
,
"Status": 0,
"Sex": 0,
"PersonalCard": 0,
"Alias": "",
"HeadImgUpdateFlag": 0,
"HeadImgUrl": "",
"Signature": ""
}
,
"ContinueFlag": 0,
"SyncKey": {
"Count": 10,
"List": [{
"Key": 1,
"Val": 644999874
}
,{
"Key": 2,
"Val": 645000678
}
,{
"Key": 3,
"Val": 645000605
}
,{
"Key": 11,
"Val": 645000676
}
,{
"Key": 13,
"Val": 644960002
}
,{
"Key": 201,
"Val": 1473390843
}
,{
"Key": 203,
"Val": 1473390842
}
,{
"Key": 1000,
"Val": 1473380641
}
,{
"Key": 1001,
"Val": 1473380672
}
,{
"Key": 1004,
"Val": 1473345471
}
]
}
,
"SKey": ""
}


2016-09-09 11:14:11,687
window.synccheck={retcode:"0",selector:"2"}

2016-09-09 11:14:11,859
{
"BaseResponse": {
"Ret": 0,
"ErrMsg": ""
}
,
"AddMsgCount": 1,
"AddMsgList": [{
"MsgId": "516080488061063736",
"FromUserName": "@3deb8b8cb29e59eee15e7946ae7e7c6375cf43514ad16b2b8254ef0b7be445e4",
"ToUserName": "@@5bf7b27adec8486ad9928b5a6f73642bcebaf76b7fb3c0e704b748d8798e069d",
"MsgType": 51,
"Content": "&lt;msg&gt;<br/>&lt;op id='2'&gt;<br/>&lt;username&gt;7342076969@chatroom&lt;/username&gt;<br/>&lt;/op&gt;<br/>&lt;/msg&gt;",
"Status": 3,
"ImgStatus": 1,
"CreateTime": 1473390851,
"VoiceLength": 0,
"PlayLength": 0,
"FileName": "",
"FileSize": "",
"MediaId": "",
"Url": "",
"AppMsgType": 0,
"StatusNotifyCode": 2,
"StatusNotifyUserName": "@@5bf7b27adec8486ad9928b5a6f73642bcebaf76b7fb3c0e704b748d8798e069d",
"RecommendInfo": {
"UserName": "",
"NickName": "",
"QQNum": 0,
"Province": "",
"City": "",
"Content": "",
"Signature": "",
"Alias": "",
"Scene": 0,
"VerifyFlag": 0,
"AttrStatus": 0,
"Sex": 0,
"Ticket": "",
"OpCode": 0
}
,
"ForwardFlag": 0,
"AppInfo": {
"AppID": "",
"Type": 0
}
,
"HasProductId": 0,
"Ticket": "",
"ImgHeight": 0,
"ImgWidth": 0,
"SubMsgType": 0,
"NewMsgId": 516080488061063736
}
],
"ModContactCount": 0,
"ModContactList": [],
"DelContactCount": 0,
"DelContactList": [],
"ModChatRoomMemberCount": 0,
"ModChatRoomMemberList": [],
"Profile": {
"BitFlag": 0,
"UserName": {
"Buff": ""
}
,
"NickName": {
"Buff": ""
}
,
"BindUin": 0,
"BindEmail": {
"Buff": ""
}
,
"BindMobile": {
"Buff": ""
}
,
"Status": 0,
"Sex": 0,
"PersonalCard": 0,
"Alias": "",
"HeadImgUpdateFlag": 0,
"HeadImgUrl": "",
"Signature": ""
}
,
"ContinueFlag": 0,
"SyncKey": {
"Count": 10,
"List": [{
"Key": 1,
"Val": 644999874
}
,{
"Key": 2,
"Val": 645000680
}
,{
"Key": 3,
"Val": 645000605
}
,{
"Key": 11,
"Val": 645000676
}
,{
"Key": 13,
"Val": 644960002
}
,{
"Key": 201,
"Val": 1473390851
}
,{
"Key": 203,
"Val": 1473390842
}
,{
"Key": 1000,
"Val": 1473380641
}
,{
"Key": 1001,
"Val": 1473380672
}
,{
"Key": 1004,
"Val": 1473345471
}
]
}
,
"SKey": ""
}


2016-09-09 11:14:12,670
window.synccheck={retcode:"0",selector:"2"}

2016-09-09 11:14:12,795
{
"BaseResponse": {
"Ret": 0,
"ErrMsg": ""
}
,
"AddMsgCount": 1,
"AddMsgList": [{
"MsgId": "4065112546023650325",
"FromUserName": "@3deb8b8cb29e59eee15e7946ae7e7c6375cf43514ad16b2b8254ef0b7be445e4",
"ToUserName": "@@5bf7b27adec8486ad9928b5a6f73642bcebaf76b7fb3c0e704b748d8798e069d",
"MsgType": 51,
"Content": "&lt;msg&gt;<br/>&lt;op id='5'&gt;<br/>&lt;username&gt;7342076969@chatroom&lt;/username&gt;<br/>&lt;/op&gt;<br/>&lt;/msg&gt;",
"Status": 3,
"ImgStatus": 1,
"CreateTime": 1473390852,
"VoiceLength": 0,
"PlayLength": 0,
"FileName": "",
"FileSize": "",
"MediaId": "",
"Url": "",
"AppMsgType": 0,
"StatusNotifyCode": 5,
"StatusNotifyUserName": "@@5bf7b27adec8486ad9928b5a6f73642bcebaf76b7fb3c0e704b748d8798e069d",
"RecommendInfo": {
"UserName": "",
"NickName": "",
"QQNum": 0,
"Province": "",
"City": "",
"Content": "",
"Signature": "",
"Alias": "",
"Scene": 0,
"VerifyFlag": 0,
"AttrStatus": 0,
"Sex": 0,
"Ticket": "",
"OpCode": 0
}
,
"ForwardFlag": 0,
"AppInfo": {
"AppID": "",
"Type": 0
}
,
"HasProductId": 0,
"Ticket": "",
"ImgHeight": 0,
"ImgWidth": 0,
"SubMsgType": 0,
"NewMsgId": 4065112546023650325
}
],
"ModContactCount": 0,
"ModContactList": [],
"DelContactCount": 0,
"DelContactList": [],
"ModChatRoomMemberCount": 0,
"ModChatRoomMemberList": [],
"Profile": {
"BitFlag": 0,
"UserName": {
"Buff": ""
}
,
"NickName": {
"Buff": ""
}
,
"BindUin": 0,
"BindEmail": {
"Buff": ""
}
,
"BindMobile": {
"Buff": ""
}
,
"Status": 0,
"Sex": 0,
"PersonalCard": 0,
"Alias": "",
"HeadImgUpdateFlag": 0,
"HeadImgUrl": "",
"Signature": ""
}
,
"ContinueFlag": 0,
"SyncKey": {
"Count": 10,
"List": [{
"Key": 1,
"Val": 644999874
}
,{
"Key": 2,
"Val": 645000681
}
,{
"Key": 3,
"Val": 645000605
}
,{
"Key": 11,
"Val": 645000676
}
,{
"Key": 13,
"Val": 644960002
}
,{
"Key": 201,
"Val": 1473390852
}
,{
"Key": 203,
"Val": 1473390842
}
,{
"Key": 1000,
"Val": 1473380641
}
,{
"Key": 1001,
"Val": 1473380672
}
,{
"Key": 1004,
"Val": 1473345471
}
]
}
,
"SKey": ""
}


2016-09-09 11:14:37,864
window.synccheck={retcode:"0",selector:"0"}

2016-09-09 11:15:03,042
window.synccheck={retcode:"0",selector:"0"}

2016-09-09 11:15:28,080
window.synccheck={retcode:"0",selector:"0"}

